0, Client, void main(java.lang.String[])_0, $stack2 = new Client
1, Client, void main(java.lang.String[])_0, specialinvoke $stack2.<Client: void <init>()>()
2, Client, void <init>()_0, specialinvoke this.<java.lang.Object: void <init>()>()
3, Client, void <init>()_0, this.<Client: java.lang.String currentDb> = "test_schema"
4, Client, void <init>()_0, this.<Client: int utf8Charset> = 33
5, Client, void <init>()_0 END, return
6, Client, void main(java.lang.String[])_0, virtualinvoke $stack2.<Client: void testSelectItem()>()
7, Client, void testSelectItem()_0, query = specialinvoke this.<Client: com.alibaba.druid.sql.dialect.mysql.ast.statement.MySqlSelectQueryBlock getQuery(java.lang.String)>("select sum(col1) from table1 where a >1 ")
8, Client, com.alibaba.druid.sql.dialect.mysql.ast.statement.MySqlSelectQueryBlock getQuery(java.lang.String)_0, select = specialinvoke this.<Client: com.alibaba.druid.sql.ast.statement.SQLSelect getSelect(java.lang.String)>(sql)
9, Client, com.alibaba.druid.sql.ast.statement.SQLSelect getSelect(java.lang.String)_0, stament = specialinvoke this.<Client: com.alibaba.druid.sql.ast.statement.SQLSelectStatement getSelectStatement(java.lang.String)>(sql)
10, Client, com.alibaba.druid.sql.ast.statement.SQLSelectStatement getSelectStatement(java.lang.String)_0, $stack3 = new com.alibaba.druid.sql.dialect.mysql.parser.MySqlStatementParser
11, Client, com.alibaba.druid.sql.ast.statement.SQLSelectStatement getSelectStatement(java.lang.String)_0, specialinvoke $stack3.<com.alibaba.druid.sql.dialect.mysql.parser.MySqlStatementParser: void <init>(java.lang.String)>(sql)
1935, com.alibaba.druid.sql.parser.Token, void <clinit>()_0, <com.alibaba.druid.sql.parser.Token: com.alibaba.druid.sql.parser.Token HAVING>_{1935} = Func_0_1935({stack5_{1930}})
1959, com.alibaba.druid.sql.parser.Token, void <clinit>()_0, <com.alibaba.druid.sql.parser.Token: com.alibaba.druid.sql.parser.Token GROUP>_{1959} = Func_0_1959({stack9_{1954}})
2181, com.alibaba.druid.sql.parser.Token, void <clinit>()_0, <com.alibaba.druid.sql.parser.Token: com.alibaba.druid.sql.parser.Token INNER>_{2181} = Func_0_2181({stack46_{2176}})
2187, com.alibaba.druid.sql.parser.Token, void <clinit>()_0, <com.alibaba.druid.sql.parser.Token: com.alibaba.druid.sql.parser.Token LEFT>_{2187} = Func_0_2187({stack47_{2182}})
2193, com.alibaba.druid.sql.parser.Token, void <clinit>()_0, <com.alibaba.druid.sql.parser.Token: com.alibaba.druid.sql.parser.Token RIGHT>_{2193} = Func_0_2193({stack48_{2188}})
2199, com.alibaba.druid.sql.parser.Token, void <clinit>()_0, <com.alibaba.druid.sql.parser.Token: com.alibaba.druid.sql.parser.Token FULL>_{2199} = Func_0_2199({stack49_{2194}})
2205, com.alibaba.druid.sql.parser.Token, void <clinit>()_0, <com.alibaba.druid.sql.parser.Token: com.alibaba.druid.sql.parser.Token OUTER>_{2205} = Func_0_2205({stack50_{2200}})
2211, com.alibaba.druid.sql.parser.Token, void <clinit>()_0, <com.alibaba.druid.sql.parser.Token: com.alibaba.druid.sql.parser.Token JOIN>_{2211} = Func_0_2211({stack51_{2206}})
2451, com.alibaba.druid.sql.parser.Token, void <clinit>()_0, <com.alibaba.druid.sql.parser.Token: com.alibaba.druid.sql.parser.Token IDENTIFIED>_{2451} = Func_0_2451({stack91_{2446}})
3121, com.alibaba.druid.sql.parser.Token, void <clinit>()_0, <com.alibaba.druid.sql.parser.Token: com.alibaba.druid.sql.parser.Token EOF>_{3121} = Func_0_3121({<com.alibaba.druid.sql.parser.Token: com.alibaba.druid.sql.parser.Token EOF>_{3121}})
3137, com.alibaba.druid.sql.parser.Token, void <clinit>()_0, <com.alibaba.druid.sql.parser.Token: com.alibaba.druid.sql.parser.Token IDENTIFIER>_{3137} = Func_0_3137({<com.alibaba.druid.sql.parser.Token: com.alibaba.druid.sql.parser.Token IDENTIFIER>_{3137}})
3185, com.alibaba.druid.sql.parser.Token, void <clinit>()_0, <com.alibaba.druid.sql.parser.Token: com.alibaba.druid.sql.parser.Token LITERAL_CHARS>_{3185} = Func_0_3185({<com.alibaba.druid.sql.parser.Token: com.alibaba.druid.sql.parser.Token LITERAL_CHARS>_{3185}})
3201, com.alibaba.druid.sql.parser.Token, void <clinit>()_0, <com.alibaba.druid.sql.parser.Token: com.alibaba.druid.sql.parser.Token LITERAL_ALIAS>_{3201} = Func_0_3201({<com.alibaba.druid.sql.parser.Token: com.alibaba.druid.sql.parser.Token LITERAL_ALIAS>_{3201}})
3377, com.alibaba.druid.sql.parser.Token, void <clinit>()_0, <com.alibaba.druid.sql.parser.Token: com.alibaba.druid.sql.parser.Token COMMA>_{3377} = Func_0_3377({stack239_{3372}})
37421, com.alibaba.druid.sql.parser.Keywords, void <init>(java.util.Map)_2, this.<com.alibaba.druid.sql.parser.Keywords: long[] hashArray>_{37421} = Func_0_37421({stack4_{37359}, stack58_{2248}, stack48_{2188}, stack63_{2278}, stack36_{2116}, stack22_{2032}, stack163_{2880}, stack161_{2868}, stack53_{2218}, stack39_{2134}, stack45_{2170}, stack49_{2194}, stack197_{3084}, stack13_{1978}, stack20_{2020}, stack172_{2934}, stack83_{2398}, stack99_{2496}, stack46_{2176}, stack54_{2224}, stack11_{1966}, stack102_{2514}, stack84_{2404}, stack69_{2314}, stack33_{2098}, stack6_{1936}, stack21_{2026}, stack37_{2122}, stack104_{2526}, stack47_{2182}, stack143_{4431}, stack43_{2158}, stack51_{2206}, stack110_{2562}, stack198_{3090}, stack71_{2326}, stack72_{2332}, stack78_{2368}, stack30_{2080}, stack196_{3078}, stack60_{2260}, stack19_{2014}, stack76_{2356}, stack61_{2266}, stack100_{2502}, stack89_{2434}, stack131_{2688}, stack32_{2092}, stack14_{1984}, stack29_{2074}, stack74_{2344}, stack27_{2062}, stack52_{2212}, stack18_{2008}, stack23_{2038}, stack162_{2874}, stack24_{2044}, stack91_{2446}, stack75_{2350}, stack44_{2164}, stack3_{1918}, stack101_{2508}, stack148_{2790}, stack112_{2574}, stack5_{1930}, stack173_{2940}, stack85_{2410}, stack103_{2520}, stack79_{2374}, stack25_{2050}, stack56_{2236}, stack137_{2724}, stack8_{1948}, stack94_{2464}, stack50_{2200}, stack68_{2308}, stack41_{2146}, stack138_{2730}, stack229_{3312}, stack106_{2538}, stack107_{2544}, stack42_{2152}, stack15_{1990}, stack77_{2362}, <com.alibaba.druid.sql.parser.Token: com.alibaba.druid.sql.parser.Token PARTITION>_{3241}, stack121_{2628}, stack17_{2002}, stack62_{2272}, stack2_{1893}, stack113_{2580}, stack153_{2820}, stack2_{1896}, stack59_{2254}, stack144_{2766}, stack16_{1996}, stack146_{2778}, stack111_{2568}, stack28_{2068}, stack87_{2422}, stack2_{1912}, stack57_{2242}, stack9_{1954}, stack95_{2470}, stack82_{2392}, stack1_{1906}, stack38_{2128}, stack88_{2428}, stack159_{2856}, stack35_{2110}, stack4_{1924}, stack116_{2598}, stack108_{2550}, stack65_{2290}, stack0_{1900}, stack55_{2230}, stack90_{2440}, stack105_{2532}, stack96_{2476}, stack31_{2086}, stack81_{2386}, stack64_{2284}, stack189_{3036}, stack12_{1972}, stack7_{1942}, stack70_{2320}, stack67_{2302}, stack34_{2104}, stack10_{1960}, stack97_{2482}})
37424, com.alibaba.druid.sql.parser.Keywords, void <init>(java.util.Map)_2, this.<com.alibaba.druid.sql.parser.Keywords: com.alibaba.druid.sql.parser.Token[] tokens>_{37424} = Func_0_37424({stack4_{37359}, stack58_{2248}, stack48_{2188}, stack63_{2278}, stack36_{2116}, stack22_{2032}, stack163_{2880}, stack161_{2868}, stack53_{2218}, stack39_{2134}, stack45_{2170}, stack49_{2194}, stack197_{3084}, stack13_{1978}, stack20_{2020}, stack172_{2934}, stack83_{2398}, stack99_{2496}, stack46_{2176}, stack54_{2224}, stack11_{1966}, stack102_{2514}, stack84_{2404}, stack69_{2314}, stack33_{2098}, stack6_{1936}, stack21_{2026}, stack37_{2122}, stack104_{2526}, stack47_{2182}, stack143_{4431}, stack43_{2158}, stack51_{2206}, stack110_{2562}, stack198_{3090}, stack71_{2326}, stack72_{2332}, stack78_{2368}, stack30_{2080}, stack196_{3078}, stack60_{2260}, stack19_{2014}, stack76_{2356}, stack61_{2266}, stack100_{2502}, stack89_{2434}, stack131_{2688}, stack32_{2092}, stack14_{1984}, stack29_{2074}, stack74_{2344}, stack27_{2062}, stack52_{2212}, stack18_{2008}, stack23_{2038}, stack162_{2874}, stack24_{2044}, stack91_{2446}, stack75_{2350}, stack44_{2164}, stack3_{1918}, stack101_{2508}, stack148_{2790}, stack112_{2574}, stack5_{1930}, stack173_{2940}, stack85_{2410}, stack103_{2520}, stack79_{2374}, stack25_{2050}, stack56_{2236}, stack137_{2724}, stack8_{1948}, stack94_{2464}, stack50_{2200}, stack68_{2308}, stack41_{2146}, stack138_{2730}, stack229_{3312}, stack106_{2538}, stack107_{2544}, stack42_{2152}, stack15_{1990}, stack77_{2362}, <com.alibaba.druid.sql.parser.Token: com.alibaba.druid.sql.parser.Token PARTITION>_{3241}, stack121_{2628}, stack17_{2002}, stack62_{2272}, stack2_{1893}, stack113_{2580}, stack153_{2820}, stack2_{1896}, stack59_{2254}, stack144_{2766}, stack16_{1996}, stack146_{2778}, stack111_{2568}, stack28_{2068}, stack87_{2422}, stack2_{1912}, stack57_{2242}, stack9_{1954}, stack95_{2470}, stack82_{2392}, stack1_{1906}, stack38_{2128}, stack88_{2428}, stack159_{2856}, stack35_{2110}, stack4_{1924}, stack116_{2598}, stack108_{2550}, stack65_{2290}, stack0_{1900}, stack55_{2230}, stack90_{2440}, stack105_{2532}, stack96_{2476}, stack31_{2086}, stack81_{2386}, stack64_{2284}, stack189_{3036}, stack12_{1972}, stack7_{1942}, stack70_{2320}, stack67_{2302}, stack34_{2104}, stack10_{1960}, stack97_{2482}})
60978, com.alibaba.druid.sql.parser.Lexer, void <init>(java.lang.String;boolean)_0, this.<com.alibaba.druid.sql.parser.Lexer: java.lang.String text>_{60978} = Func_0_60978({this.<com.alibaba.druid.sql.parser.Lexer: java.lang.String text>_{60978}})
61002, com.alibaba.druid.sql.parser.SQLParser, void <init>(com.alibaba.druid.sql.parser.Lexer;java.lang.String)_0, this.<com.alibaba.druid.sql.parser.SQLParser: com.alibaba.druid.sql.parser.Lexer lexer>_{61002} = Func_0_61002(set())
61011, com.alibaba.druid.sql.dialect.mysql.parser.MySqlExprParser, void <init>(com.alibaba.druid.sql.parser.Lexer)_0, this.<com.alibaba.druid.sql.dialect.mysql.parser.MySqlExprParser: java.lang.String[] aggregateFunctions>_{61011} = Func_0_61011({hashCode_{1216}, stack8[2]_{749}, i_{811}, stack8[0]_{747}, i_{1085}, i_{1217}, hashCode_{1132}, hashCode_{882}, hashCode_{762}, stack8[4]_{751}, hashCode_{1036}, i_{1133}, stack8[6]_{753}, i_{883}, i_{757}, i_{763}, stack8[1]_{748}, stack8_{746}, hashCode_{810}, i_{1037}, stack8[5]_{752}, stack8[3]_{750}, hashCode_{1084}})
61013, com.alibaba.druid.sql.dialect.mysql.parser.MySqlExprParser, void <init>(com.alibaba.druid.sql.parser.Lexer)_0, this.<com.alibaba.druid.sql.dialect.mysql.parser.MySqlExprParser: long[] aggregateFunctionHashCodes>_{61013} = Func_0_61013({hashCode_{1216}, stack8[2]_{749}, i_{811}, stack8[0]_{747}, i_{1085}, i_{1217}, hashCode_{1132}, hashCode_{882}, hashCode_{762}, stack8[4]_{751}, hashCode_{1036}, i_{1133}, stack8[6]_{753}, i_{883}, i_{757}, i_{763}, stack8[1]_{748}, stack8_{746}, hashCode_{810}, i_{1037}, stack8[5]_{752}, stack8[3]_{750}, hashCode_{1084}})
72283, com.alibaba.druid.sql.dialect.mysql.parser.MySqlLexer, void scanIdentifier()_0, this.<com.alibaba.druid.sql.dialect.mysql.parser.MySqlLexer: int pos>_{72283} = Func_0_72283({this.<com.alibaba.druid.sql.parser.Lexer: int pos>_{60979}})
72351, Client, com.alibaba.druid.sql.ast.statement.SQLSelectStatement getSelectStatement(java.lang.String)_0, $stack4 = virtualinvoke $stack3.<com.alibaba.druid.sql.parser.SQLStatementParser: com.alibaba.druid.sql.ast.SQLStatement parseStatement()>()
72372, com.alibaba.druid.sql.parser.SQLParser, void <init>(com.alibaba.druid.sql.parser.Lexer;java.lang.String)_2, this.<com.alibaba.druid.sql.parser.SQLParser: com.alibaba.druid.sql.parser.Lexer lexer>_{72372} = Func_1_72372({this.<com.alibaba.druid.sql.parser.SQLParser: com.alibaba.druid.sql.parser.Lexer lexer>_{61002}})
72407, com.alibaba.druid.sql.ast.statement.SQLSelectQueryBlock, void <init>()_0, this.<com.alibaba.druid.sql.ast.statement.SQLSelectQueryBlock: boolean bracket> = 0
72410, com.alibaba.druid.sql.ast.statement.SQLSelectQueryBlock, void <init>()_0, this.<com.alibaba.druid.sql.ast.statement.SQLSelectQueryBlock: java.util.List selectList>_{72410} = Func_2_72410({stack1_{72408}})
73153, com.alibaba.druid.util.FnvHash$Constants, void <clinit>()_0, <com.alibaba.druid.util.FnvHashConstants: long STRAIGHT_JOIN>_{73153} = Func_2_73153({hashCode_{72994}, i_{72995}})
74854, com.alibaba.druid.util.FnvHash$Constants, void <clinit>()_0, <com.alibaba.druid.util.FnvHashConstants: long CROSS>_{74854} = Func_2_74854({hashCode_{74789}, i_{74790}})
74945, com.alibaba.druid.util.FnvHash$Constants, void <clinit>()_0, <com.alibaba.druid.util.FnvHashConstants: long NATURAL>_{74945} = Func_2_74945({hashCode_{74856}, i_{74857}})
82165, com.alibaba.druid.util.FnvHash$Constants, void <clinit>()_0, <com.alibaba.druid.util.FnvHashConstants: long POSITION>_{82165} = Func_2_82165({hashCode_{82064}, i_{82065}})
96476, com.alibaba.druid.util.FnvHash$Constants, void <clinit>()_0, <com.alibaba.druid.util.FnvHashConstants: long INT4>_{96476} = Func_2_96476({hashCode_{96426}, i_{96427}})
96555, com.alibaba.druid.util.FnvHash$Constants, void <clinit>()_0, <com.alibaba.druid.util.FnvHashConstants: long VARBIT>_{96555} = Func_2_96555({hashCode_{96478}, i_{96479}})
100902, com.alibaba.druid.sql.dialect.mysql.parser.MySqlLexer, void scanIdentifier()_2, this.<com.alibaba.druid.sql.dialect.mysql.parser.MySqlLexer: int pos>_{100902} = Func_2_100902({this.<com.alibaba.druid.sql.dialect.mysql.parser.MySqlLexer: int pos>_{72283}})
100995, com.alibaba.druid.sql.ast.expr.SQLIdentifierExpr, long nameHashCode64()_0 END, stack1_{100995} = Func_2_100995({this.<com.alibaba.druid.sql.dialect.mysql.parser.MySqlLexer: long hash_lower>_{72507}, this.<com.alibaba.druid.sql.dialect.mysql.parser.MySqlLexer: int pos>_{72283}, this.<com.alibaba.druid.sql.parser.Lexer: java.lang.String text>_{60978}})
101005, com.alibaba.druid.sql.parser.SQLExprParser, com.alibaba.druid.sql.ast.SQLExpr methodRest(com.alibaba.druid.sql.ast.SQLExpr;boolean)_0, $stack123 = <com.alibaba.druid.util.FnvHash$Constants: long POSITION>
101006, com.alibaba.druid.sql.parser.SQLExprParser, com.alibaba.druid.sql.ast.SQLExpr methodRest(com.alibaba.druid.sql.ast.SQLExpr;boolean)_0, $stack124 = hash_lower cmp $stack123
101007, com.alibaba.druid.sql.parser.SQLExprParser, com.alibaba.druid.sql.ast.SQLExpr methodRest(com.alibaba.druid.sql.ast.SQLExpr;boolean)_0, if $stack124 != 0 goto $stack125 = <com.alibaba.druid.util.FnvHash$Constants: long INT4>
101008, com.alibaba.druid.sql.parser.SQLExprParser, com.alibaba.druid.sql.ast.SQLExpr methodRest(com.alibaba.druid.sql.ast.SQLExpr;boolean)_0, $stack125 = <com.alibaba.druid.util.FnvHash$Constants: long INT4>
101009, com.alibaba.druid.sql.parser.SQLExprParser, com.alibaba.druid.sql.ast.SQLExpr methodRest(com.alibaba.druid.sql.ast.SQLExpr;boolean)_0, $stack126 = hash_lower cmp $stack125
101010, com.alibaba.druid.sql.parser.SQLExprParser, com.alibaba.druid.sql.ast.SQLExpr methodRest(com.alibaba.druid.sql.ast.SQLExpr;boolean)_0, if $stack126 != 0 goto $stack127 = <com.alibaba.druid.util.FnvHash$Constants: long VARBIT>
101011, com.alibaba.druid.sql.parser.SQLExprParser, com.alibaba.druid.sql.ast.SQLExpr methodRest(com.alibaba.druid.sql.ast.SQLExpr;boolean)_0, $stack127 = <com.alibaba.druid.util.FnvHash$Constants: long VARBIT>
101012, com.alibaba.druid.sql.parser.SQLExprParser, com.alibaba.druid.sql.ast.SQLExpr methodRest(com.alibaba.druid.sql.ast.SQLExpr;boolean)_0, $stack128 = hash_lower cmp $stack127
101013, com.alibaba.druid.sql.parser.SQLExprParser, com.alibaba.druid.sql.ast.SQLExpr methodRest(com.alibaba.druid.sql.ast.SQLExpr;boolean)_0, if $stack128 != 0 goto aggMethodName = virtualinvoke this.<com.alibaba.druid.sql.parser.SQLExprParser: java.lang.String getAggreateFunction(long)>(hash_lower)
101020, com.alibaba.druid.sql.parser.SQLExprParser, java.lang.String getAggreateFunction(long)_0 END, stack7_{101020} = Func_3_101020({stack1_{100995}, this.<com.alibaba.druid.sql.dialect.mysql.parser.MySqlExprParser: java.lang.String[] aggregateFunctions>_{61011}, this.<com.alibaba.druid.sql.dialect.mysql.parser.MySqlExprParser: long[] aggregateFunctionHashCodes>_{61013}})
101023, com.alibaba.druid.sql.parser.SQLExprParser, com.alibaba.druid.sql.ast.SQLExpr methodRest(com.alibaba.druid.sql.ast.SQLExpr;boolean)_0, identifierExpr#20 = virtualinvoke this.<com.alibaba.druid.sql.parser.SQLExprParser: com.alibaba.druid.sql.ast.expr.SQLAggregateExpr parseAggregateExpr(java.lang.String)>(aggMethodName)
101054, com.alibaba.druid.sql.ast.expr.SQLAggregateExpr, void <init>(java.lang.String)_0, $stack2 = new java.util.ArrayList
101055, com.alibaba.druid.sql.ast.expr.SQLAggregateExpr, void <init>(java.lang.String)_0, specialinvoke $stack2.<java.util.ArrayList: void <init>()>()
101056, com.alibaba.druid.sql.ast.expr.SQLAggregateExpr, void <init>(java.lang.String)_0, this.<com.alibaba.druid.sql.ast.expr.SQLAggregateExpr: java.util.List arguments> = $stack2
101059, com.alibaba.druid.sql.ast.expr.SQLAggregateExpr, void <init>(java.lang.String)_0, this.<com.alibaba.druid.sql.ast.expr.SQLAggregateExpr: java.lang.String methodName>_{101059} = Func_5_101059({stack7_{101020}})
101063, com.alibaba.druid.sql.ast.expr.SQLAggregateExpr, java.util.List getArguments()_0, $stack1 = this.<com.alibaba.druid.sql.ast.expr.SQLAggregateExpr: java.util.List arguments>
101064, com.alibaba.druid.sql.ast.expr.SQLAggregateExpr, java.util.List getArguments()_0 END, return $stack1
103412, com.alibaba.druid.sql.dialect.mysql.parser.MySqlLexer, void scanIdentifier()_4, this.<com.alibaba.druid.sql.dialect.mysql.parser.MySqlLexer: int pos>_{103412} = Func_6_103412({this.<com.alibaba.druid.sql.dialect.mysql.parser.MySqlLexer: int pos>_{100902}})
103449, com.alibaba.druid.sql.dialect.mysql.parser.MySqlLexer, void scanIdentifier()_4, this.<com.alibaba.druid.sql.dialect.mysql.parser.MySqlLexer: com.alibaba.druid.sql.parser.Token token>_{103449} = Func_6_103449({<com.alibaba.druid.sql.parser.Token: com.alibaba.druid.sql.parser.Token IDENTIFIER>_{3137}})
103513, com.alibaba.druid.sql.parser.SQLSelectParser, void parseTableSourceQueryTableExpr(com.alibaba.druid.sql.ast.statement.SQLExprTableSource)_0, $stack2 = this.<com.alibaba.druid.sql.parser.SQLSelectParser: com.alibaba.druid.sql.parser.Lexer lexer>
103514, com.alibaba.druid.sql.parser.SQLSelectParser, void parseTableSourceQueryTableExpr(com.alibaba.druid.sql.ast.statement.SQLExprTableSource)_0, $stack4 = $stack2.<com.alibaba.druid.sql.parser.Lexer: com.alibaba.druid.sql.parser.Token token>
103515, com.alibaba.druid.sql.parser.SQLSelectParser, void parseTableSourceQueryTableExpr(com.alibaba.druid.sql.ast.statement.SQLExprTableSource)_0, $stack3 = <com.alibaba.druid.sql.parser.Token: com.alibaba.druid.sql.parser.Token LITERAL_ALIAS>
103516, com.alibaba.druid.sql.parser.SQLSelectParser, void parseTableSourceQueryTableExpr(com.alibaba.druid.sql.ast.statement.SQLExprTableSource)_0, if $stack4 == $stack3 goto $stack5 = this.<com.alibaba.druid.sql.parser.SQLSelectParser: com.alibaba.druid.sql.parser.SQLExprParser exprParser>
103517, com.alibaba.druid.sql.parser.SQLSelectParser, void parseTableSourceQueryTableExpr(com.alibaba.druid.sql.ast.statement.SQLExprTableSource)_0, $stack7 = this.<com.alibaba.druid.sql.parser.SQLSelectParser: com.alibaba.druid.sql.parser.Lexer lexer>
103518, com.alibaba.druid.sql.parser.SQLSelectParser, void parseTableSourceQueryTableExpr(com.alibaba.druid.sql.ast.statement.SQLExprTableSource)_0, $stack9 = $stack7.<com.alibaba.druid.sql.parser.Lexer: com.alibaba.druid.sql.parser.Token token>
103519, com.alibaba.druid.sql.parser.SQLSelectParser, void parseTableSourceQueryTableExpr(com.alibaba.druid.sql.ast.statement.SQLExprTableSource)_0, $stack8 = <com.alibaba.druid.sql.parser.Token: com.alibaba.druid.sql.parser.Token IDENTIFIED>
103520, com.alibaba.druid.sql.parser.SQLSelectParser, void parseTableSourceQueryTableExpr(com.alibaba.druid.sql.ast.statement.SQLExprTableSource)_0, if $stack9 == $stack8 goto $stack5 = this.<com.alibaba.druid.sql.parser.SQLSelectParser: com.alibaba.druid.sql.parser.SQLExprParser exprParser>
103521, com.alibaba.druid.sql.parser.SQLSelectParser, void parseTableSourceQueryTableExpr(com.alibaba.druid.sql.ast.statement.SQLExprTableSource)_0, $stack12 = this.<com.alibaba.druid.sql.parser.SQLSelectParser: com.alibaba.druid.sql.parser.Lexer lexer>
103522, com.alibaba.druid.sql.parser.SQLSelectParser, void parseTableSourceQueryTableExpr(com.alibaba.druid.sql.ast.statement.SQLExprTableSource)_0, $stack14 = $stack12.<com.alibaba.druid.sql.parser.Lexer: com.alibaba.druid.sql.parser.Token token>
103523, com.alibaba.druid.sql.parser.SQLSelectParser, void parseTableSourceQueryTableExpr(com.alibaba.druid.sql.ast.statement.SQLExprTableSource)_0, $stack13 = <com.alibaba.druid.sql.parser.Token: com.alibaba.druid.sql.parser.Token LITERAL_CHARS>
103524, com.alibaba.druid.sql.parser.SQLSelectParser, void parseTableSourceQueryTableExpr(com.alibaba.druid.sql.ast.statement.SQLExprTableSource)_0, if $stack14 != $stack13 goto $stack15 = virtualinvoke this.<com.alibaba.druid.sql.parser.SQLSelectParser: com.alibaba.druid.sql.ast.SQLExpr expr()>()
103891, com.alibaba.druid.sql.dialect.mysql.parser.MySqlLexer, void scanIdentifier()_5, this.<com.alibaba.druid.sql.dialect.mysql.parser.MySqlLexer: com.alibaba.druid.sql.parser.Token token>_{103891} = Func_7_103891({this.<com.alibaba.druid.sql.dialect.mysql.parser.MySqlLexer: int pos>_{103412}, this.<com.alibaba.druid.sql.dialect.mysql.parser.MySqlLexer: long hash_lower>_{103670}, this.<com.alibaba.druid.sql.parser.Keywords: com.alibaba.druid.sql.parser.Token[] tokens>_{37424}, this.<com.alibaba.druid.sql.parser.Lexer: java.lang.String text>_{60978}, this.<com.alibaba.druid.sql.parser.Keywords: long[] hashArray>_{37421}})
104193, com.alibaba.druid.sql.parser.SQLSelectParser, com.alibaba.druid.sql.ast.statement.SQLTableSource parseTableSourceRest(com.alibaba.druid.sql.ast.statement.SQLTableSource)_0, $stack12 = this.<com.alibaba.druid.sql.parser.SQLSelectParser: com.alibaba.druid.sql.parser.Lexer lexer>
104194, com.alibaba.druid.sql.parser.SQLSelectParser, com.alibaba.druid.sql.ast.statement.SQLTableSource parseTableSourceRest(com.alibaba.druid.sql.ast.statement.SQLTableSource)_0, $stack11 = <com.alibaba.druid.util.FnvHash$Constants: long NATURAL>
104195, com.alibaba.druid.sql.parser.SQLSelectParser, com.alibaba.druid.sql.ast.statement.SQLTableSource parseTableSourceRest(com.alibaba.druid.sql.ast.statement.SQLTableSource)_0, $stack13 = virtualinvoke $stack12.<com.alibaba.druid.sql.parser.Lexer: boolean identifierEquals(long)>($stack11)
104199, com.alibaba.druid.sql.parser.Lexer, boolean identifierEquals(long)_22 END, 0_{104199} = Func_10_104199({0_{104199}})
104200, com.alibaba.druid.sql.parser.SQLSelectParser, com.alibaba.druid.sql.ast.statement.SQLTableSource parseTableSourceRest(com.alibaba.druid.sql.ast.statement.SQLTableSource)_0, if $stack13 == 0 goto $stack215 = 0
104201, com.alibaba.druid.sql.parser.SQLSelectParser, com.alibaba.druid.sql.ast.statement.SQLTableSource parseTableSourceRest(com.alibaba.druid.sql.ast.statement.SQLTableSource)_0, $stack215 = 0
104202, com.alibaba.druid.sql.parser.SQLSelectParser, com.alibaba.druid.sql.ast.statement.SQLTableSource parseTableSourceRest(com.alibaba.druid.sql.ast.statement.SQLTableSource)_0, hash#16 = $stack215
104204, com.alibaba.druid.sql.parser.SQLSelectParser, com.alibaba.druid.sql.ast.statement.SQLTableSource parseTableSourceRest(com.alibaba.druid.sql.ast.statement.SQLTableSource)_0, $stack14 = this.<com.alibaba.druid.sql.parser.SQLSelectParser: com.alibaba.druid.sql.parser.Lexer lexer>
104205, com.alibaba.druid.sql.parser.SQLSelectParser, com.alibaba.druid.sql.ast.statement.SQLTableSource parseTableSourceRest(com.alibaba.druid.sql.ast.statement.SQLTableSource)_0, $stack16 = $stack14.<com.alibaba.druid.sql.parser.Lexer: com.alibaba.druid.sql.parser.Token token>
104206, com.alibaba.druid.sql.parser.SQLSelectParser, com.alibaba.druid.sql.ast.statement.SQLTableSource parseTableSourceRest(com.alibaba.druid.sql.ast.statement.SQLTableSource)_0, $stack15 = <com.alibaba.druid.sql.parser.Token: com.alibaba.druid.sql.parser.Token LEFT>
104207, com.alibaba.druid.sql.parser.SQLSelectParser, com.alibaba.druid.sql.ast.statement.SQLTableSource parseTableSourceRest(com.alibaba.druid.sql.ast.statement.SQLTableSource)_0, if $stack16 != $stack15 goto $stack17 = this.<com.alibaba.druid.sql.parser.SQLSelectParser: com.alibaba.druid.sql.parser.Lexer lexer>
104208, com.alibaba.druid.sql.parser.SQLSelectParser, com.alibaba.druid.sql.ast.statement.SQLTableSource parseTableSourceRest(com.alibaba.druid.sql.ast.statement.SQLTableSource)_0, $stack17 = this.<com.alibaba.druid.sql.parser.SQLSelectParser: com.alibaba.druid.sql.parser.Lexer lexer>
104209, com.alibaba.druid.sql.parser.SQLSelectParser, com.alibaba.druid.sql.ast.statement.SQLTableSource parseTableSourceRest(com.alibaba.druid.sql.ast.statement.SQLTableSource)_0, $stack19 = $stack17.<com.alibaba.druid.sql.parser.Lexer: com.alibaba.druid.sql.parser.Token token>
104210, com.alibaba.druid.sql.parser.SQLSelectParser, com.alibaba.druid.sql.ast.statement.SQLTableSource parseTableSourceRest(com.alibaba.druid.sql.ast.statement.SQLTableSource)_0, $stack18 = <com.alibaba.druid.sql.parser.Token: com.alibaba.druid.sql.parser.Token RIGHT>
104211, com.alibaba.druid.sql.parser.SQLSelectParser, com.alibaba.druid.sql.ast.statement.SQLTableSource parseTableSourceRest(com.alibaba.druid.sql.ast.statement.SQLTableSource)_0, if $stack19 != $stack18 goto $stack20 = this.<com.alibaba.druid.sql.parser.SQLSelectParser: com.alibaba.druid.sql.parser.Lexer lexer>
104212, com.alibaba.druid.sql.parser.SQLSelectParser, com.alibaba.druid.sql.ast.statement.SQLTableSource parseTableSourceRest(com.alibaba.druid.sql.ast.statement.SQLTableSource)_0, $stack20 = this.<com.alibaba.druid.sql.parser.SQLSelectParser: com.alibaba.druid.sql.parser.Lexer lexer>
104213, com.alibaba.druid.sql.parser.SQLSelectParser, com.alibaba.druid.sql.ast.statement.SQLTableSource parseTableSourceRest(com.alibaba.druid.sql.ast.statement.SQLTableSource)_0, $stack22 = $stack20.<com.alibaba.druid.sql.parser.Lexer: com.alibaba.druid.sql.parser.Token token>
104214, com.alibaba.druid.sql.parser.SQLSelectParser, com.alibaba.druid.sql.ast.statement.SQLTableSource parseTableSourceRest(com.alibaba.druid.sql.ast.statement.SQLTableSource)_0, $stack21 = <com.alibaba.druid.sql.parser.Token: com.alibaba.druid.sql.parser.Token FULL>
104215, com.alibaba.druid.sql.parser.SQLSelectParser, com.alibaba.druid.sql.ast.statement.SQLTableSource parseTableSourceRest(com.alibaba.druid.sql.ast.statement.SQLTableSource)_0, if $stack22 != $stack21 goto $stack23 = this.<com.alibaba.druid.sql.parser.SQLSelectParser: com.alibaba.druid.sql.parser.Lexer lexer>
104216, com.alibaba.druid.sql.parser.SQLSelectParser, com.alibaba.druid.sql.ast.statement.SQLTableSource parseTableSourceRest(com.alibaba.druid.sql.ast.statement.SQLTableSource)_0, $stack23 = this.<com.alibaba.druid.sql.parser.SQLSelectParser: com.alibaba.druid.sql.parser.Lexer lexer>
104217, com.alibaba.druid.sql.parser.SQLSelectParser, com.alibaba.druid.sql.ast.statement.SQLTableSource parseTableSourceRest(com.alibaba.druid.sql.ast.statement.SQLTableSource)_0, $stack25 = $stack23.<com.alibaba.druid.sql.parser.Lexer: com.alibaba.druid.sql.parser.Token token>
104218, com.alibaba.druid.sql.parser.SQLSelectParser, com.alibaba.druid.sql.ast.statement.SQLTableSource parseTableSourceRest(com.alibaba.druid.sql.ast.statement.SQLTableSource)_0, $stack24 = <com.alibaba.druid.sql.parser.Token: com.alibaba.druid.sql.parser.Token INNER>
104219, com.alibaba.druid.sql.parser.SQLSelectParser, com.alibaba.druid.sql.ast.statement.SQLTableSource parseTableSourceRest(com.alibaba.druid.sql.ast.statement.SQLTableSource)_0, if $stack25 != $stack24 goto $stack26 = this.<com.alibaba.druid.sql.parser.SQLSelectParser: com.alibaba.druid.sql.parser.Lexer lexer>
104220, com.alibaba.druid.sql.parser.SQLSelectParser, com.alibaba.druid.sql.ast.statement.SQLTableSource parseTableSourceRest(com.alibaba.druid.sql.ast.statement.SQLTableSource)_0, $stack26 = this.<com.alibaba.druid.sql.parser.SQLSelectParser: com.alibaba.druid.sql.parser.Lexer lexer>
104221, com.alibaba.druid.sql.parser.SQLSelectParser, com.alibaba.druid.sql.ast.statement.SQLTableSource parseTableSourceRest(com.alibaba.druid.sql.ast.statement.SQLTableSource)_0, $stack28 = $stack26.<com.alibaba.druid.sql.parser.Lexer: com.alibaba.druid.sql.parser.Token token>
104222, com.alibaba.druid.sql.parser.SQLSelectParser, com.alibaba.druid.sql.ast.statement.SQLTableSource parseTableSourceRest(com.alibaba.druid.sql.ast.statement.SQLTableSource)_0, $stack27 = <com.alibaba.druid.sql.parser.Token: com.alibaba.druid.sql.parser.Token JOIN>
104223, com.alibaba.druid.sql.parser.SQLSelectParser, com.alibaba.druid.sql.ast.statement.SQLTableSource parseTableSourceRest(com.alibaba.druid.sql.ast.statement.SQLTableSource)_0, if $stack28 != $stack27 goto $stack29 = this.<com.alibaba.druid.sql.parser.SQLSelectParser: com.alibaba.druid.sql.parser.Lexer lexer>
104224, com.alibaba.druid.sql.parser.SQLSelectParser, com.alibaba.druid.sql.ast.statement.SQLTableSource parseTableSourceRest(com.alibaba.druid.sql.ast.statement.SQLTableSource)_0, $stack29 = this.<com.alibaba.druid.sql.parser.SQLSelectParser: com.alibaba.druid.sql.parser.Lexer lexer>
104225, com.alibaba.druid.sql.parser.SQLSelectParser, com.alibaba.druid.sql.ast.statement.SQLTableSource parseTableSourceRest(com.alibaba.druid.sql.ast.statement.SQLTableSource)_0, $stack31 = $stack29.<com.alibaba.druid.sql.parser.Lexer: com.alibaba.druid.sql.parser.Token token>
104226, com.alibaba.druid.sql.parser.SQLSelectParser, com.alibaba.druid.sql.ast.statement.SQLTableSource parseTableSourceRest(com.alibaba.druid.sql.ast.statement.SQLTableSource)_0, $stack30 = <com.alibaba.druid.sql.parser.Token: com.alibaba.druid.sql.parser.Token COMMA>
104227, com.alibaba.druid.sql.parser.SQLSelectParser, com.alibaba.druid.sql.ast.statement.SQLTableSource parseTableSourceRest(com.alibaba.druid.sql.ast.statement.SQLTableSource)_0, if $stack31 != $stack30 goto $stack33 = this.<com.alibaba.druid.sql.parser.SQLSelectParser: com.alibaba.druid.sql.parser.Lexer lexer>
104228, com.alibaba.druid.sql.parser.SQLSelectParser, com.alibaba.druid.sql.ast.statement.SQLTableSource parseTableSourceRest(com.alibaba.druid.sql.ast.statement.SQLTableSource)_0, $stack33 = this.<com.alibaba.druid.sql.parser.SQLSelectParser: com.alibaba.druid.sql.parser.Lexer lexer>
104229, com.alibaba.druid.sql.parser.SQLSelectParser, com.alibaba.druid.sql.ast.statement.SQLTableSource parseTableSourceRest(com.alibaba.druid.sql.ast.statement.SQLTableSource)_0, $stack32 = <com.alibaba.druid.util.FnvHash$Constants: long STRAIGHT_JOIN>
104230, com.alibaba.druid.sql.parser.SQLSelectParser, com.alibaba.druid.sql.ast.statement.SQLTableSource parseTableSourceRest(com.alibaba.druid.sql.ast.statement.SQLTableSource)_0, $stack34 = virtualinvoke $stack33.<com.alibaba.druid.sql.parser.Lexer: boolean identifierEquals(long)>($stack32)
104234, com.alibaba.druid.sql.parser.Lexer, boolean identifierEquals(long)_23 END, 0_{104234} = Func_12_104234({0_{104234}})
104235, com.alibaba.druid.sql.parser.SQLSelectParser, com.alibaba.druid.sql.ast.statement.SQLTableSource parseTableSourceRest(com.alibaba.druid.sql.ast.statement.SQLTableSource)_0, if $stack34 == 0 goto $stack36 = this.<com.alibaba.druid.sql.parser.SQLSelectParser: com.alibaba.druid.sql.parser.Lexer lexer>
104236, com.alibaba.druid.sql.parser.SQLSelectParser, com.alibaba.druid.sql.ast.statement.SQLTableSource parseTableSourceRest(com.alibaba.druid.sql.ast.statement.SQLTableSource)_0, $stack36 = this.<com.alibaba.druid.sql.parser.SQLSelectParser: com.alibaba.druid.sql.parser.Lexer lexer>
104237, com.alibaba.druid.sql.parser.SQLSelectParser, com.alibaba.druid.sql.ast.statement.SQLTableSource parseTableSourceRest(com.alibaba.druid.sql.ast.statement.SQLTableSource)_0, $stack35 = <com.alibaba.druid.util.FnvHash$Constants: long CROSS>
104238, com.alibaba.druid.sql.parser.SQLSelectParser, com.alibaba.druid.sql.ast.statement.SQLTableSource parseTableSourceRest(com.alibaba.druid.sql.ast.statement.SQLTableSource)_0, $stack37 = virtualinvoke $stack36.<com.alibaba.druid.sql.parser.Lexer: boolean identifierEquals(long)>($stack35)
104242, com.alibaba.druid.sql.parser.Lexer, boolean identifierEquals(long)_24 END, 0_{104242} = Func_13_104242({0_{104242}})
104243, com.alibaba.druid.sql.parser.SQLSelectParser, com.alibaba.druid.sql.ast.statement.SQLTableSource parseTableSourceRest(com.alibaba.druid.sql.ast.statement.SQLTableSource)_0, if $stack37 == 0 goto $stack38 = this.<com.alibaba.druid.sql.parser.SQLSelectParser: com.alibaba.druid.sql.parser.Lexer lexer>
104244, com.alibaba.druid.sql.parser.SQLSelectParser, com.alibaba.druid.sql.ast.statement.SQLTableSource parseTableSourceRest(com.alibaba.druid.sql.ast.statement.SQLTableSource)_0, $stack38 = this.<com.alibaba.druid.sql.parser.SQLSelectParser: com.alibaba.druid.sql.parser.Lexer lexer>
104245, com.alibaba.druid.sql.parser.SQLSelectParser, com.alibaba.druid.sql.ast.statement.SQLTableSource parseTableSourceRest(com.alibaba.druid.sql.ast.statement.SQLTableSource)_0, $stack40 = $stack38.<com.alibaba.druid.sql.parser.Lexer: com.alibaba.druid.sql.parser.Token token>
104246, com.alibaba.druid.sql.parser.SQLSelectParser, com.alibaba.druid.sql.ast.statement.SQLTableSource parseTableSourceRest(com.alibaba.druid.sql.ast.statement.SQLTableSource)_0, $stack39 = <com.alibaba.druid.sql.parser.Token: com.alibaba.druid.sql.parser.Token OUTER>
104247, com.alibaba.druid.sql.parser.SQLSelectParser, com.alibaba.druid.sql.ast.statement.SQLTableSource parseTableSourceRest(com.alibaba.druid.sql.ast.statement.SQLTableSource)_0, if $stack40 != $stack39 goto (branch)
105638, com.alibaba.druid.sql.parser.Lexer, void nextToken()_8, this.<com.alibaba.druid.sql.parser.Lexer: com.alibaba.druid.sql.parser.Token token>_{105638} = Func_14_105638({<com.alibaba.druid.sql.parser.Token: com.alibaba.druid.sql.parser.Token EOF>_{3121}})
105857, com.alibaba.druid.sql.ast.statement.SQLSelectQueryBlock, void setWhere(com.alibaba.druid.sql.ast.SQLExpr)_0, this.<com.alibaba.druid.sql.ast.statement.SQLSelectQueryBlock: com.alibaba.druid.sql.ast.SQLExpr where> = where
105899, com.alibaba.druid.sql.parser.SQLSelectParser, void parseGroupBy(com.alibaba.druid.sql.ast.statement.SQLSelectQueryBlock)_0, $stack4 = this.<com.alibaba.druid.sql.parser.SQLSelectParser: com.alibaba.druid.sql.parser.Lexer lexer>
105900, com.alibaba.druid.sql.parser.SQLSelectParser, void parseGroupBy(com.alibaba.druid.sql.ast.statement.SQLSelectQueryBlock)_0, $stack6 = $stack4.<com.alibaba.druid.sql.parser.Lexer: com.alibaba.druid.sql.parser.Token token>
105901, com.alibaba.druid.sql.parser.SQLSelectParser, void parseGroupBy(com.alibaba.druid.sql.ast.statement.SQLSelectQueryBlock)_0, $stack5 = <com.alibaba.druid.sql.parser.Token: com.alibaba.druid.sql.parser.Token GROUP>
105902, com.alibaba.druid.sql.parser.SQLSelectParser, void parseGroupBy(com.alibaba.druid.sql.ast.statement.SQLSelectQueryBlock)_0, if $stack6 != $stack5 goto $stack7 = this.<com.alibaba.druid.sql.parser.SQLSelectParser: com.alibaba.druid.sql.parser.Lexer lexer>
105903, com.alibaba.druid.sql.parser.SQLSelectParser, void parseGroupBy(com.alibaba.druid.sql.ast.statement.SQLSelectQueryBlock)_0, $stack7 = this.<com.alibaba.druid.sql.parser.SQLSelectParser: com.alibaba.druid.sql.parser.Lexer lexer>
105904, com.alibaba.druid.sql.parser.SQLSelectParser, void parseGroupBy(com.alibaba.druid.sql.ast.statement.SQLSelectQueryBlock)_0, $stack9 = $stack7.<com.alibaba.druid.sql.parser.Lexer: com.alibaba.druid.sql.parser.Token token>
105905, com.alibaba.druid.sql.parser.SQLSelectParser, void parseGroupBy(com.alibaba.druid.sql.ast.statement.SQLSelectQueryBlock)_0, $stack8 = <com.alibaba.druid.sql.parser.Token: com.alibaba.druid.sql.parser.Token HAVING>
105906, com.alibaba.druid.sql.parser.SQLSelectParser, void parseGroupBy(com.alibaba.druid.sql.ast.statement.SQLSelectQueryBlock)_0, if $stack9 != $stack8 goto return
105979, com.alibaba.druid.sql.ast.statement.SQLSelect, void setQuery(com.alibaba.druid.sql.ast.statement.SQLSelectQuery)_0, this.<com.alibaba.druid.sql.ast.statement.SQLSelect: com.alibaba.druid.sql.ast.statement.SQLSelectQuery query>_{105979} = Func_17_105978(set())
106026, com.alibaba.druid.sql.ast.statement.SQLSelectStatement, void setSelect(com.alibaba.druid.sql.ast.statement.SQLSelect)_0, this.<com.alibaba.druid.sql.ast.statement.SQLSelectStatement: com.alibaba.druid.sql.ast.statement.SQLSelect select>_{106026} = Func_20_106025(set())
106030, com.alibaba.druid.sql.parser.SQLStatementParser, com.alibaba.druid.sql.ast.SQLStatement parseStatement()_0 END, stack20_{106030} = Func_20_106029({stack6_{106011}})
106031, Client, com.alibaba.druid.sql.ast.statement.SQLSelectStatement getSelectStatement(java.lang.String)_0, $stack5 = (com.alibaba.druid.sql.ast.statement.SQLSelectStatement) $stack4
106032, Client, com.alibaba.druid.sql.ast.statement.SQLSelectStatement getSelectStatement(java.lang.String)_0 END, return $stack5
106033, Client, com.alibaba.druid.sql.ast.statement.SQLSelect getSelect(java.lang.String)_0, $stack4 = virtualinvoke stament.<com.alibaba.druid.sql.ast.statement.SQLSelectStatement: com.alibaba.druid.sql.ast.statement.SQLSelect getSelect()>()
106035, com.alibaba.druid.sql.ast.statement.SQLSelectStatement, com.alibaba.druid.sql.ast.statement.SQLSelect getSelect()_0 END, stack1_{106035} = Func_21_106034({this.<com.alibaba.druid.sql.ast.statement.SQLSelectStatement: com.alibaba.druid.sql.ast.statement.SQLSelect select>_{106026}})
106036, Client, com.alibaba.druid.sql.ast.statement.SQLSelect getSelect(java.lang.String)_0 END, return $stack4
106037, Client, com.alibaba.druid.sql.dialect.mysql.ast.statement.MySqlSelectQueryBlock getQuery(java.lang.String)_0, $stack4 = virtualinvoke select.<com.alibaba.druid.sql.ast.statement.SQLSelect: com.alibaba.druid.sql.ast.statement.SQLSelectQuery getQuery()>()
106039, com.alibaba.druid.sql.ast.statement.SQLSelect, com.alibaba.druid.sql.ast.statement.SQLSelectQuery getQuery()_0 END, stack1_{106039} = Func_22_106038({this.<com.alibaba.druid.sql.ast.statement.SQLSelect: com.alibaba.druid.sql.ast.statement.SQLSelectQuery query>_{105979}})
106040, Client, com.alibaba.druid.sql.dialect.mysql.ast.statement.MySqlSelectQueryBlock getQuery(java.lang.String)_0, $stack5 = (com.alibaba.druid.sql.dialect.mysql.ast.statement.MySqlSelectQueryBlock) $stack4
106041, Client, com.alibaba.druid.sql.dialect.mysql.ast.statement.MySqlSelectQueryBlock getQuery(java.lang.String)_0 END, return $stack5
106042, Client, void testSelectItem()_0, items = virtualinvoke query.<com.alibaba.druid.sql.dialect.mysql.ast.statement.MySqlSelectQueryBlock: java.util.List getSelectList()>()
106044, com.alibaba.druid.sql.ast.statement.SQLSelectQueryBlock, java.util.List getSelectList()_1 END, stack1_{106044} = Func_23_106043({this.<com.alibaba.druid.sql.ast.statement.SQLSelectQueryBlock: java.util.List selectList>_{72410}})
106045, Client, void testSelectItem()_0, $stack7 = new com.actiontech.dble.plan.visitor.MySQLItemVisitor
106046, Client, void testSelectItem()_0, $stack9 = this.<Client: java.lang.String currentDb>
106047, Client, void testSelectItem()_0, $stack8 = this.<Client: int utf8Charset>
106048, Client, void testSelectItem()_0, specialinvoke $stack7.<com.actiontech.dble.plan.visitor.MySQLItemVisitor: void <init>(java.lang.String;int;com.actiontech.dble.meta.ProxyMetaManager)>($stack9; $stack8; null)
106058, Client, void testSelectItem()_0, $stack10 = interfaceinvoke items.<java.util.List: java.lang.Object get(int)>(0)
106059, Client, void testSelectItem()_0, $stack11 = (com.alibaba.druid.sql.ast.statement.SQLSelectItem) $stack10
106060, Client, void testSelectItem()_0, virtualinvoke $stack11.<com.alibaba.druid.sql.ast.statement.SQLSelectItem: void accept(com.alibaba.druid.sql.visitor.SQLASTVisitor)>($stack7)
106079, com.alibaba.druid.sql.ast.expr.SQLAggregateExpr, void accept0(com.alibaba.druid.sql.visitor.SQLASTVisitor)_0, $stack3 = this.<com.alibaba.druid.sql.ast.expr.SQLAggregateExpr: java.util.List arguments>
106080, com.alibaba.druid.sql.ast.expr.SQLAggregateExpr, void accept0(com.alibaba.druid.sql.visitor.SQLASTVisitor)_0, virtualinvoke this.<com.alibaba.druid.sql.ast.expr.SQLAggregateExpr: void acceptChild(com.alibaba.druid.sql.visitor.SQLASTVisitor;java.util.List)>(visitor; $stack3)
106658, com.alibaba.druid.sql.ast.expr.SQLAggregateExpr, void accept0(com.alibaba.druid.sql.visitor.SQLASTVisitor)_0, $stack4 = this.<com.alibaba.druid.sql.ast.expr.SQLAggregateExpr: com.alibaba.druid.sql.ast.SQLKeep keep>
106659, com.alibaba.druid.sql.ast.expr.SQLAggregateExpr, void accept0(com.alibaba.druid.sql.visitor.SQLASTVisitor)_0, virtualinvoke this.<com.alibaba.druid.sql.ast.expr.SQLAggregateExpr: void acceptChild(com.alibaba.druid.sql.visitor.SQLASTVisitor;com.alibaba.druid.sql.ast.SQLObject)>(visitor; $stack4)
106662, com.alibaba.druid.sql.ast.expr.SQLAggregateExpr, void accept0(com.alibaba.druid.sql.visitor.SQLASTVisitor)_0, $stack5 = this.<com.alibaba.druid.sql.ast.expr.SQLAggregateExpr: com.alibaba.druid.sql.ast.SQLOver over>
106663, com.alibaba.druid.sql.ast.expr.SQLAggregateExpr, void accept0(com.alibaba.druid.sql.visitor.SQLASTVisitor)_0, virtualinvoke this.<com.alibaba.druid.sql.ast.expr.SQLAggregateExpr: void acceptChild(com.alibaba.druid.sql.visitor.SQLASTVisitor;com.alibaba.druid.sql.ast.SQLObject)>(visitor; $stack5)
106666, com.alibaba.druid.sql.ast.expr.SQLAggregateExpr, void accept0(com.alibaba.druid.sql.visitor.SQLASTVisitor)_0, $stack6 = this.<com.alibaba.druid.sql.ast.expr.SQLAggregateExpr: com.alibaba.druid.sql.ast.SQLName overRef>
106667, com.alibaba.druid.sql.ast.expr.SQLAggregateExpr, void accept0(com.alibaba.druid.sql.visitor.SQLASTVisitor)_0, virtualinvoke this.<com.alibaba.druid.sql.ast.expr.SQLAggregateExpr: void acceptChild(com.alibaba.druid.sql.visitor.SQLASTVisitor;com.alibaba.druid.sql.ast.SQLObject)>(visitor; $stack6)
106670, com.alibaba.druid.sql.ast.expr.SQLAggregateExpr, void accept0(com.alibaba.druid.sql.visitor.SQLASTVisitor)_0, $stack7 = this.<com.alibaba.druid.sql.ast.expr.SQLAggregateExpr: com.alibaba.druid.sql.ast.SQLOrderBy withinGroup>
106671, com.alibaba.druid.sql.ast.expr.SQLAggregateExpr, void accept0(com.alibaba.druid.sql.visitor.SQLASTVisitor)_0, virtualinvoke this.<com.alibaba.druid.sql.ast.expr.SQLAggregateExpr: void acceptChild(com.alibaba.druid.sql.visitor.SQLASTVisitor;com.alibaba.druid.sql.ast.SQLObject)>(visitor; $stack7)
106676, com.alibaba.druid.sql.ast.expr.SQLAggregateExpr, java.util.List getArguments()_1, $stack1 = this.<com.alibaba.druid.sql.ast.expr.SQLAggregateExpr: java.util.List arguments>
106677, com.alibaba.druid.sql.ast.expr.SQLAggregateExpr, java.util.List getArguments()_1 END, return $stack1
106771, com.alibaba.druid.sql.ast.expr.SQLAggregateExpr, java.lang.String getMethodName()_0, $stack1 = this.<com.alibaba.druid.sql.ast.expr.SQLAggregateExpr: java.lang.String methodName>
106772, com.alibaba.druid.sql.ast.expr.SQLAggregateExpr, java.lang.String getMethodName()_0 END, return $stack1
106828, com.actiontech.dble.plan.visitor.MySQLItemVisitor, void endVisit(com.alibaba.druid.sql.ast.expr.SQLAggregateExpr)_0, this.<com.actiontech.dble.plan.visitor.MySQLItemVisitor: com.actiontech.dble.plan.common.item.Item item>_{106828} = Func_32_106827({stack58_{106791}})
106831, com.actiontech.dble.plan.visitor.MySQLItemVisitor, void initName(com.alibaba.druid.sql.ast.SQLExpr)_0, stack4_{106831} = Func_32_106830({stack4_{106831}})
124196, com.alibaba.druid.sql.ast.expr.SQLAggregateExpr, java.lang.String getMethodName()_1, $stack1 = this.<com.alibaba.druid.sql.ast.expr.SQLAggregateExpr: java.lang.String methodName>
124197, com.alibaba.druid.sql.ast.expr.SQLAggregateExpr, java.lang.String getMethodName()_1 END, return $stack1
124221, com.alibaba.druid.sql.ast.expr.SQLAggregateExpr, java.util.List getArguments()_2, $stack1 = this.<com.alibaba.druid.sql.ast.expr.SQLAggregateExpr: java.util.List arguments>
124222, com.alibaba.druid.sql.ast.expr.SQLAggregateExpr, java.util.List getArguments()_2 END, return $stack1
124304, com.actiontech.dble.plan.common.item.Item, void setItemName(java.lang.String)_0, this.<com.actiontech.dble.plan.common.item.Item: java.lang.String itemName>_{124304} = Func_34_124303({stack4_{106831}})
124319, Client, void testSelectItem()_0, item = virtualinvoke $stack7.<com.actiontech.dble.plan.visitor.MySQLItemVisitor: com.actiontech.dble.plan.common.item.Item getItem()>()
124321, com.actiontech.dble.plan.visitor.MySQLItemVisitor, com.actiontech.dble.plan.common.item.Item getItem()_1 END, stack1_{124321} = Func_35_124320({this.<com.actiontech.dble.plan.visitor.MySQLItemVisitor: com.actiontech.dble.plan.common.item.Item item>_{106828}})
124322, Client, void testSelectItem()_0, $stack13 = staticinvoke <java.lang.Boolean: java.lang.Boolean valueOf(boolean)>(1)
124323, Client, void testSelectItem()_0, $stack14 = "SUM(col1)"
124324, Client, void testSelectItem()_0, $stack15 = virtualinvoke item.<com.actiontech.dble.plan.common.item.Item: java.lang.String getItemName()>()
124331, com.actiontech.dble.plan.common.item.Item, java.lang.String getItemName()_0 END, stack9_{124331} = Func_36_124330({this.<com.actiontech.dble.plan.common.item.Item: java.lang.String itemName>_{124304}})
124332, Client, void testSelectItem()_0, $stack16 = virtualinvoke $stack14.<java.lang.String: boolean equals(java.lang.Object)>($stack15)
124333, Client, void testSelectItem()_0, $stack17 = staticinvoke <java.lang.Boolean: java.lang.Boolean valueOf(boolean)>($stack16)
124334, Client, void testSelectItem()_0, staticinvoke <org.junit.Assert: void assertEquals(java.lang.Object;java.lang.Object)>($stack13; $stack17)
124335, Client, void testSelectItem()_0, $stack18 = <java.lang.System: java.io.PrintStream out>
124336, Client, void testSelectItem()_0, virtualinvoke $stack18.<java.io.PrintStream: void println(java.lang.String)>("Test finished!")
124337, Client, void testSelectItem()_0 END, return
124338, Client, void main(java.lang.String[])_0 END, return