0, Client, void main(java.lang.String[])_0, $stack2 = new Client
1, Client, void main(java.lang.String[])_0, specialinvoke $stack2.<Client: void <init>()>()
2, Client, void <init>()_0, specialinvoke this.<java.lang.Object: void <init>()>()
3, Client, void <init>()_0, this.<Client: java.lang.String currentDb> = "test_schema"
4, Client, void <init>()_0, this.<Client: int utf8Charset> = 33
5, Client, void <init>()_0 END, return
6, Client, void main(java.lang.String[])_0, virtualinvoke $stack2.<Client: void testSelectItem()>()
7, Client, void testSelectItem()_0, query = specialinvoke this.<Client: com.alibaba.druid.sql.dialect.mysql.ast.statement.MySqlSelectQueryBlock getQuery(java.lang.String)>("select sum(col1) from table1 where a >1 ")
8, Client, com.alibaba.druid.sql.dialect.mysql.ast.statement.MySqlSelectQueryBlock getQuery(java.lang.String)_0, select = specialinvoke this.<Client: com.alibaba.druid.sql.ast.statement.SQLSelect getSelect(java.lang.String)>(sql)
9, Client, com.alibaba.druid.sql.ast.statement.SQLSelect getSelect(java.lang.String)_0, stament = specialinvoke this.<Client: com.alibaba.druid.sql.ast.statement.SQLSelectStatement getSelectStatement(java.lang.String)>(sql)
10, Client, com.alibaba.druid.sql.ast.statement.SQLSelectStatement getSelectStatement(java.lang.String)_0, $stack3 = new com.alibaba.druid.sql.dialect.mysql.parser.MySqlStatementParser
11, Client, com.alibaba.druid.sql.ast.statement.SQLSelectStatement getSelectStatement(java.lang.String)_0, specialinvoke $stack3.<com.alibaba.druid.sql.dialect.mysql.parser.MySqlStatementParser: void <init>(java.lang.String)>(sql)
1935, com.alibaba.druid.sql.parser.Token, void <clinit>()_0, <com.alibaba.druid.sql.parser.Token: com.alibaba.druid.sql.parser.Token HAVING>_{1935} = Func_0_1935({stack5_{1930}})
1959, com.alibaba.druid.sql.parser.Token, void <clinit>()_0, <com.alibaba.druid.sql.parser.Token: com.alibaba.druid.sql.parser.Token GROUP>_{1959} = Func_0_1959({stack9_{1954}})
2439, com.alibaba.druid.sql.parser.Token, void <clinit>()_0, <com.alibaba.druid.sql.parser.Token: com.alibaba.druid.sql.parser.Token LIMIT>_{2439} = Func_0_2439({stack89_{2434}})
3121, com.alibaba.druid.sql.parser.Token, void <clinit>()_0, <com.alibaba.druid.sql.parser.Token: com.alibaba.druid.sql.parser.Token EOF>_{3121} = Func_0_3121({<com.alibaba.druid.sql.parser.Token: com.alibaba.druid.sql.parser.Token EOF>_{3121}})
3137, com.alibaba.druid.sql.parser.Token, void <clinit>()_0, <com.alibaba.druid.sql.parser.Token: com.alibaba.druid.sql.parser.Token IDENTIFIER>_{3137} = Func_0_3137({<com.alibaba.druid.sql.parser.Token: com.alibaba.druid.sql.parser.Token IDENTIFIER>_{3137}})
3185, com.alibaba.druid.sql.parser.Token, void <clinit>()_0, <com.alibaba.druid.sql.parser.Token: com.alibaba.druid.sql.parser.Token LITERAL_CHARS>_{3185} = Func_0_3185({<com.alibaba.druid.sql.parser.Token: com.alibaba.druid.sql.parser.Token LITERAL_CHARS>_{3185}})
3201, com.alibaba.druid.sql.parser.Token, void <clinit>()_0, <com.alibaba.druid.sql.parser.Token: com.alibaba.druid.sql.parser.Token LITERAL_ALIAS>_{3201} = Func_0_3201({<com.alibaba.druid.sql.parser.Token: com.alibaba.druid.sql.parser.Token LITERAL_ALIAS>_{3201}})
37421, com.alibaba.druid.sql.parser.Keywords, void <init>(java.util.Map)_2, this.<com.alibaba.druid.sql.parser.Keywords: long[] hashArray>_{37421} = Func_0_37421({stack50_{2200}, stack23_{2038}, stack88_{2428}, stack29_{2074}, stack100_{2502}, stack41_{2146}, stack144_{2766}, stack49_{2194}, stack48_{2188}, stack1_{1906}, stack61_{2266}, stack138_{2730}, stack77_{2362}, stack63_{2278}, stack22_{2032}, <com.alibaba.druid.sql.parser.Token: com.alibaba.druid.sql.parser.Token PARTITION>_{3241}, stack47_{2182}, stack36_{2116}, stack18_{2008}, stack153_{2820}, stack58_{2248}, stack172_{2934}, stack173_{2940}, stack9_{1954}, stack12_{1972}, stack13_{1978}, stack19_{2014}, stack53_{2218}, stack15_{1990}, stack103_{2520}, stack104_{2526}, stack68_{2308}, stack11_{1966}, stack54_{2224}, stack197_{3084}, stack44_{2164}, stack14_{1984}, stack38_{2128}, stack82_{2392}, stack33_{2098}, stack148_{2790}, stack55_{2230}, stack137_{2724}, stack84_{2404}, stack91_{2446}, stack161_{2868}, stack57_{2242}, stack143_{4431}, stack65_{2290}, stack90_{2440}, stack189_{3036}, stack79_{2374}, stack16_{1996}, stack4_{1924}, stack62_{2272}, stack52_{2212}, stack198_{3090}, stack0_{1900}, stack97_{2482}, stack94_{2464}, stack70_{2320}, stack106_{2538}, stack108_{2550}, stack59_{2254}, stack37_{2122}, stack42_{2152}, stack20_{2020}, stack96_{2476}, stack87_{2422}, stack121_{2628}, stack32_{2092}, stack60_{2260}, stack85_{2410}, stack25_{2050}, stack74_{2344}, stack35_{2110}, stack71_{2326}, stack31_{2086}, stack4_{37359}, stack24_{2044}, stack111_{2568}, stack43_{2158}, stack45_{2170}, stack146_{2778}, stack51_{2206}, stack72_{2332}, stack6_{1936}, stack3_{1918}, stack102_{2514}, stack76_{2356}, stack56_{2236}, stack101_{2508}, stack162_{2874}, stack30_{2080}, stack67_{2302}, stack196_{3078}, stack95_{2470}, stack28_{2068}, stack64_{2284}, stack7_{1942}, stack229_{3312}, stack2_{1893}, stack99_{2496}, stack2_{1896}, stack163_{2880}, stack83_{2398}, stack34_{2104}, stack75_{2350}, stack2_{1912}, stack8_{1948}, stack113_{2580}, stack39_{2134}, stack21_{2026}, stack116_{2598}, stack27_{2062}, stack89_{2434}, stack78_{2368}, stack5_{1930}, stack105_{2532}, stack107_{2544}, stack10_{1960}, stack17_{2002}, stack112_{2574}, stack46_{2176}, stack69_{2314}, stack110_{2562}, stack159_{2856}, stack81_{2386}, stack131_{2688}})
37424, com.alibaba.druid.sql.parser.Keywords, void <init>(java.util.Map)_2, this.<com.alibaba.druid.sql.parser.Keywords: com.alibaba.druid.sql.parser.Token[] tokens>_{37424} = Func_0_37424({stack50_{2200}, stack23_{2038}, stack88_{2428}, stack29_{2074}, stack100_{2502}, stack41_{2146}, stack144_{2766}, stack49_{2194}, stack48_{2188}, stack1_{1906}, stack61_{2266}, stack138_{2730}, stack77_{2362}, stack63_{2278}, stack22_{2032}, <com.alibaba.druid.sql.parser.Token: com.alibaba.druid.sql.parser.Token PARTITION>_{3241}, stack47_{2182}, stack36_{2116}, stack18_{2008}, stack153_{2820}, stack58_{2248}, stack172_{2934}, stack173_{2940}, stack9_{1954}, stack12_{1972}, stack13_{1978}, stack19_{2014}, stack53_{2218}, stack15_{1990}, stack103_{2520}, stack104_{2526}, stack68_{2308}, stack11_{1966}, stack54_{2224}, stack197_{3084}, stack44_{2164}, stack14_{1984}, stack38_{2128}, stack82_{2392}, stack33_{2098}, stack148_{2790}, stack55_{2230}, stack137_{2724}, stack84_{2404}, stack91_{2446}, stack161_{2868}, stack57_{2242}, stack143_{4431}, stack65_{2290}, stack90_{2440}, stack189_{3036}, stack79_{2374}, stack16_{1996}, stack4_{1924}, stack62_{2272}, stack52_{2212}, stack198_{3090}, stack0_{1900}, stack97_{2482}, stack94_{2464}, stack70_{2320}, stack106_{2538}, stack108_{2550}, stack59_{2254}, stack37_{2122}, stack42_{2152}, stack20_{2020}, stack96_{2476}, stack87_{2422}, stack121_{2628}, stack32_{2092}, stack60_{2260}, stack85_{2410}, stack25_{2050}, stack74_{2344}, stack35_{2110}, stack71_{2326}, stack31_{2086}, stack4_{37359}, stack24_{2044}, stack111_{2568}, stack43_{2158}, stack45_{2170}, stack146_{2778}, stack51_{2206}, stack72_{2332}, stack6_{1936}, stack3_{1918}, stack102_{2514}, stack76_{2356}, stack56_{2236}, stack101_{2508}, stack162_{2874}, stack30_{2080}, stack67_{2302}, stack196_{3078}, stack95_{2470}, stack28_{2068}, stack64_{2284}, stack7_{1942}, stack229_{3312}, stack2_{1893}, stack99_{2496}, stack2_{1896}, stack163_{2880}, stack83_{2398}, stack34_{2104}, stack75_{2350}, stack2_{1912}, stack8_{1948}, stack113_{2580}, stack39_{2134}, stack21_{2026}, stack116_{2598}, stack27_{2062}, stack89_{2434}, stack78_{2368}, stack5_{1930}, stack105_{2532}, stack107_{2544}, stack10_{1960}, stack17_{2002}, stack112_{2574}, stack46_{2176}, stack69_{2314}, stack110_{2562}, stack159_{2856}, stack81_{2386}, stack131_{2688}})
60978, com.alibaba.druid.sql.parser.Lexer, void <init>(java.lang.String;boolean)_0, this.<com.alibaba.druid.sql.parser.Lexer: java.lang.String text>_{60978} = Func_0_60978({this.<com.alibaba.druid.sql.parser.Lexer: java.lang.String text>_{60978}})
60979, com.alibaba.druid.sql.parser.Lexer, void <init>(java.lang.String;boolean)_0, this.<com.alibaba.druid.sql.parser.Lexer: int pos>_{60979} = Func_0_60979({this.<com.alibaba.druid.sql.parser.Lexer: int pos>_{60979}})
61002, com.alibaba.druid.sql.parser.SQLParser, void <init>(com.alibaba.druid.sql.parser.Lexer;java.lang.String)_0, this.<com.alibaba.druid.sql.parser.SQLParser: com.alibaba.druid.sql.parser.Lexer lexer>_{61002} = Func_0_61002(set())
61009, com.alibaba.druid.sql.parser.SQLExprParser, void <init>(com.alibaba.druid.sql.parser.Lexer;java.lang.String)_0, this.<com.alibaba.druid.sql.parser.SQLExprParser: boolean allowIdentifierMethod> = 1
72284, com.alibaba.druid.sql.dialect.mysql.parser.MySqlLexer, void scanIdentifier()_0, this.<com.alibaba.druid.sql.dialect.mysql.parser.MySqlLexer: int pos>_{72284} = Func_1_72284({this.<com.alibaba.druid.sql.parser.Lexer: int pos>_{60979}})
72352, Client, com.alibaba.druid.sql.ast.statement.SQLSelectStatement getSelectStatement(java.lang.String)_0, $stack4 = virtualinvoke $stack3.<com.alibaba.druid.sql.parser.SQLStatementParser: com.alibaba.druid.sql.ast.SQLStatement parseStatement()>()
72373, com.alibaba.druid.sql.parser.SQLParser, void <init>(com.alibaba.druid.sql.parser.Lexer;java.lang.String)_2, this.<com.alibaba.druid.sql.parser.SQLParser: com.alibaba.druid.sql.parser.Lexer lexer>_{72373} = Func_2_72373({this.<com.alibaba.druid.sql.parser.SQLParser: com.alibaba.druid.sql.parser.Lexer lexer>_{61002}})
72383, com.alibaba.druid.sql.parser.SQLSelectParser, com.alibaba.druid.sql.ast.statement.SQLSelect select()_0, stack6_{72383} = Func_2_72383({stack6_{72383}})
72394, com.alibaba.druid.sql.parser.SQLSelectParser, com.alibaba.druid.sql.ast.statement.SQLSelect select()_0, with#2 = virtualinvoke this.<com.alibaba.druid.sql.parser.SQLSelectParser: com.alibaba.druid.sql.ast.statement.SQLSelectQuery query(com.alibaba.druid.sql.ast.SQLObject)>($stack6)
72410, com.alibaba.druid.sql.ast.statement.SQLSelectQueryBlock, void <init>()_0, this.<com.alibaba.druid.sql.ast.statement.SQLSelectQueryBlock: java.util.List selectList>_{72410} = Func_3_72410({stack1_{72408}})
74945, com.alibaba.druid.util.FnvHash$Constants, void <clinit>()_0, <com.alibaba.druid.util.FnvHashConstants: long NATURAL>_{74945} = Func_3_74945({hashCode_{74856}, i_{74857}})
80505, com.alibaba.druid.util.FnvHash$Constants, void <clinit>()_0, <com.alibaba.druid.util.FnvHashConstants: long CONVERT>_{80505} = Func_3_80505({hashCode_{80416}, i_{80417}})
81612, com.alibaba.druid.util.FnvHash$Constants, void <clinit>()_0, <com.alibaba.druid.util.FnvHashConstants: long TRIM>_{81612} = Func_3_81612({i_{81560}, hashCode_{81559}})
81971, com.alibaba.druid.util.FnvHash$Constants, void <clinit>()_0, <com.alibaba.druid.util.FnvHashConstants: long MATCH>_{81971} = Func_3_81971({hashCode_{81906}, i_{81907}})
82062, com.alibaba.druid.util.FnvHash$Constants, void <clinit>()_0, <com.alibaba.druid.util.FnvHashConstants: long EXTRACT>_{82062} = Func_3_82062({hashCode_{81973}, i_{81974}})
82165, com.alibaba.druid.util.FnvHash$Constants, void <clinit>()_0, <com.alibaba.druid.util.FnvHashConstants: long POSITION>_{82165} = Func_3_82165({hashCode_{82064}, i_{82065}})
96476, com.alibaba.druid.util.FnvHash$Constants, void <clinit>()_0, <com.alibaba.druid.util.FnvHashConstants: long INT4>_{96476} = Func_3_96476({hashCode_{96426}, i_{96427}})
96555, com.alibaba.druid.util.FnvHash$Constants, void <clinit>()_0, <com.alibaba.druid.util.FnvHashConstants: long VARBIT>_{96555} = Func_3_96555({hashCode_{96478}, i_{96479}})
101033, com.alibaba.druid.util.FnvHash$Constants, void <clinit>()_0, <com.alibaba.druid.util.FnvHashConstants: long IDENTIFIED>_{101033} = Func_3_101033({hashCode_{100908}, i_{100909}})
104630, com.alibaba.druid.sql.dialect.mysql.parser.MySqlLexer, void scanIdentifier()_2, this.<com.alibaba.druid.sql.dialect.mysql.parser.MySqlLexer: int pos>_{104630} = Func_3_104630({this.<com.alibaba.druid.sql.dialect.mysql.parser.MySqlLexer: int pos>_{72284}})
104694, com.alibaba.druid.sql.dialect.mysql.parser.MySqlLexer, void scanIdentifier()_2, this.<com.alibaba.druid.sql.dialect.mysql.parser.MySqlLexer: java.lang.String stringVal>_{104694} = Func_3_104694({this.<com.alibaba.druid.sql.dialect.mysql.parser.MySqlLexer: int pos>_{72284}, this.<com.alibaba.druid.sql.dialect.mysql.parser.MySqlLexer: int bufPos>_{104511}, this.<com.alibaba.druid.sql.parser.Lexer: java.lang.String text>_{60978}})
104700, com.alibaba.druid.sql.parser.SQLExprParser, com.alibaba.druid.sql.ast.SQLExpr methodRest(com.alibaba.druid.sql.ast.SQLExpr;boolean)_0, distinct_{104700} = Func_3_104700({distinct_{104700}})
104715, com.alibaba.druid.sql.ast.expr.SQLIdentifierExpr, java.lang.String getName()_0 END, stack1_{104715} = Func_3_104715({this.<com.alibaba.druid.sql.dialect.mysql.parser.MySqlLexer: int pos>_{72284}, this.<com.alibaba.druid.sql.dialect.mysql.parser.MySqlLexer: int bufPos>_{72531}, this.<com.alibaba.druid.sql.parser.Lexer: java.lang.String text>_{60978}})
104723, com.alibaba.druid.sql.ast.expr.SQLIdentifierExpr, long nameHashCode64()_0 END, stack1_{104723} = Func_3_104723({this.<com.alibaba.druid.sql.dialect.mysql.parser.MySqlLexer: int pos>_{72284}, this.<com.alibaba.druid.sql.dialect.mysql.parser.MySqlLexer: long hash_lower>_{72507}, this.<com.alibaba.druid.sql.parser.Lexer: java.lang.String text>_{60978}})
104724, com.alibaba.druid.sql.parser.SQLExprParser, com.alibaba.druid.sql.ast.SQLExpr methodRest(com.alibaba.druid.sql.ast.SQLExpr;boolean)_0, $stack169 = this.<com.alibaba.druid.sql.parser.SQLExprParser: boolean allowIdentifierMethod>
104725, com.alibaba.druid.sql.parser.SQLExprParser, com.alibaba.druid.sql.ast.SQLExpr methodRest(com.alibaba.druid.sql.ast.SQLExpr;boolean)_0, if $stack169 == 0 goto (branch)
104726, com.alibaba.druid.sql.parser.SQLExprParser, com.alibaba.druid.sql.ast.SQLExpr methodRest(com.alibaba.druid.sql.ast.SQLExpr;boolean)_0, $stack171 = <com.alibaba.druid.util.FnvHash$Constants: long TRIM>
104727, com.alibaba.druid.sql.parser.SQLExprParser, com.alibaba.druid.sql.ast.SQLExpr methodRest(com.alibaba.druid.sql.ast.SQLExpr;boolean)_0, $stack172 = hash_lower cmp $stack171
104728, com.alibaba.druid.sql.parser.SQLExprParser, com.alibaba.druid.sql.ast.SQLExpr methodRest(com.alibaba.druid.sql.ast.SQLExpr;boolean)_0, if $stack172 != 0 goto $stack173 = <com.alibaba.druid.util.FnvHash$Constants: long MATCH>
104729, com.alibaba.druid.sql.parser.SQLExprParser, com.alibaba.druid.sql.ast.SQLExpr methodRest(com.alibaba.druid.sql.ast.SQLExpr;boolean)_0, $stack173 = <com.alibaba.druid.util.FnvHash$Constants: long MATCH>
104730, com.alibaba.druid.sql.parser.SQLExprParser, com.alibaba.druid.sql.ast.SQLExpr methodRest(com.alibaba.druid.sql.ast.SQLExpr;boolean)_0, $stack174 = hash_lower cmp $stack173
104731, com.alibaba.druid.sql.parser.SQLExprParser, com.alibaba.druid.sql.ast.SQLExpr methodRest(com.alibaba.druid.sql.ast.SQLExpr;boolean)_0, if $stack174 != 0 goto $stack175 = <com.alibaba.druid.util.FnvHash$Constants: long EXTRACT>
104732, com.alibaba.druid.sql.parser.SQLExprParser, com.alibaba.druid.sql.ast.SQLExpr methodRest(com.alibaba.druid.sql.ast.SQLExpr;boolean)_0, $stack175 = <com.alibaba.druid.util.FnvHash$Constants: long EXTRACT>
104733, com.alibaba.druid.sql.parser.SQLExprParser, com.alibaba.druid.sql.ast.SQLExpr methodRest(com.alibaba.druid.sql.ast.SQLExpr;boolean)_0, $stack176 = hash_lower cmp $stack175
104734, com.alibaba.druid.sql.parser.SQLExprParser, com.alibaba.druid.sql.ast.SQLExpr methodRest(com.alibaba.druid.sql.ast.SQLExpr;boolean)_0, if $stack176 != 0 goto $stack177 = <com.alibaba.druid.util.FnvHash$Constants: long POSITION>
104735, com.alibaba.druid.sql.parser.SQLExprParser, com.alibaba.druid.sql.ast.SQLExpr methodRest(com.alibaba.druid.sql.ast.SQLExpr;boolean)_0, $stack177 = <com.alibaba.druid.util.FnvHash$Constants: long POSITION>
104736, com.alibaba.druid.sql.parser.SQLExprParser, com.alibaba.druid.sql.ast.SQLExpr methodRest(com.alibaba.druid.sql.ast.SQLExpr;boolean)_0, $stack178 = hash_lower cmp $stack177
104737, com.alibaba.druid.sql.parser.SQLExprParser, com.alibaba.druid.sql.ast.SQLExpr methodRest(com.alibaba.druid.sql.ast.SQLExpr;boolean)_0, if $stack178 != 0 goto $stack179 = <com.alibaba.druid.util.FnvHash$Constants: long INT4>
104738, com.alibaba.druid.sql.parser.SQLExprParser, com.alibaba.druid.sql.ast.SQLExpr methodRest(com.alibaba.druid.sql.ast.SQLExpr;boolean)_0, $stack179 = <com.alibaba.druid.util.FnvHash$Constants: long INT4>
104739, com.alibaba.druid.sql.parser.SQLExprParser, com.alibaba.druid.sql.ast.SQLExpr methodRest(com.alibaba.druid.sql.ast.SQLExpr;boolean)_0, $stack180 = hash_lower cmp $stack179
104740, com.alibaba.druid.sql.parser.SQLExprParser, com.alibaba.druid.sql.ast.SQLExpr methodRest(com.alibaba.druid.sql.ast.SQLExpr;boolean)_0, if $stack180 != 0 goto $stack181 = <com.alibaba.druid.util.FnvHash$Constants: long VARBIT>
104741, com.alibaba.druid.sql.parser.SQLExprParser, com.alibaba.druid.sql.ast.SQLExpr methodRest(com.alibaba.druid.sql.ast.SQLExpr;boolean)_0, $stack181 = <com.alibaba.druid.util.FnvHash$Constants: long VARBIT>
104742, com.alibaba.druid.sql.parser.SQLExprParser, com.alibaba.druid.sql.ast.SQLExpr methodRest(com.alibaba.druid.sql.ast.SQLExpr;boolean)_0, $stack182 = hash_lower cmp $stack181
104743, com.alibaba.druid.sql.parser.SQLExprParser, com.alibaba.druid.sql.ast.SQLExpr methodRest(com.alibaba.druid.sql.ast.SQLExpr;boolean)_0, if $stack182 != 0 goto $stack183 = <com.alibaba.druid.util.FnvHash$Constants: long CONVERT>
104744, com.alibaba.druid.sql.parser.SQLExprParser, com.alibaba.druid.sql.ast.SQLExpr methodRest(com.alibaba.druid.sql.ast.SQLExpr;boolean)_0, $stack183 = <com.alibaba.druid.util.FnvHash$Constants: long CONVERT>
104745, com.alibaba.druid.sql.parser.SQLExprParser, com.alibaba.druid.sql.ast.SQLExpr methodRest(com.alibaba.druid.sql.ast.SQLExpr;boolean)_0, $stack184 = hash_lower cmp $stack183
104746, com.alibaba.druid.sql.parser.SQLExprParser, com.alibaba.druid.sql.ast.SQLExpr methodRest(com.alibaba.druid.sql.ast.SQLExpr;boolean)_0, if $stack184 != 0 goto (branch)
104747, com.alibaba.druid.sql.parser.SQLExprParser, com.alibaba.druid.sql.ast.SQLExpr methodRest(com.alibaba.druid.sql.ast.SQLExpr;boolean)_0, if distinct == 0 goto aggMethodName = virtualinvoke this.<com.alibaba.druid.sql.parser.SQLExprParser: java.lang.String getAggreateFunction(long)>(hash_lower)
104757, com.alibaba.druid.sql.parser.SQLExprParser, com.alibaba.druid.sql.ast.SQLExpr methodRest(com.alibaba.druid.sql.ast.SQLExpr;boolean)_0, identifierExpr#36 = virtualinvoke this.<com.alibaba.druid.sql.parser.SQLExprParser: com.alibaba.druid.sql.ast.expr.SQLAggregateExpr parseAggregateExpr(java.lang.String)>(methodName)
104789, com.alibaba.druid.sql.ast.expr.SQLMethodInvokeExpr, void <init>()_0, $stack1 = new java.util.ArrayList
104790, com.alibaba.druid.sql.ast.expr.SQLMethodInvokeExpr, void <init>()_0, specialinvoke $stack1.<java.util.ArrayList: void <init>()>()
104791, com.alibaba.druid.sql.ast.expr.SQLMethodInvokeExpr, void <init>()_0, this.<com.alibaba.druid.sql.ast.expr.SQLMethodInvokeExpr: java.util.List arguments> = $stack1
104795, com.alibaba.druid.sql.ast.expr.SQLAggregateExpr, void <init>(java.lang.String)_0, this.<com.alibaba.druid.sql.ast.expr.SQLAggregateExpr: java.lang.String methodName>_{104795} = Func_6_104795({stack1_{104715}})
104799, com.alibaba.druid.sql.ast.expr.SQLMethodInvokeExpr, java.util.List getArguments()_0, $stack1 = this.<com.alibaba.druid.sql.ast.expr.SQLMethodInvokeExpr: java.util.List arguments>
104800, com.alibaba.druid.sql.ast.expr.SQLMethodInvokeExpr, java.util.List getArguments()_0 END, return $stack1
105723, com.alibaba.druid.sql.parser.Lexer, java.lang.String stringVal()_1 END, stack2_{105723} = Func_8_105723({this.<com.alibaba.druid.sql.dialect.mysql.parser.MySqlLexer: java.lang.String stringVal>_{104694}})
105763, com.alibaba.druid.sql.parser.Lexer, void scanChar()_2, this.<com.alibaba.druid.sql.parser.Lexer: int pos>_{105763} = Func_8_105763({this.<com.alibaba.druid.sql.dialect.mysql.parser.MySqlLexer: int pos>_{104630}})
105788, com.alibaba.druid.sql.parser.SQLExprParser, com.alibaba.druid.sql.ast.SQLExpr primary()_0, $stack496 = virtualinvoke listExpr#22.<java.lang.String: char charAt(int)>(0)
105789, com.alibaba.druid.sql.parser.SQLExprParser, com.alibaba.druid.sql.ast.SQLExpr primary()_0, if $stack496 != 96 goto $u7 = new com.alibaba.druid.sql.ast.expr.SQLIdentifierExpr
106234, com.alibaba.druid.sql.dialect.mysql.parser.MySqlLexer, void scanIdentifier()_3, this.<com.alibaba.druid.sql.dialect.mysql.parser.MySqlLexer: int pos>_{106234} = Func_9_106234({this.<com.alibaba.druid.sql.parser.Lexer: int pos>_{105763}})
106295, com.alibaba.druid.sql.parser.SQLExprParser, com.alibaba.druid.sql.ast.SQLExpr methodRest(com.alibaba.druid.sql.ast.SQLExpr;boolean)_0, if distinct == 0 goto aggMethodName = virtualinvoke this.<com.alibaba.druid.sql.parser.SQLExprParser: java.lang.String getAggreateFunction(long)>(hash_lower)
107170, com.alibaba.druid.sql.dialect.mysql.parser.MySqlLexer, void scanIdentifier()_4, this.<com.alibaba.druid.sql.dialect.mysql.parser.MySqlLexer: int pos>_{107170} = Func_10_107170({this.<com.alibaba.druid.sql.dialect.mysql.parser.MySqlLexer: int pos>_{106234}})
107207, com.alibaba.druid.sql.dialect.mysql.parser.MySqlLexer, void scanIdentifier()_4, this.<com.alibaba.druid.sql.dialect.mysql.parser.MySqlLexer: com.alibaba.druid.sql.parser.Token token>_{107207} = Func_10_107207({<com.alibaba.druid.sql.parser.Token: com.alibaba.druid.sql.parser.Token IDENTIFIER>_{3137}})
107234, com.alibaba.druid.sql.dialect.mysql.parser.MySqlLexer, void scanIdentifier()_4, this.<com.alibaba.druid.sql.dialect.mysql.parser.MySqlLexer: java.lang.String stringVal>_{107234} = Func_10_107234({this.<com.alibaba.druid.sql.dialect.mysql.parser.MySqlLexer: int pos>_{106234}, this.<com.alibaba.druid.sql.dialect.mysql.parser.MySqlLexer: int bufPos>_{106973}, this.<com.alibaba.druid.sql.parser.Lexer: java.lang.String text>_{60978}})
107271, com.alibaba.druid.sql.parser.SQLSelectParser, void parseTableSourceQueryTableExpr(com.alibaba.druid.sql.ast.statement.SQLExprTableSource)_0, $stack2 = this.<com.alibaba.druid.sql.parser.SQLSelectParser: com.alibaba.druid.sql.parser.Lexer lexer>
107272, com.alibaba.druid.sql.parser.SQLSelectParser, void parseTableSourceQueryTableExpr(com.alibaba.druid.sql.ast.statement.SQLExprTableSource)_0, $stack4 = $stack2.<com.alibaba.druid.sql.parser.Lexer: com.alibaba.druid.sql.parser.Token token>
107273, com.alibaba.druid.sql.parser.SQLSelectParser, void parseTableSourceQueryTableExpr(com.alibaba.druid.sql.ast.statement.SQLExprTableSource)_0, $stack3 = <com.alibaba.druid.sql.parser.Token: com.alibaba.druid.sql.parser.Token LITERAL_ALIAS>
107274, com.alibaba.druid.sql.parser.SQLSelectParser, void parseTableSourceQueryTableExpr(com.alibaba.druid.sql.ast.statement.SQLExprTableSource)_0, if $stack4 == $stack3 goto $stack5 = this.<com.alibaba.druid.sql.parser.SQLSelectParser: com.alibaba.druid.sql.parser.SQLExprParser exprParser>
107275, com.alibaba.druid.sql.parser.SQLSelectParser, void parseTableSourceQueryTableExpr(com.alibaba.druid.sql.ast.statement.SQLExprTableSource)_0, $stack8 = this.<com.alibaba.druid.sql.parser.SQLSelectParser: com.alibaba.druid.sql.parser.Lexer lexer>
107276, com.alibaba.druid.sql.parser.SQLSelectParser, void parseTableSourceQueryTableExpr(com.alibaba.druid.sql.ast.statement.SQLExprTableSource)_0, $stack7 = <com.alibaba.druid.util.FnvHash$Constants: long IDENTIFIED>
107277, com.alibaba.druid.sql.parser.SQLSelectParser, void parseTableSourceQueryTableExpr(com.alibaba.druid.sql.ast.statement.SQLExprTableSource)_0, $stack9 = virtualinvoke $stack8.<com.alibaba.druid.sql.parser.Lexer: boolean identifierEquals(long)>($stack7)
107288, com.alibaba.druid.sql.parser.Lexer, boolean identifierEquals(long)_16 END, stack9_{107288} = Func_11_107288({stack9_{107287}})
107289, com.alibaba.druid.sql.parser.SQLSelectParser, void parseTableSourceQueryTableExpr(com.alibaba.druid.sql.ast.statement.SQLExprTableSource)_0, if $stack9 != 0 goto $stack5 = this.<com.alibaba.druid.sql.parser.SQLSelectParser: com.alibaba.druid.sql.parser.SQLExprParser exprParser>
107290, com.alibaba.druid.sql.parser.SQLSelectParser, void parseTableSourceQueryTableExpr(com.alibaba.druid.sql.ast.statement.SQLExprTableSource)_0, $stack12 = this.<com.alibaba.druid.sql.parser.SQLSelectParser: com.alibaba.druid.sql.parser.Lexer lexer>
107291, com.alibaba.druid.sql.parser.SQLSelectParser, void parseTableSourceQueryTableExpr(com.alibaba.druid.sql.ast.statement.SQLExprTableSource)_0, $stack14 = $stack12.<com.alibaba.druid.sql.parser.Lexer: com.alibaba.druid.sql.parser.Token token>
107292, com.alibaba.druid.sql.parser.SQLSelectParser, void parseTableSourceQueryTableExpr(com.alibaba.druid.sql.ast.statement.SQLExprTableSource)_0, $stack13 = <com.alibaba.druid.sql.parser.Token: com.alibaba.druid.sql.parser.Token LITERAL_CHARS>
107293, com.alibaba.druid.sql.parser.SQLSelectParser, void parseTableSourceQueryTableExpr(com.alibaba.druid.sql.ast.statement.SQLExprTableSource)_0, if $stack14 != $stack13 goto $stack15 = virtualinvoke this.<com.alibaba.druid.sql.parser.SQLSelectParser: com.alibaba.druid.sql.ast.SQLExpr expr()>()
107352, com.alibaba.druid.sql.parser.Lexer, java.lang.String stringVal()_2 END, stack2_{107352} = Func_12_107352({this.<com.alibaba.druid.sql.dialect.mysql.parser.MySqlLexer: java.lang.String stringVal>_{107234}})
107660, com.alibaba.druid.sql.dialect.mysql.parser.MySqlLexer, void scanIdentifier()_5, this.<com.alibaba.druid.sql.dialect.mysql.parser.MySqlLexer: com.alibaba.druid.sql.parser.Token token>_{107660} = Func_12_107660({this.<com.alibaba.druid.sql.dialect.mysql.parser.MySqlLexer: long hash_lower>_{107439}, this.<com.alibaba.druid.sql.dialect.mysql.parser.MySqlLexer: int pos>_{107170}, this.<com.alibaba.druid.sql.parser.Keywords: long[] hashArray>_{37421}, this.<com.alibaba.druid.sql.parser.Keywords: com.alibaba.druid.sql.parser.Token[] tokens>_{37424}, this.<com.alibaba.druid.sql.parser.Lexer: java.lang.String text>_{60978}})
107680, com.alibaba.druid.sql.parser.SQLExprParser, com.alibaba.druid.sql.ast.SQLExpr primary()_1, $stack496 = virtualinvoke listExpr#22.<java.lang.String: char charAt(int)>(0)
107681, com.alibaba.druid.sql.parser.SQLExprParser, com.alibaba.druid.sql.ast.SQLExpr primary()_1, if $stack496 != 96 goto $u7 = new com.alibaba.druid.sql.ast.expr.SQLIdentifierExpr
107945, com.alibaba.druid.sql.parser.SQLSelectParser, com.alibaba.druid.sql.ast.statement.SQLTableSource parseTableSourceRest(com.alibaba.druid.sql.ast.statement.SQLTableSource)_0, alias = virtualinvoke this.<com.alibaba.druid.sql.parser.SQLSelectParser: java.lang.String tableAlias()>()
107960, com.alibaba.druid.sql.parser.SQLParser, java.lang.String tableAlias(boolean)_0 END, return null
107964, com.alibaba.druid.sql.parser.SQLSelectParser, com.alibaba.druid.sql.ast.statement.SQLTableSource parseTableSourceRest(com.alibaba.druid.sql.ast.statement.SQLTableSource)_0, $stack15 = this.<com.alibaba.druid.sql.parser.SQLSelectParser: com.alibaba.druid.sql.parser.Lexer lexer>
107965, com.alibaba.druid.sql.parser.SQLSelectParser, com.alibaba.druid.sql.ast.statement.SQLTableSource parseTableSourceRest(com.alibaba.druid.sql.ast.statement.SQLTableSource)_0, $stack14 = <com.alibaba.druid.util.FnvHash$Constants: long NATURAL>
107966, com.alibaba.druid.sql.parser.SQLSelectParser, com.alibaba.druid.sql.ast.statement.SQLTableSource parseTableSourceRest(com.alibaba.druid.sql.ast.statement.SQLTableSource)_0, hash#33 = virtualinvoke $stack15.<com.alibaba.druid.sql.parser.Lexer: boolean identifierEquals(long)>($stack14)
107972, com.alibaba.druid.sql.parser.SQLSelectParser, com.alibaba.druid.sql.ast.statement.SQLTableSource parseTableSourceRest(com.alibaba.druid.sql.ast.statement.SQLTableSource)_0, $stack19 = <com.alibaba.druid.sql.parser.SQLSelectParser$1: int[] $SwitchMap$com$alibaba$druid$sql$parser$Token>
108112, com.alibaba.druid.sql.parser.SQLSelectParser, com.alibaba.druid.sql.ast.statement.SQLTableSource parseTableSourceRest(com.alibaba.druid.sql.ast.statement.SQLTableSource)_0, $stack17 = this.<com.alibaba.druid.sql.parser.SQLSelectParser: com.alibaba.druid.sql.parser.Lexer lexer>
108113, com.alibaba.druid.sql.parser.SQLSelectParser, com.alibaba.druid.sql.ast.statement.SQLTableSource parseTableSourceRest(com.alibaba.druid.sql.ast.statement.SQLTableSource)_0, $stack18 = $stack17.<com.alibaba.druid.sql.parser.Lexer: com.alibaba.druid.sql.parser.Token token>
108114, com.alibaba.druid.sql.parser.SQLSelectParser, com.alibaba.druid.sql.ast.statement.SQLTableSource parseTableSourceRest(com.alibaba.druid.sql.ast.statement.SQLTableSource)_0, $stack20 = virtualinvoke $stack18.<com.alibaba.druid.sql.parser.Token: int ordinal()>()
108115, com.alibaba.druid.sql.parser.SQLSelectParser, com.alibaba.druid.sql.ast.statement.SQLTableSource parseTableSourceRest(com.alibaba.druid.sql.ast.statement.SQLTableSource)_0, $stack21 = $stack19[$stack20]
109507, com.alibaba.druid.sql.parser.Lexer, void nextToken()_8, this.<com.alibaba.druid.sql.parser.Lexer: com.alibaba.druid.sql.parser.Token token>_{109507} = Func_18_109507({<com.alibaba.druid.sql.parser.Token: com.alibaba.druid.sql.parser.Token EOF>_{3121}})
109711, com.alibaba.druid.sql.parser.SQLExprParser, com.alibaba.druid.sql.ast.SQLExpr exprRest(com.alibaba.druid.sql.ast.SQLExpr)_3 END, expr#2_{109711} = Func_18_109710({u11_{109644}})
109722, com.alibaba.druid.sql.ast.statement.SQLSelectQueryBlock, void setWhere(com.alibaba.druid.sql.ast.SQLExpr)_0, if x == null goto this.<com.alibaba.druid.sql.ast.statement.SQLSelectQueryBlock: com.alibaba.druid.sql.ast.SQLExpr where> = x
109723, com.alibaba.druid.sql.ast.statement.SQLSelectQueryBlock, void setWhere(com.alibaba.druid.sql.ast.SQLExpr)_0, interfaceinvoke x.<com.alibaba.druid.sql.ast.SQLExpr: void setParent(com.alibaba.druid.sql.ast.SQLObject)>(this)
109726, com.alibaba.druid.sql.ast.statement.SQLSelectQueryBlock, void setWhere(com.alibaba.druid.sql.ast.SQLExpr)_0, this.<com.alibaba.druid.sql.ast.statement.SQLSelectQueryBlock: com.alibaba.druid.sql.ast.SQLExpr where> = x
109768, com.alibaba.druid.sql.parser.SQLSelectParser, void parseGroupBy(com.alibaba.druid.sql.ast.statement.SQLSelectQueryBlock)_0, $stack4 = this.<com.alibaba.druid.sql.parser.SQLSelectParser: com.alibaba.druid.sql.parser.Lexer lexer>
109769, com.alibaba.druid.sql.parser.SQLSelectParser, void parseGroupBy(com.alibaba.druid.sql.ast.statement.SQLSelectQueryBlock)_0, $stack6 = $stack4.<com.alibaba.druid.sql.parser.Lexer: com.alibaba.druid.sql.parser.Token token>
109770, com.alibaba.druid.sql.parser.SQLSelectParser, void parseGroupBy(com.alibaba.druid.sql.ast.statement.SQLSelectQueryBlock)_0, $stack5 = <com.alibaba.druid.sql.parser.Token: com.alibaba.druid.sql.parser.Token GROUP>
109771, com.alibaba.druid.sql.parser.SQLSelectParser, void parseGroupBy(com.alibaba.druid.sql.ast.statement.SQLSelectQueryBlock)_0, if $stack6 != $stack5 goto $stack7 = this.<com.alibaba.druid.sql.parser.SQLSelectParser: com.alibaba.druid.sql.parser.Lexer lexer>
109772, com.alibaba.druid.sql.parser.SQLSelectParser, void parseGroupBy(com.alibaba.druid.sql.ast.statement.SQLSelectQueryBlock)_0, $stack7 = this.<com.alibaba.druid.sql.parser.SQLSelectParser: com.alibaba.druid.sql.parser.Lexer lexer>
109773, com.alibaba.druid.sql.parser.SQLSelectParser, void parseGroupBy(com.alibaba.druid.sql.ast.statement.SQLSelectQueryBlock)_0, $stack9 = $stack7.<com.alibaba.druid.sql.parser.Lexer: com.alibaba.druid.sql.parser.Token token>
109774, com.alibaba.druid.sql.parser.SQLSelectParser, void parseGroupBy(com.alibaba.druid.sql.ast.statement.SQLSelectQueryBlock)_0, $stack8 = <com.alibaba.druid.sql.parser.Token: com.alibaba.druid.sql.parser.Token HAVING>
109775, com.alibaba.druid.sql.parser.SQLSelectParser, void parseGroupBy(com.alibaba.druid.sql.ast.statement.SQLSelectQueryBlock)_0, if $stack9 != $stack8 goto return
109848, com.alibaba.druid.sql.ast.statement.SQLSelect, void setQuery(com.alibaba.druid.sql.ast.statement.SQLSelectQuery)_0, this.<com.alibaba.druid.sql.ast.statement.SQLSelect: com.alibaba.druid.sql.ast.statement.SQLSelectQuery query>_{109848} = Func_21_109847(set())
109870, com.alibaba.druid.sql.parser.SQLSelectParser, com.alibaba.druid.sql.ast.statement.SQLSelect select()_0, $stack32 = this.<com.alibaba.druid.sql.parser.SQLSelectParser: com.alibaba.druid.sql.parser.Lexer lexer>
109871, com.alibaba.druid.sql.parser.SQLSelectParser, com.alibaba.druid.sql.ast.statement.SQLSelect select()_0, $stack34 = $stack32.<com.alibaba.druid.sql.parser.Lexer: com.alibaba.druid.sql.parser.Token token>
109872, com.alibaba.druid.sql.parser.SQLSelectParser, com.alibaba.druid.sql.ast.statement.SQLSelect select()_0, $stack33 = <com.alibaba.druid.sql.parser.Token: com.alibaba.druid.sql.parser.Token LIMIT>
109873, com.alibaba.druid.sql.parser.SQLSelectParser, com.alibaba.druid.sql.ast.statement.SQLSelect select()_0, if $stack34 != $stack33 goto (branch)
109875, com.alibaba.druid.sql.parser.SQLSelectParser, com.alibaba.druid.sql.ast.statement.SQLSelect select()_0, goto [?= (branch)]
109876, com.alibaba.druid.sql.parser.SQLSelectParser, com.alibaba.druid.sql.ast.statement.SQLSelect select()_0, $stack13 = this.<com.alibaba.druid.sql.parser.SQLSelectParser: com.alibaba.druid.sql.parser.Lexer lexer>
109877, com.alibaba.druid.sql.parser.SQLSelectParser, com.alibaba.druid.sql.ast.statement.SQLSelect select()_0, $stack15 = $stack13.<com.alibaba.druid.sql.parser.Lexer: com.alibaba.druid.sql.parser.Token token>
109878, com.alibaba.druid.sql.parser.SQLSelectParser, com.alibaba.druid.sql.ast.statement.SQLSelect select()_0, $stack14 = <com.alibaba.druid.sql.parser.Token: com.alibaba.druid.sql.parser.Token LIMIT>
109879, com.alibaba.druid.sql.parser.SQLSelectParser, com.alibaba.druid.sql.ast.statement.SQLSelect select()_0, if $stack15 != $stack14 goto $stack16 = this.<com.alibaba.druid.sql.parser.SQLSelectParser: com.alibaba.druid.sql.parser.Lexer lexer>
109902, com.alibaba.druid.sql.ast.statement.SQLSelectStatement, void setSelect(com.alibaba.druid.sql.ast.statement.SQLSelect)_0, this.<com.alibaba.druid.sql.ast.statement.SQLSelectStatement: com.alibaba.druid.sql.ast.statement.SQLSelect select>_{109902} = Func_23_109901(set())
109906, com.alibaba.druid.sql.parser.SQLStatementParser, com.alibaba.druid.sql.ast.SQLStatement parseStatement()_0 END, stack20_{109906} = Func_23_109905({stack6_{109887}})
109907, Client, com.alibaba.druid.sql.ast.statement.SQLSelectStatement getSelectStatement(java.lang.String)_0, $stack5 = (com.alibaba.druid.sql.ast.statement.SQLSelectStatement) $stack4
109908, Client, com.alibaba.druid.sql.ast.statement.SQLSelectStatement getSelectStatement(java.lang.String)_0 END, return $stack5
109909, Client, com.alibaba.druid.sql.ast.statement.SQLSelect getSelect(java.lang.String)_0, $stack4 = virtualinvoke stament.<com.alibaba.druid.sql.ast.statement.SQLSelectStatement: com.alibaba.druid.sql.ast.statement.SQLSelect getSelect()>()
109911, com.alibaba.druid.sql.ast.statement.SQLSelectStatement, com.alibaba.druid.sql.ast.statement.SQLSelect getSelect()_0 END, stack1_{109911} = Func_24_109910({this.<com.alibaba.druid.sql.ast.statement.SQLSelectStatement: com.alibaba.druid.sql.ast.statement.SQLSelect select>_{109902}})
109912, Client, com.alibaba.druid.sql.ast.statement.SQLSelect getSelect(java.lang.String)_0 END, return $stack4
109913, Client, com.alibaba.druid.sql.dialect.mysql.ast.statement.MySqlSelectQueryBlock getQuery(java.lang.String)_0, $stack4 = virtualinvoke select.<com.alibaba.druid.sql.ast.statement.SQLSelect: com.alibaba.druid.sql.ast.statement.SQLSelectQuery getQuery()>()
109915, com.alibaba.druid.sql.ast.statement.SQLSelect, com.alibaba.druid.sql.ast.statement.SQLSelectQuery getQuery()_0 END, stack1_{109915} = Func_25_109914({this.<com.alibaba.druid.sql.ast.statement.SQLSelect: com.alibaba.druid.sql.ast.statement.SQLSelectQuery query>_{109848}})
109916, Client, com.alibaba.druid.sql.dialect.mysql.ast.statement.MySqlSelectQueryBlock getQuery(java.lang.String)_0, $stack5 = (com.alibaba.druid.sql.dialect.mysql.ast.statement.MySqlSelectQueryBlock) $stack4
109917, Client, com.alibaba.druid.sql.dialect.mysql.ast.statement.MySqlSelectQueryBlock getQuery(java.lang.String)_0 END, return $stack5
109918, Client, void testSelectItem()_0, items = virtualinvoke query.<com.alibaba.druid.sql.dialect.mysql.ast.statement.MySqlSelectQueryBlock: java.util.List getSelectList()>()
109920, com.alibaba.druid.sql.ast.statement.SQLSelectQueryBlock, java.util.List getSelectList()_1 END, stack1_{109920} = Func_26_109919({this.<com.alibaba.druid.sql.ast.statement.SQLSelectQueryBlock: java.util.List selectList>_{72410}})
109921, Client, void testSelectItem()_0, $stack7 = new com.actiontech.dble.plan.visitor.MySQLItemVisitor
109922, Client, void testSelectItem()_0, $stack9 = this.<Client: java.lang.String currentDb>
109923, Client, void testSelectItem()_0, $stack8 = this.<Client: int utf8Charset>
109924, Client, void testSelectItem()_0, specialinvoke $stack7.<com.actiontech.dble.plan.visitor.MySQLItemVisitor: void <init>(java.lang.String;int;com.actiontech.dble.meta.ProxyMetaManager)>($stack9; $stack8; null)
109934, Client, void testSelectItem()_0, $stack10 = interfaceinvoke items.<java.util.List: java.lang.Object get(int)>(0)
109935, Client, void testSelectItem()_0, $stack11 = (com.alibaba.druid.sql.ast.statement.SQLSelectItem) $stack10
109936, Client, void testSelectItem()_0, virtualinvoke $stack11.<com.alibaba.druid.sql.ast.statement.SQLSelectItem: void accept(com.alibaba.druid.sql.visitor.SQLASTVisitor)>($stack7)
109955, com.alibaba.druid.sql.ast.expr.SQLAggregateExpr, void accept0(com.alibaba.druid.sql.visitor.SQLASTVisitor)_0, $stack5 = this.<com.alibaba.druid.sql.ast.expr.SQLAggregateExpr: com.alibaba.druid.sql.ast.SQLExpr owner>
109956, com.alibaba.druid.sql.ast.expr.SQLAggregateExpr, void accept0(com.alibaba.druid.sql.visitor.SQLASTVisitor)_0, if $stack5 == null goto $stack6 = this.<com.alibaba.druid.sql.ast.expr.SQLAggregateExpr: java.util.List arguments>
109957, com.alibaba.druid.sql.ast.expr.SQLAggregateExpr, void accept0(com.alibaba.druid.sql.visitor.SQLASTVisitor)_0, $stack6 = this.<com.alibaba.druid.sql.ast.expr.SQLAggregateExpr: java.util.List arguments>
109958, com.alibaba.druid.sql.ast.expr.SQLAggregateExpr, void accept0(com.alibaba.druid.sql.visitor.SQLASTVisitor)_0, l2 = interfaceinvoke $stack6.<java.util.List: java.util.Iterator iterator()>()
109959, com.alibaba.druid.sql.ast.expr.SQLAggregateExpr, void accept0(com.alibaba.druid.sql.visitor.SQLASTVisitor)_0, $stack8 = interfaceinvoke l2.<java.util.Iterator: boolean hasNext()>()
109960, com.alibaba.druid.sql.ast.expr.SQLAggregateExpr, void accept0(com.alibaba.druid.sql.visitor.SQLASTVisitor)_0, if $stack8 == 0 goto $stack9 = this.<com.alibaba.druid.sql.ast.expr.SQLAggregateExpr: com.alibaba.druid.sql.ast.SQLKeep keep>
109961, com.alibaba.druid.sql.ast.expr.SQLAggregateExpr, void accept0(com.alibaba.druid.sql.visitor.SQLASTVisitor)_0, $stack25 = interfaceinvoke l2.<java.util.Iterator: java.lang.Object next()>()
109962, com.alibaba.druid.sql.ast.expr.SQLAggregateExpr, void accept0(com.alibaba.druid.sql.visitor.SQLASTVisitor)_0, arg = (com.alibaba.druid.sql.ast.SQLExpr) $stack25
109963, com.alibaba.druid.sql.ast.expr.SQLAggregateExpr, void accept0(com.alibaba.druid.sql.visitor.SQLASTVisitor)_0, if arg == null goto (branch)
109964, com.alibaba.druid.sql.ast.expr.SQLAggregateExpr, void accept0(com.alibaba.druid.sql.visitor.SQLASTVisitor)_0, interfaceinvoke arg.<com.alibaba.druid.sql.ast.SQLExpr: void accept(com.alibaba.druid.sql.visitor.SQLASTVisitor)>(visitor)
110528, com.alibaba.druid.sql.ast.expr.SQLAggregateExpr, void accept0(com.alibaba.druid.sql.visitor.SQLASTVisitor)_0, goto [?= $stack8 = interfaceinvoke l2.<java.util.Iterator: boolean hasNext()>()]
110529, com.alibaba.druid.sql.ast.expr.SQLAggregateExpr, void accept0(com.alibaba.druid.sql.visitor.SQLASTVisitor)_0, $stack8 = interfaceinvoke l2.<java.util.Iterator: boolean hasNext()>()
110530, com.alibaba.druid.sql.ast.expr.SQLAggregateExpr, void accept0(com.alibaba.druid.sql.visitor.SQLASTVisitor)_0, if $stack8 == 0 goto $stack9 = this.<com.alibaba.druid.sql.ast.expr.SQLAggregateExpr: com.alibaba.druid.sql.ast.SQLKeep keep>
110531, com.alibaba.druid.sql.ast.expr.SQLAggregateExpr, void accept0(com.alibaba.druid.sql.visitor.SQLASTVisitor)_0, $stack9 = this.<com.alibaba.druid.sql.ast.expr.SQLAggregateExpr: com.alibaba.druid.sql.ast.SQLKeep keep>
110532, com.alibaba.druid.sql.ast.expr.SQLAggregateExpr, void accept0(com.alibaba.druid.sql.visitor.SQLASTVisitor)_0, if $stack9 == null goto $stack10 = this.<com.alibaba.druid.sql.ast.expr.SQLAggregateExpr: com.alibaba.druid.sql.ast.SQLExpr filter>
110533, com.alibaba.druid.sql.ast.expr.SQLAggregateExpr, void accept0(com.alibaba.druid.sql.visitor.SQLASTVisitor)_0, $stack10 = this.<com.alibaba.druid.sql.ast.expr.SQLAggregateExpr: com.alibaba.druid.sql.ast.SQLExpr filter>
110534, com.alibaba.druid.sql.ast.expr.SQLAggregateExpr, void accept0(com.alibaba.druid.sql.visitor.SQLASTVisitor)_0, if $stack10 == null goto $stack11 = this.<com.alibaba.druid.sql.ast.expr.SQLAggregateExpr: com.alibaba.druid.sql.ast.SQLOver over>
110535, com.alibaba.druid.sql.ast.expr.SQLAggregateExpr, void accept0(com.alibaba.druid.sql.visitor.SQLASTVisitor)_0, $stack11 = this.<com.alibaba.druid.sql.ast.expr.SQLAggregateExpr: com.alibaba.druid.sql.ast.SQLOver over>
110536, com.alibaba.druid.sql.ast.expr.SQLAggregateExpr, void accept0(com.alibaba.druid.sql.visitor.SQLASTVisitor)_0, if $stack11 == null goto $stack12 = this.<com.alibaba.druid.sql.ast.expr.SQLAggregateExpr: com.alibaba.druid.sql.ast.SQLName overRef>
110537, com.alibaba.druid.sql.ast.expr.SQLAggregateExpr, void accept0(com.alibaba.druid.sql.visitor.SQLASTVisitor)_0, $stack12 = this.<com.alibaba.druid.sql.ast.expr.SQLAggregateExpr: com.alibaba.druid.sql.ast.SQLName overRef>
110538, com.alibaba.druid.sql.ast.expr.SQLAggregateExpr, void accept0(com.alibaba.druid.sql.visitor.SQLASTVisitor)_0, if $stack12 == null goto $stack13 = this.<com.alibaba.druid.sql.ast.expr.SQLAggregateExpr: com.alibaba.druid.sql.ast.SQLOrderBy withinGroup>
110539, com.alibaba.druid.sql.ast.expr.SQLAggregateExpr, void accept0(com.alibaba.druid.sql.visitor.SQLASTVisitor)_0, $stack13 = this.<com.alibaba.druid.sql.ast.expr.SQLAggregateExpr: com.alibaba.druid.sql.ast.SQLOrderBy withinGroup>
110540, com.alibaba.druid.sql.ast.expr.SQLAggregateExpr, void accept0(com.alibaba.druid.sql.visitor.SQLASTVisitor)_0, if $stack13 == null goto interfaceinvoke visitor.<com.alibaba.druid.sql.visitor.SQLASTVisitor: void endVisit(com.alibaba.druid.sql.ast.expr.SQLAggregateExpr)>(this)
110543, com.alibaba.druid.sql.ast.expr.SQLMethodInvokeExpr, java.util.List getArguments()_1, $stack1 = this.<com.alibaba.druid.sql.ast.expr.SQLMethodInvokeExpr: java.util.List arguments>
110544, com.alibaba.druid.sql.ast.expr.SQLMethodInvokeExpr, java.util.List getArguments()_1 END, return $stack1
110638, com.alibaba.druid.sql.ast.expr.SQLMethodInvokeExpr, java.lang.String getMethodName()_0, $stack1 = this.<com.alibaba.druid.sql.ast.expr.SQLMethodInvokeExpr: java.lang.String methodName>
110639, com.alibaba.druid.sql.ast.expr.SQLMethodInvokeExpr, java.lang.String getMethodName()_0 END, return $stack1
110695, com.actiontech.dble.plan.visitor.MySQLItemVisitor, void endVisit(com.alibaba.druid.sql.ast.expr.SQLAggregateExpr)_0, this.<com.actiontech.dble.plan.visitor.MySQLItemVisitor: com.actiontech.dble.plan.common.item.Item item>_{110695} = Func_32_110694({stack58_{110658}})
110698, com.actiontech.dble.plan.visitor.MySQLItemVisitor, void initName(com.alibaba.druid.sql.ast.SQLExpr)_0, stack4_{110698} = Func_32_110697({stack4_{110698}})
128063, com.alibaba.druid.sql.ast.expr.SQLMethodInvokeExpr, java.lang.String getMethodName()_1, $stack1 = this.<com.alibaba.druid.sql.ast.expr.SQLMethodInvokeExpr: java.lang.String methodName>
128064, com.alibaba.druid.sql.ast.expr.SQLMethodInvokeExpr, java.lang.String getMethodName()_1 END, return $stack1
128088, com.alibaba.druid.sql.ast.expr.SQLMethodInvokeExpr, java.util.List getArguments()_2, $stack1 = this.<com.alibaba.druid.sql.ast.expr.SQLMethodInvokeExpr: java.util.List arguments>
128089, com.alibaba.druid.sql.ast.expr.SQLMethodInvokeExpr, java.util.List getArguments()_2 END, return $stack1
128171, com.actiontech.dble.plan.common.item.Item, void setItemName(java.lang.String)_0, this.<com.actiontech.dble.plan.common.item.Item: java.lang.String itemName>_{128171} = Func_34_128170({stack4_{110698}})
128186, Client, void testSelectItem()_0, item = virtualinvoke $stack7.<com.actiontech.dble.plan.visitor.MySQLItemVisitor: com.actiontech.dble.plan.common.item.Item getItem()>()
128188, com.actiontech.dble.plan.visitor.MySQLItemVisitor, com.actiontech.dble.plan.common.item.Item getItem()_1 END, stack1_{128188} = Func_35_128187({this.<com.actiontech.dble.plan.visitor.MySQLItemVisitor: com.actiontech.dble.plan.common.item.Item item>_{110695}})
128189, Client, void testSelectItem()_0, $stack13 = staticinvoke <java.lang.Boolean: java.lang.Boolean valueOf(boolean)>(1)
128190, Client, void testSelectItem()_0, $stack14 = "SUM(col1)"
128191, Client, void testSelectItem()_0, $stack15 = virtualinvoke item.<com.actiontech.dble.plan.common.item.Item: java.lang.String getItemName()>()
128198, com.actiontech.dble.plan.common.item.Item, java.lang.String getItemName()_0 END, stack9_{128198} = Func_36_128197({this.<com.actiontech.dble.plan.common.item.Item: java.lang.String itemName>_{128171}})
128199, Client, void testSelectItem()_0, $stack16 = virtualinvoke $stack14.<java.lang.String: boolean equals(java.lang.Object)>($stack15)
128200, Client, void testSelectItem()_0, $stack17 = staticinvoke <java.lang.Boolean: java.lang.Boolean valueOf(boolean)>($stack16)
128201, Client, void testSelectItem()_0, staticinvoke <org.junit.Assert: void assertEquals(java.lang.Object;java.lang.Object)>($stack13; $stack17)