0, com.intuit.wasabi.export.rest.impl.DefaultRestEndPointTest, void <init>()_0, specialinvoke this.<java.lang.Object: void <init>()>()
1, com.intuit.wasabi.export.rest.impl.DefaultRestEndPointTest, void <init>()_0 END, return
6, com.intuit.wasabi.export.rest.impl.DefaultRestEndPoint, void <init>(com.intuit.wasabi.export.rest.RestEndPoint$Configuration)_0, this.<com.intuit.wasabi.export.rest.impl.DefaultRestEndPoint: com.intuit.wasabi.export.rest.RestEndPointConfiguration configuration>_{6} = Func_0_6(set())
8, com.intuit.wasabi.export.rest.impl.DefaultRestEndPointTest, void testGetRestEndPointURI()_0, $stack2 = <java.lang.System: java.io.PrintStream out>
9, com.intuit.wasabi.export.rest.impl.DefaultRestEndPointTest, void testGetRestEndPointURI()_0, virtualinvoke $stack2.<java.io.PrintStream: void println(java.lang.String)>("Hello")
10, com.intuit.wasabi.export.rest.impl.DefaultRestEndPointTest, void testGetRestEndPointURI()_0, $stack3 = this.<com.intuit.wasabi.export.rest.impl.DefaultRestEndPointTest: com.intuit.wasabi.export.rest.impl.DefaultRestEndPointConfiguration config>
11, com.intuit.wasabi.export.rest.impl.DefaultRestEndPointTest, void testGetRestEndPointURI()_0, $stack4 = virtualinvoke $stack3.<com.intuit.wasabi.export.rest.impl.DefaultRestEndPointConfiguration: java.lang.String getScheme()>()
12, com.intuit.wasabi.export.rest.impl.DefaultRestEndPointTest, void testGetRestEndPointURI()_0, $stack5 = staticinvoke <org.mockito.BDDMockito: org.mockito.BDDMockito$BDDMyOngoingStubbing given(java.lang.Object)>($stack4)
13, com.intuit.wasabi.export.rest.impl.DefaultRestEndPointTest, void testGetRestEndPointURI()_0, interfaceinvoke $stack5.<org.mockito.BDDMockito$BDDMyOngoingStubbing: org.mockito.BDDMockito$BDDMyOngoingStubbing willReturn(java.lang.Object)>("http")
14, com.intuit.wasabi.export.rest.impl.DefaultRestEndPointTest, void testGetRestEndPointURI()_0, $stack7 = this.<com.intuit.wasabi.export.rest.impl.DefaultRestEndPointTest: com.intuit.wasabi.export.rest.impl.DefaultRestEndPointConfiguration config>
15, com.intuit.wasabi.export.rest.impl.DefaultRestEndPointTest, void testGetRestEndPointURI()_0, $stack8 = virtualinvoke $stack7.<com.intuit.wasabi.export.rest.impl.DefaultRestEndPointConfiguration: java.lang.String getHost()>()
16, com.intuit.wasabi.export.rest.impl.DefaultRestEndPointTest, void testGetRestEndPointURI()_0, $stack9 = staticinvoke <org.mockito.BDDMockito: org.mockito.BDDMockito$BDDMyOngoingStubbing given(java.lang.Object)>($stack8)
17, com.intuit.wasabi.export.rest.impl.DefaultRestEndPointTest, void testGetRestEndPointURI()_0, interfaceinvoke $stack9.<org.mockito.BDDMockito$BDDMyOngoingStubbing: org.mockito.BDDMockito$BDDMyOngoingStubbing willReturn(java.lang.Object)>("host1")
18, com.intuit.wasabi.export.rest.impl.DefaultRestEndPointTest, void testGetRestEndPointURI()_0, $stack11 = this.<com.intuit.wasabi.export.rest.impl.DefaultRestEndPointTest: com.intuit.wasabi.export.rest.impl.DefaultRestEndPointConfiguration config>
19, com.intuit.wasabi.export.rest.impl.DefaultRestEndPointTest, void testGetRestEndPointURI()_0, $stack12 = virtualinvoke $stack11.<com.intuit.wasabi.export.rest.impl.DefaultRestEndPointConfiguration: java.lang.String getPath()>()
20, com.intuit.wasabi.export.rest.impl.DefaultRestEndPointTest, void testGetRestEndPointURI()_0, $stack13 = staticinvoke <org.mockito.BDDMockito: org.mockito.BDDMockito$BDDMyOngoingStubbing given(java.lang.Object)>($stack12)
21, com.intuit.wasabi.export.rest.impl.DefaultRestEndPointTest, void testGetRestEndPointURI()_0, interfaceinvoke $stack13.<org.mockito.BDDMockito$BDDMyOngoingStubbing: org.mockito.BDDMockito$BDDMyOngoingStubbing willReturn(java.lang.Object)>("path1")
22, com.intuit.wasabi.export.rest.impl.DefaultRestEndPointTest, void testGetRestEndPointURI()_0, $stack15 = this.<com.intuit.wasabi.export.rest.impl.DefaultRestEndPointTest: com.intuit.wasabi.export.rest.impl.DefaultRestEndPointConfiguration config>
23, com.intuit.wasabi.export.rest.impl.DefaultRestEndPointTest, void testGetRestEndPointURI()_0, $stack16 = virtualinvoke $stack15.<com.intuit.wasabi.export.rest.impl.DefaultRestEndPointConfiguration: int getPort()>()
24, com.intuit.wasabi.export.rest.impl.DefaultRestEndPointTest, void testGetRestEndPointURI()_0, $stack17 = staticinvoke <java.lang.Integer: java.lang.Integer valueOf(int)>($stack16)
25, com.intuit.wasabi.export.rest.impl.DefaultRestEndPointTest, void testGetRestEndPointURI()_0, $stack18 = staticinvoke <org.mockito.BDDMockito: org.mockito.BDDMockito$BDDMyOngoingStubbing given(java.lang.Object)>($stack17)
26, com.intuit.wasabi.export.rest.impl.DefaultRestEndPointTest, void testGetRestEndPointURI()_0, $stack19 = staticinvoke <java.lang.Integer: java.lang.Integer valueOf(int)>(5)
27, com.intuit.wasabi.export.rest.impl.DefaultRestEndPointTest, void testGetRestEndPointURI()_0, interfaceinvoke $stack18.<org.mockito.BDDMockito$BDDMyOngoingStubbing: org.mockito.BDDMockito$BDDMyOngoingStubbing willReturn(java.lang.Object)>($stack19)
28, com.intuit.wasabi.export.rest.impl.DefaultRestEndPointTest, void testGetRestEndPointURI()_0, $stack21 = this.<com.intuit.wasabi.export.rest.impl.DefaultRestEndPointTest: com.intuit.wasabi.export.rest.impl.DefaultRestEndPoint rest>
29, com.intuit.wasabi.export.rest.impl.DefaultRestEndPointTest, void testGetRestEndPointURI()_0, uri = virtualinvoke $stack21.<com.intuit.wasabi.export.rest.impl.DefaultRestEndPoint: java.net.URI getRestEndPointURI()>()
39, org.apache.http.client.utils.URIBuilder, org.apache.http.client.utils.URIBuilder setScheme(java.lang.String)_0, this.<org.apache.http.client.utils.URIBuilder: java.lang.String scheme>_{39} = Func_1_39({uri_{29}, this.<com.intuit.wasabi.export.rest.impl.DefaultRestEndPoint: com.intuit.wasabi.export.rest.RestEndPointConfiguration configuration>_{6}})
44, org.apache.http.client.utils.URIBuilder, org.apache.http.client.utils.URIBuilder setHost(java.lang.String)_0, this.<org.apache.http.client.utils.URIBuilder: java.lang.String host>_{44} = Func_1_44({uri_{29}, this.<com.intuit.wasabi.export.rest.impl.DefaultRestEndPoint: com.intuit.wasabi.export.rest.RestEndPointConfiguration configuration>_{6}})
49, com.intuit.wasabi.export.rest.impl.DefaultRestEndPoint, java.net.URI getRestEndPointURI()_0, stack12_{49} = Func_1_49({uri_{29}, this.<com.intuit.wasabi.export.rest.impl.DefaultRestEndPoint: com.intuit.wasabi.export.rest.RestEndPointConfiguration configuration>_{6}})
50, com.intuit.wasabi.export.rest.impl.DefaultRestEndPoint, java.net.URI getRestEndPointURI()_0, uriBuilder_{50} = Func_1_50({uri_{29}})
51, org.apache.http.client.utils.URIBuilder, org.apache.http.client.utils.URIBuilder setPath(java.lang.String)_0, if path == null goto $stack3 = null
52, org.apache.http.client.utils.URIBuilder, org.apache.http.client.utils.URIBuilder setPath(java.lang.String)_0, $stack3 = staticinvoke <org.apache.http.client.utils.URLEncodedUtils: java.util.List splitPathSegments(java.lang.CharSequence)>(path)
53, org.apache.http.client.utils.URLEncodedUtils, void <clinit>()_0, $stack1 = new java.util.BitSet
54, org.apache.http.client.utils.URLEncodedUtils, void <clinit>()_0, specialinvoke $stack1.<java.util.BitSet: void <init>(int)>(256)
55, org.apache.http.client.utils.URLEncodedUtils, void <clinit>()_0, <org.apache.http.client.utils.URLEncodedUtils: java.util.BitSet PATH_SEPARATORS> = $stack1
56, org.apache.http.client.utils.URLEncodedUtils, void <clinit>()_0, $stack2 = <org.apache.http.client.utils.URLEncodedUtils: java.util.BitSet PATH_SEPARATORS>
57, org.apache.http.client.utils.URLEncodedUtils, void <clinit>()_0, virtualinvoke $stack2.<java.util.BitSet: void set(int)>(47)
69, org.apache.http.client.utils.URLEncodedUtils, void <clinit>()_0, <org.apache.http.client.utils.URLEncodedUtils: java.util.BitSet PATHSAFE>_{69} = Func_2_69({stack6_{67}})
79, org.apache.http.client.utils.URLEncodedUtils, void <clinit>()_0, $stack10 = new java.util.BitSet
80, org.apache.http.client.utils.URLEncodedUtils, void <clinit>()_0, specialinvoke $stack10.<java.util.BitSet: void <init>(int)>(256)
81, org.apache.http.client.utils.URLEncodedUtils, void <clinit>()_0, <org.apache.http.client.utils.URLEncodedUtils: java.util.BitSet PATH_SPECIAL> = $stack10
458, org.apache.http.client.utils.URLEncodedUtils, void <clinit>()_0, $stack44 = <org.apache.http.client.utils.URLEncodedUtils: java.util.BitSet PATH_SPECIAL>
459, org.apache.http.client.utils.URLEncodedUtils, void <clinit>()_0, $stack43 = <org.apache.http.client.utils.URLEncodedUtils: java.util.BitSet PATHSAFE>
460, org.apache.http.client.utils.URLEncodedUtils, void <clinit>()_0, virtualinvoke $stack44.<java.util.BitSet: void or(java.util.BitSet)>($stack43)
461, org.apache.http.client.utils.URLEncodedUtils, void <clinit>()_0, $stack45 = <org.apache.http.client.utils.URLEncodedUtils: java.util.BitSet PATH_SPECIAL>
462, org.apache.http.client.utils.URLEncodedUtils, void <clinit>()_0, virtualinvoke $stack45.<java.util.BitSet: void set(int)>(47)
494, org.apache.http.client.utils.URLEncodedUtils, java.util.List splitPathSegments(java.lang.CharSequence)_0, $stack1 = <org.apache.http.client.utils.URLEncodedUtils: java.util.BitSet PATH_SEPARATORS>
495, org.apache.http.client.utils.URLEncodedUtils, java.util.List splitPathSegments(java.lang.CharSequence)_0, $stack2 = staticinvoke <org.apache.http.client.utils.URLEncodedUtils: java.util.List splitSegments(java.lang.CharSequence;java.util.BitSet)>(s; $stack1)
496, org.apache.http.client.utils.URLEncodedUtils, java.util.List splitSegments(java.lang.CharSequence;java.util.BitSet)_0, $stack6 = new org.apache.http.message.ParserCursor
497, org.apache.http.client.utils.URLEncodedUtils, java.util.List splitSegments(java.lang.CharSequence;java.util.BitSet)_0, $stack8 = interfaceinvoke s.<java.lang.CharSequence: int length()>()
498, org.apache.http.client.utils.URLEncodedUtils, java.util.List splitSegments(java.lang.CharSequence;java.util.BitSet)_0, specialinvoke $stack6.<org.apache.http.message.ParserCursor: void <init>(int;int)>(0; $stack8)
499, org.apache.http.client.utils.URLEncodedUtils, java.util.List splitSegments(java.lang.CharSequence;java.util.BitSet)_0, $stack9 = virtualinvoke $stack6.<org.apache.http.message.ParserCursor: boolean atEnd()>()
500, org.apache.http.client.utils.URLEncodedUtils, java.util.List splitSegments(java.lang.CharSequence;java.util.BitSet)_0, if $stack9 == 0 goto $stack10 = virtualinvoke $stack6.<org.apache.http.message.ParserCursor: int getPos()>()
501, org.apache.http.client.utils.URLEncodedUtils, java.util.List splitSegments(java.lang.CharSequence;java.util.BitSet)_0, $stack10 = virtualinvoke $stack6.<org.apache.http.message.ParserCursor: int getPos()>()
502, org.apache.http.client.utils.URLEncodedUtils, java.util.List splitSegments(java.lang.CharSequence;java.util.BitSet)_0, $stack11 = interfaceinvoke s.<java.lang.CharSequence: char charAt(int)>($stack10)
503, org.apache.http.client.utils.URLEncodedUtils, java.util.List splitSegments(java.lang.CharSequence;java.util.BitSet)_0, $stack12 = virtualinvoke separators.<java.util.BitSet: boolean get(int)>($stack11)
504, org.apache.http.client.utils.URLEncodedUtils, java.util.List splitSegments(java.lang.CharSequence;java.util.BitSet)_0, if $stack12 == 0 goto $stack13 = new java.util.ArrayList
505, org.apache.http.client.utils.URLEncodedUtils, java.util.List splitSegments(java.lang.CharSequence;java.util.BitSet)_0, $stack13 = new java.util.ArrayList
506, org.apache.http.client.utils.URLEncodedUtils, java.util.List splitSegments(java.lang.CharSequence;java.util.BitSet)_0, specialinvoke $stack13.<java.util.ArrayList: void <init>()>()
507, org.apache.http.client.utils.URLEncodedUtils, java.util.List splitSegments(java.lang.CharSequence;java.util.BitSet)_0, $stack14 = new java.lang.StringBuilder
508, org.apache.http.client.utils.URLEncodedUtils, java.util.List splitSegments(java.lang.CharSequence;java.util.BitSet)_0, specialinvoke $stack14.<java.lang.StringBuilder: void <init>()>()
509, org.apache.http.client.utils.URLEncodedUtils, java.util.List splitSegments(java.lang.CharSequence;java.util.BitSet)_0, $stack15 = virtualinvoke $stack6.<org.apache.http.message.ParserCursor: boolean atEnd()>()
510, org.apache.http.client.utils.URLEncodedUtils, java.util.List splitSegments(java.lang.CharSequence;java.util.BitSet)_0, if $stack15 == 0 goto $stack16 = virtualinvoke $stack6.<org.apache.http.message.ParserCursor: int getPos()>()
511, org.apache.http.client.utils.URLEncodedUtils, java.util.List splitSegments(java.lang.CharSequence;java.util.BitSet)_0, $stack16 = virtualinvoke $stack6.<org.apache.http.message.ParserCursor: int getPos()>()
512, org.apache.http.client.utils.URLEncodedUtils, java.util.List splitSegments(java.lang.CharSequence;java.util.BitSet)_0, current = interfaceinvoke s.<java.lang.CharSequence: char charAt(int)>($stack16)
513, org.apache.http.client.utils.URLEncodedUtils, java.util.List splitSegments(java.lang.CharSequence;java.util.BitSet)_0, $stack18 = virtualinvoke separators.<java.util.BitSet: boolean get(int)>(current)
514, org.apache.http.client.utils.URLEncodedUtils, java.util.List splitSegments(java.lang.CharSequence;java.util.BitSet)_0, if $stack18 == 0 goto virtualinvoke $stack14.<java.lang.StringBuilder: java.lang.StringBuilder append(char)>(current)
515, org.apache.http.client.utils.URLEncodedUtils, java.util.List splitSegments(java.lang.CharSequence;java.util.BitSet)_0, virtualinvoke $stack14.<java.lang.StringBuilder: java.lang.StringBuilder append(char)>(current)
516, org.apache.http.client.utils.URLEncodedUtils, java.util.List splitSegments(java.lang.CharSequence;java.util.BitSet)_0, $stack20 = virtualinvoke $stack6.<org.apache.http.message.ParserCursor: int getPos()>()
517, org.apache.http.client.utils.URLEncodedUtils, java.util.List splitSegments(java.lang.CharSequence;java.util.BitSet)_0, $stack21 = $stack20 + 1
518, org.apache.http.client.utils.URLEncodedUtils, java.util.List splitSegments(java.lang.CharSequence;java.util.BitSet)_0, virtualinvoke $stack6.<org.apache.http.message.ParserCursor: void updatePos(int)>($stack21)
519, org.apache.http.client.utils.URLEncodedUtils, java.util.List splitSegments(java.lang.CharSequence;java.util.BitSet)_0, goto [?= return $stack13]
520, org.apache.http.client.utils.URLEncodedUtils, java.util.List splitSegments(java.lang.CharSequence;java.util.BitSet)_0, $stack15 = virtualinvoke $stack6.<org.apache.http.message.ParserCursor: boolean atEnd()>()
521, org.apache.http.client.utils.URLEncodedUtils, java.util.List splitSegments(java.lang.CharSequence;java.util.BitSet)_0, if $stack15 == 0 goto $stack16 = virtualinvoke $stack6.<org.apache.http.message.ParserCursor: int getPos()>()
522, org.apache.http.client.utils.URLEncodedUtils, java.util.List splitSegments(java.lang.CharSequence;java.util.BitSet)_0, $stack16 = virtualinvoke $stack6.<org.apache.http.message.ParserCursor: int getPos()>()
523, org.apache.http.client.utils.URLEncodedUtils, java.util.List splitSegments(java.lang.CharSequence;java.util.BitSet)_0, current = interfaceinvoke s.<java.lang.CharSequence: char charAt(int)>($stack16)
524, org.apache.http.client.utils.URLEncodedUtils, java.util.List splitSegments(java.lang.CharSequence;java.util.BitSet)_0, $stack18 = virtualinvoke separators.<java.util.BitSet: boolean get(int)>(current)
525, org.apache.http.client.utils.URLEncodedUtils, java.util.List splitSegments(java.lang.CharSequence;java.util.BitSet)_0, if $stack18 == 0 goto virtualinvoke $stack14.<java.lang.StringBuilder: java.lang.StringBuilder append(char)>(current)
526, org.apache.http.client.utils.URLEncodedUtils, java.util.List splitSegments(java.lang.CharSequence;java.util.BitSet)_0, virtualinvoke $stack14.<java.lang.StringBuilder: java.lang.StringBuilder append(char)>(current)
527, org.apache.http.client.utils.URLEncodedUtils, java.util.List splitSegments(java.lang.CharSequence;java.util.BitSet)_0, $stack20 = virtualinvoke $stack6.<org.apache.http.message.ParserCursor: int getPos()>()
528, org.apache.http.client.utils.URLEncodedUtils, java.util.List splitSegments(java.lang.CharSequence;java.util.BitSet)_0, $stack21 = $stack20 + 1
529, org.apache.http.client.utils.URLEncodedUtils, java.util.List splitSegments(java.lang.CharSequence;java.util.BitSet)_0, virtualinvoke $stack6.<org.apache.http.message.ParserCursor: void updatePos(int)>($stack21)
530, org.apache.http.client.utils.URLEncodedUtils, java.util.List splitSegments(java.lang.CharSequence;java.util.BitSet)_0, goto [?= return $stack13]
531, org.apache.http.client.utils.URLEncodedUtils, java.util.List splitSegments(java.lang.CharSequence;java.util.BitSet)_0, $stack15 = virtualinvoke $stack6.<org.apache.http.message.ParserCursor: boolean atEnd()>()
532, org.apache.http.client.utils.URLEncodedUtils, java.util.List splitSegments(java.lang.CharSequence;java.util.BitSet)_0, if $stack15 == 0 goto $stack16 = virtualinvoke $stack6.<org.apache.http.message.ParserCursor: int getPos()>()
533, org.apache.http.client.utils.URLEncodedUtils, java.util.List splitSegments(java.lang.CharSequence;java.util.BitSet)_0, $stack16 = virtualinvoke $stack6.<org.apache.http.message.ParserCursor: int getPos()>()
534, org.apache.http.client.utils.URLEncodedUtils, java.util.List splitSegments(java.lang.CharSequence;java.util.BitSet)_0, current = interfaceinvoke s.<java.lang.CharSequence: char charAt(int)>($stack16)
535, org.apache.http.client.utils.URLEncodedUtils, java.util.List splitSegments(java.lang.CharSequence;java.util.BitSet)_0, $stack18 = virtualinvoke separators.<java.util.BitSet: boolean get(int)>(current)
536, org.apache.http.client.utils.URLEncodedUtils, java.util.List splitSegments(java.lang.CharSequence;java.util.BitSet)_0, if $stack18 == 0 goto virtualinvoke $stack14.<java.lang.StringBuilder: java.lang.StringBuilder append(char)>(current)
537, org.apache.http.client.utils.URLEncodedUtils, java.util.List splitSegments(java.lang.CharSequence;java.util.BitSet)_0, virtualinvoke $stack14.<java.lang.StringBuilder: java.lang.StringBuilder append(char)>(current)
538, org.apache.http.client.utils.URLEncodedUtils, java.util.List splitSegments(java.lang.CharSequence;java.util.BitSet)_0, $stack20 = virtualinvoke $stack6.<org.apache.http.message.ParserCursor: int getPos()>()
539, org.apache.http.client.utils.URLEncodedUtils, java.util.List splitSegments(java.lang.CharSequence;java.util.BitSet)_0, $stack21 = $stack20 + 1
540, org.apache.http.client.utils.URLEncodedUtils, java.util.List splitSegments(java.lang.CharSequence;java.util.BitSet)_0, virtualinvoke $stack6.<org.apache.http.message.ParserCursor: void updatePos(int)>($stack21)
541, org.apache.http.client.utils.URLEncodedUtils, java.util.List splitSegments(java.lang.CharSequence;java.util.BitSet)_0, goto [?= return $stack13]
542, org.apache.http.client.utils.URLEncodedUtils, java.util.List splitSegments(java.lang.CharSequence;java.util.BitSet)_0, $stack15 = virtualinvoke $stack6.<org.apache.http.message.ParserCursor: boolean atEnd()>()
543, org.apache.http.client.utils.URLEncodedUtils, java.util.List splitSegments(java.lang.CharSequence;java.util.BitSet)_0, if $stack15 == 0 goto $stack16 = virtualinvoke $stack6.<org.apache.http.message.ParserCursor: int getPos()>()
544, org.apache.http.client.utils.URLEncodedUtils, java.util.List splitSegments(java.lang.CharSequence;java.util.BitSet)_0, $stack16 = virtualinvoke $stack6.<org.apache.http.message.ParserCursor: int getPos()>()
545, org.apache.http.client.utils.URLEncodedUtils, java.util.List splitSegments(java.lang.CharSequence;java.util.BitSet)_0, current = interfaceinvoke s.<java.lang.CharSequence: char charAt(int)>($stack16)
546, org.apache.http.client.utils.URLEncodedUtils, java.util.List splitSegments(java.lang.CharSequence;java.util.BitSet)_0, $stack18 = virtualinvoke separators.<java.util.BitSet: boolean get(int)>(current)
547, org.apache.http.client.utils.URLEncodedUtils, java.util.List splitSegments(java.lang.CharSequence;java.util.BitSet)_0, if $stack18 == 0 goto virtualinvoke $stack14.<java.lang.StringBuilder: java.lang.StringBuilder append(char)>(current)
548, org.apache.http.client.utils.URLEncodedUtils, java.util.List splitSegments(java.lang.CharSequence;java.util.BitSet)_0, virtualinvoke $stack14.<java.lang.StringBuilder: java.lang.StringBuilder append(char)>(current)
549, org.apache.http.client.utils.URLEncodedUtils, java.util.List splitSegments(java.lang.CharSequence;java.util.BitSet)_0, $stack20 = virtualinvoke $stack6.<org.apache.http.message.ParserCursor: int getPos()>()
550, org.apache.http.client.utils.URLEncodedUtils, java.util.List splitSegments(java.lang.CharSequence;java.util.BitSet)_0, $stack21 = $stack20 + 1
551, org.apache.http.client.utils.URLEncodedUtils, java.util.List splitSegments(java.lang.CharSequence;java.util.BitSet)_0, virtualinvoke $stack6.<org.apache.http.message.ParserCursor: void updatePos(int)>($stack21)
552, org.apache.http.client.utils.URLEncodedUtils, java.util.List splitSegments(java.lang.CharSequence;java.util.BitSet)_0, goto [?= return $stack13]
553, org.apache.http.client.utils.URLEncodedUtils, java.util.List splitSegments(java.lang.CharSequence;java.util.BitSet)_0, $stack15 = virtualinvoke $stack6.<org.apache.http.message.ParserCursor: boolean atEnd()>()
554, org.apache.http.client.utils.URLEncodedUtils, java.util.List splitSegments(java.lang.CharSequence;java.util.BitSet)_0, if $stack15 == 0 goto $stack16 = virtualinvoke $stack6.<org.apache.http.message.ParserCursor: int getPos()>()
555, org.apache.http.client.utils.URLEncodedUtils, java.util.List splitSegments(java.lang.CharSequence;java.util.BitSet)_0, $stack16 = virtualinvoke $stack6.<org.apache.http.message.ParserCursor: int getPos()>()
556, org.apache.http.client.utils.URLEncodedUtils, java.util.List splitSegments(java.lang.CharSequence;java.util.BitSet)_0, current = interfaceinvoke s.<java.lang.CharSequence: char charAt(int)>($stack16)
557, org.apache.http.client.utils.URLEncodedUtils, java.util.List splitSegments(java.lang.CharSequence;java.util.BitSet)_0, $stack18 = virtualinvoke separators.<java.util.BitSet: boolean get(int)>(current)
558, org.apache.http.client.utils.URLEncodedUtils, java.util.List splitSegments(java.lang.CharSequence;java.util.BitSet)_0, if $stack18 == 0 goto virtualinvoke $stack14.<java.lang.StringBuilder: java.lang.StringBuilder append(char)>(current)
559, org.apache.http.client.utils.URLEncodedUtils, java.util.List splitSegments(java.lang.CharSequence;java.util.BitSet)_0, virtualinvoke $stack14.<java.lang.StringBuilder: java.lang.StringBuilder append(char)>(current)
560, org.apache.http.client.utils.URLEncodedUtils, java.util.List splitSegments(java.lang.CharSequence;java.util.BitSet)_0, $stack20 = virtualinvoke $stack6.<org.apache.http.message.ParserCursor: int getPos()>()
561, org.apache.http.client.utils.URLEncodedUtils, java.util.List splitSegments(java.lang.CharSequence;java.util.BitSet)_0, $stack21 = $stack20 + 1
562, org.apache.http.client.utils.URLEncodedUtils, java.util.List splitSegments(java.lang.CharSequence;java.util.BitSet)_0, virtualinvoke $stack6.<org.apache.http.message.ParserCursor: void updatePos(int)>($stack21)
563, org.apache.http.client.utils.URLEncodedUtils, java.util.List splitSegments(java.lang.CharSequence;java.util.BitSet)_0, goto [?= return $stack13]
564, org.apache.http.client.utils.URLEncodedUtils, java.util.List splitSegments(java.lang.CharSequence;java.util.BitSet)_0, $stack15 = virtualinvoke $stack6.<org.apache.http.message.ParserCursor: boolean atEnd()>()
565, org.apache.http.client.utils.URLEncodedUtils, java.util.List splitSegments(java.lang.CharSequence;java.util.BitSet)_0, if $stack15 == 0 goto $stack16 = virtualinvoke $stack6.<org.apache.http.message.ParserCursor: int getPos()>()
566, org.apache.http.client.utils.URLEncodedUtils, java.util.List splitSegments(java.lang.CharSequence;java.util.BitSet)_0, $stack28 = virtualinvoke $stack14.<java.lang.StringBuilder: java.lang.String toString()>()
567, org.apache.http.client.utils.URLEncodedUtils, java.util.List splitSegments(java.lang.CharSequence;java.util.BitSet)_0, interfaceinvoke $stack13.<java.util.List: boolean add(java.lang.Object)>($stack28)
568, org.apache.http.client.utils.URLEncodedUtils, java.util.List splitSegments(java.lang.CharSequence;java.util.BitSet)_0, goto [?= return $stack13]
569, org.apache.http.client.utils.URLEncodedUtils, java.util.List splitSegments(java.lang.CharSequence;java.util.BitSet)_0 END, return $stack13
570, org.apache.http.client.utils.URLEncodedUtils, java.util.List splitPathSegments(java.lang.CharSequence)_0 END, return $stack2
571, org.apache.http.client.utils.URIBuilder, org.apache.http.client.utils.URIBuilder setPath(java.lang.String)_0, goto [?= $stack2 = virtualinvoke this.<org.apache.http.client.utils.URIBuilder: org.apache.http.client.utils.URIBuilder setPathSegments(java.util.List)>($stack3)]
572, org.apache.http.client.utils.URIBuilder, org.apache.http.client.utils.URIBuilder setPath(java.lang.String)_0, $stack2 = virtualinvoke this.<org.apache.http.client.utils.URIBuilder: org.apache.http.client.utils.URIBuilder setPathSegments(java.util.List)>($stack3)
573, org.apache.http.client.utils.URIBuilder, org.apache.http.client.utils.URIBuilder setPathSegments(java.util.List)_0, if pathSegments == null goto $stack3 = null
574, org.apache.http.client.utils.URIBuilder, org.apache.http.client.utils.URIBuilder setPathSegments(java.util.List)_0, $stack2 = interfaceinvoke pathSegments.<java.util.List: int size()>()
575, org.apache.http.client.utils.URIBuilder, org.apache.http.client.utils.URIBuilder setPathSegments(java.util.List)_0, if $stack2 <= 0 goto $stack3 = null
576, org.apache.http.client.utils.URIBuilder, org.apache.http.client.utils.URIBuilder setPathSegments(java.util.List)_0, $stack10 = new java.util.ArrayList
577, org.apache.http.client.utils.URIBuilder, org.apache.http.client.utils.URIBuilder setPathSegments(java.util.List)_0, stack3_{577} = Func_6_577({stack10_{576}})
578, org.apache.http.client.utils.URIBuilder, org.apache.http.client.utils.URIBuilder setPathSegments(java.util.List)_0, specialinvoke $stack10.<java.util.ArrayList: void <init>(java.util.Collection)>(pathSegments)
579, org.apache.http.client.utils.URIBuilder, org.apache.http.client.utils.URIBuilder setPathSegments(java.util.List)_0, goto [?= this.<org.apache.http.client.utils.URIBuilder: java.util.List pathSegments> = $stack3]
580, org.apache.http.client.utils.URIBuilder, org.apache.http.client.utils.URIBuilder setPathSegments(java.util.List)_0, this.<org.apache.http.client.utils.URIBuilder: java.util.List pathSegments> = $stack3
583, org.apache.http.client.utils.URIBuilder, org.apache.http.client.utils.URIBuilder setPathSegments(java.util.List)_0 END, this_{583} = Func_7_583({this.<org.apache.http.client.utils.URIBuilder: java.util.List pathSegments>_{580}, stack2_{572}})
584, org.apache.http.client.utils.URIBuilder, org.apache.http.client.utils.URIBuilder setPath(java.lang.String)_0 END, return $stack2
595, com.intuit.wasabi.export.rest.impl.DefaultRestEndPoint, java.net.URI getRestEndPointURI()_0, assignmentURI_{595} = Func_8_595({uri_{29}})
596, org.apache.http.client.utils.URIBuilder, java.net.URI build()_0, stack1_{596} = Func_8_596({uri_{29}})
597, org.apache.http.client.utils.URIBuilder, java.net.URI build()_0, stack2_{597} = Func_8_597({uri_{29}})
598, org.apache.http.client.utils.URIBuilder, java.lang.String buildString()_0, stack2_{598} = Func_8_598({uri_{29}})
603, org.apache.http.client.utils.URIBuilder, java.lang.String buildString()_0, stack79_{603} = Func_8_603({uri_{29}, this.<org.apache.http.client.utils.URIBuilder: java.lang.String scheme>_{39}})
683, org.apache.http.client.utils.URIBuilder, java.lang.String buildString()_0, stack57_{683} = Func_8_683({uri_{29}, stack2_{622}, this.<org.apache.http.client.utils.URIBuilder: java.lang.String host>_{44}, this.<org.apache.http.client.utils.URIBuilder: java.lang.String scheme>_{39}, this.<com.intuit.wasabi.export.rest.impl.DefaultRestEndPoint: com.intuit.wasabi.export.rest.RestEndPointConfiguration configuration>_{6}})
688, org.apache.http.client.utils.URIBuilder, java.lang.String buildString()_0, $stack8 = this.<org.apache.http.client.utils.URIBuilder: java.util.List pathSegments>
689, org.apache.http.client.utils.URIBuilder, java.lang.String buildString()_0, if $stack8 == null goto $stack9 = this.<org.apache.http.client.utils.URIBuilder: java.lang.String encodedQuery>
690, org.apache.http.client.utils.URIBuilder, java.lang.String buildString()_0, $stack38 = this.<org.apache.http.client.utils.URIBuilder: java.util.List pathSegments>
691, org.apache.http.client.utils.URIBuilder, java.lang.String buildString()_0, $stack39 = specialinvoke this.<org.apache.http.client.utils.URIBuilder: java.lang.String encodePath(java.util.List)>($stack38)
692, org.apache.http.client.utils.URIBuilder, java.lang.String encodePath(java.util.List)_0, $stack2 = this.<org.apache.http.client.utils.URIBuilder: java.nio.charset.Charset charset>
693, org.apache.http.client.utils.URIBuilder, java.lang.String encodePath(java.util.List)_0, if $stack2 == null goto $stack3 = <org.apache.http.Consts: java.nio.charset.Charset UTF_8>
694, org.apache.http.client.utils.URIBuilder, java.lang.String encodePath(java.util.List)_0, $stack3 = <org.apache.http.Consts: java.nio.charset.Charset UTF_8>
695, org.apache.http.client.utils.URIBuilder, java.lang.String encodePath(java.util.List)_0, $stack4 = staticinvoke <org.apache.http.client.utils.URLEncodedUtils: java.lang.String formatSegments(java.lang.Iterable;java.nio.charset.Charset)>(pathSegments; $stack3)
696, org.apache.http.client.utils.URLEncodedUtils, java.lang.String formatSegments(java.lang.Iterable;java.nio.charset.Charset)_0, staticinvoke <org.apache.http.util.Args: java.lang.Object notNull(java.lang.Object;java.lang.String)>(segments; "Segments")
697, org.apache.http.client.utils.URLEncodedUtils, java.lang.String formatSegments(java.lang.Iterable;java.nio.charset.Charset)_0, $stack6 = new java.lang.StringBuilder
698, org.apache.http.client.utils.URLEncodedUtils, java.lang.String formatSegments(java.lang.Iterable;java.nio.charset.Charset)_0, specialinvoke $stack6.<java.lang.StringBuilder: void <init>()>()
699, org.apache.http.client.utils.URLEncodedUtils, java.lang.String formatSegments(java.lang.Iterable;java.nio.charset.Charset)_0, l3 = interfaceinvoke segments.<java.lang.Iterable: java.util.Iterator iterator()>()
700, org.apache.http.client.utils.URLEncodedUtils, java.lang.String formatSegments(java.lang.Iterable;java.nio.charset.Charset)_0, $stack8 = interfaceinvoke l3.<java.util.Iterator: boolean hasNext()>()
701, org.apache.http.client.utils.URLEncodedUtils, java.lang.String formatSegments(java.lang.Iterable;java.nio.charset.Charset)_0, if $stack8 == 0 goto $stack9 = virtualinvoke $stack6.<java.lang.StringBuilder: java.lang.String toString()>()
702, org.apache.http.client.utils.URLEncodedUtils, java.lang.String formatSegments(java.lang.Iterable;java.nio.charset.Charset)_0, $stack10 = interfaceinvoke l3.<java.util.Iterator: java.lang.Object next()>()
703, org.apache.http.client.utils.URLEncodedUtils, java.lang.String formatSegments(java.lang.Iterable;java.nio.charset.Charset)_0, segment = (java.lang.String) $stack10
704, org.apache.http.client.utils.URLEncodedUtils, java.lang.String formatSegments(java.lang.Iterable;java.nio.charset.Charset)_0, $stack11 = virtualinvoke $stack6.<java.lang.StringBuilder: java.lang.StringBuilder append(char)>(47)
705, org.apache.http.client.utils.URLEncodedUtils, java.lang.String formatSegments(java.lang.Iterable;java.nio.charset.Charset)_0, $stack12 = <org.apache.http.client.utils.URLEncodedUtils: java.util.BitSet PATHSAFE>
706, org.apache.http.client.utils.URLEncodedUtils, java.lang.String formatSegments(java.lang.Iterable;java.nio.charset.Charset)_0, $stack13 = staticinvoke <org.apache.http.client.utils.URLEncodedUtils: java.lang.String urlEncode(java.lang.String;java.nio.charset.Charset;java.util.BitSet;boolean)>(segment; charset; $stack12; 0)
764, org.apache.http.client.utils.URLEncodedUtils, java.lang.String urlEncode(java.lang.String;java.nio.charset.Charset;java.util.BitSet;boolean)_0 END, stack12_{764} = Func_9_759({stack12_{705}, stack3_{694}, segment_{703}, stack13_{706}})
765, org.apache.http.client.utils.URLEncodedUtils, java.lang.String formatSegments(java.lang.Iterable;java.nio.charset.Charset)_0, virtualinvoke $stack11.<java.lang.StringBuilder: java.lang.StringBuilder append(java.lang.String)>($stack13)
766, org.apache.http.client.utils.URLEncodedUtils, java.lang.String formatSegments(java.lang.Iterable;java.nio.charset.Charset)_0, goto [?= $stack8 = interfaceinvoke l3.<java.util.Iterator: boolean hasNext()>()]
767, org.apache.http.client.utils.URLEncodedUtils, java.lang.String formatSegments(java.lang.Iterable;java.nio.charset.Charset)_0, $stack8 = interfaceinvoke l3.<java.util.Iterator: boolean hasNext()>()
768, org.apache.http.client.utils.URLEncodedUtils, java.lang.String formatSegments(java.lang.Iterable;java.nio.charset.Charset)_0, if $stack8 == 0 goto $stack9 = virtualinvoke $stack6.<java.lang.StringBuilder: java.lang.String toString()>()
769, org.apache.http.client.utils.URLEncodedUtils, java.lang.String formatSegments(java.lang.Iterable;java.nio.charset.Charset)_0, $stack9 = virtualinvoke $stack6.<java.lang.StringBuilder: java.lang.String toString()>()
770, org.apache.http.client.utils.URLEncodedUtils, java.lang.String formatSegments(java.lang.Iterable;java.nio.charset.Charset)_0 END, return $stack9
771, org.apache.http.client.utils.URIBuilder, java.lang.String encodePath(java.util.List)_0 END, return $stack4
772, org.apache.http.client.utils.URIBuilder, java.lang.String buildString()_0, virtualinvoke $stack2.<java.lang.StringBuilder: java.lang.StringBuilder append(java.lang.String)>($stack39)
775, org.apache.http.client.utils.URIBuilder, java.lang.String buildString()_0, $stack10 = this.<org.apache.http.client.utils.URIBuilder: java.util.List queryParams>
776, org.apache.http.client.utils.URIBuilder, java.lang.String buildString()_0, if $stack10 == null goto $stack11 = this.<org.apache.http.client.utils.URIBuilder: java.lang.String query>
788, com.intuit.wasabi.export.rest.impl.DefaultRestEndPoint, java.net.URI getRestEndPointURI()_0 END, assignmentURI_{788} = Func_11_783({stack57_{683}, stack1_{596}, assignmentURI_{595}, uri_{29}, stack79_{603}, stack2_{597}, stack2_{598}})
789, com.intuit.wasabi.export.rest.impl.DefaultRestEndPointTest, void testGetRestEndPointURI()_0, $stack23 = <java.lang.System: java.io.PrintStream out>
790, com.intuit.wasabi.export.rest.impl.DefaultRestEndPointTest, void testGetRestEndPointURI()_0, $stack24 = virtualinvoke uri.<java.net.URI: java.lang.String toString()>()
791, com.intuit.wasabi.export.rest.impl.DefaultRestEndPointTest, void testGetRestEndPointURI()_0, virtualinvoke $stack23.<java.io.PrintStream: void println(java.lang.String)>($stack24)
792, com.intuit.wasabi.export.rest.impl.DefaultRestEndPointTest, void testGetRestEndPointURI()_0, $stack25 = virtualinvoke uri.<java.net.URI: java.lang.String toString()>()
793, com.intuit.wasabi.export.rest.impl.DefaultRestEndPointTest, void testGetRestEndPointURI()_0, $stack26 = staticinvoke <org.assertj.core.api.BDDAssertions: org.assertj.core.api.AbstractCharSequenceAssert then(java.lang.String)>($stack25)
794, com.intuit.wasabi.export.rest.impl.DefaultRestEndPointTest, void testGetRestEndPointURI()_0, virtualinvoke $stack26.<org.assertj.core.api.AbstractCharSequenceAssert: org.assertj.core.api.AbstractAssert isEqualTo(java.lang.Object)>("http://host1:5path1")