0, void main(java.lang.String[]), org.modelmapper.dagger.DaggerIntegrationTest, $r0 = new org.modelmapper.dagger.DaggerIntegrationTest:LINENO:24:FILE:org.modelmapper.dagger.DaggerIntegrationTest:PRED:[]:SUCC:[1]:TID:1
1, void main(java.lang.String[]), org.modelmapper.dagger.DaggerIntegrationTest, specialinvoke $r0.<org.modelmapper.dagger.DaggerIntegrationTest: void <init>()>():LINENO:24:FILE:org.modelmapper.dagger.DaggerIntegrationTest:PRED:[0]:SUCC:[4, 2]:TID:1
2, void <init>(), org.modelmapper.dagger.DaggerIntegrationTest, specialinvoke r0.<java.lang.Object: void <init>()>():LINENO:17:FILE:org.modelmapper.dagger.DaggerIntegrationTest:PRED:[1]:SUCC:[3]:TID:1
3, void <init>(), org.modelmapper.dagger.DaggerIntegrationTest, return:LINENO:17:FILE:org.modelmapper.dagger.DaggerIntegrationTest:PRED:[2]:SUCC:[]:TID:1
4, void main(java.lang.String[]), org.modelmapper.dagger.DaggerIntegrationTest, $r2 = <java.lang.System: java.io.PrintStream out>:LINENO:25:FILE:org.modelmapper.dagger.DaggerIntegrationTest:PRED:[1]:SUCC:[5]:TID:1
5, void main(java.lang.String[]), org.modelmapper.dagger.DaggerIntegrationTest, virtualinvoke $r2.<java.io.PrintStream: void println(java.lang.String)>("Heel"):LINENO:25:FILE:org.modelmapper.dagger.DaggerIntegrationTest:PRED:[4]:SUCC:[6]:TID:1
6, void main(java.lang.String[]), org.modelmapper.dagger.DaggerIntegrationTest, virtualinvoke $r0.<org.modelmapper.dagger.DaggerIntegrationTest: void testFromDagger()>():LINENO:26:FILE:org.modelmapper.dagger.DaggerIntegrationTest:PRED:[5]:SUCC:[7]:TID:1
7, void testFromDagger(), org.modelmapper.dagger.DaggerIntegrationTest, $r0 = new org.modelmapper.dagger.DaggerIntegrationTest$1:LINENO:44:FILE:org.modelmapper.dagger.DaggerIntegrationTest:PRED:[6]:SUCC:[8]:TID:1
8, void testFromDagger(), org.modelmapper.dagger.DaggerIntegrationTest, specialinvoke $r0.<org.modelmapper.dagger.DaggerIntegrationTest$1: void <init>(org.modelmapper.dagger.DaggerIntegrationTest)>(r1):LINENO:44:FILE:org.modelmapper.dagger.DaggerIntegrationTest:PRED:[7]:SUCC:[14, 9]:TID:1
9, void <init>(org.modelmapper.dagger.DaggerIntegrationTest), org.modelmapper.dagger.DaggerIntegrationTest$1, r0.<org.modelmapper.dagger.DaggerIntegrationTest$1: org.modelmapper.dagger.DaggerIntegrationTest this$0> = r1:LINENO:44:FILE:org.modelmapper.dagger.DaggerIntegrationTest$1:PRED:[8]:SUCC:[10]:TID:1
10, void <init>(org.modelmapper.dagger.DaggerIntegrationTest), org.modelmapper.dagger.DaggerIntegrationTest$1, specialinvoke r0.<org.modelmapper.dagger.DaggerIntegrationTest$OrderDTO: void <init>()>():LINENO:44:FILE:org.modelmapper.dagger.DaggerIntegrationTest$1:PRED:[9]:SUCC:[13, 11]:TID:1
11, void <init>(), org.modelmapper.dagger.DaggerIntegrationTest$OrderDTO, specialinvoke r0.<java.lang.Object: void <init>()>():LINENO:21:FILE:org.modelmapper.dagger.DaggerIntegrationTest$OrderDTO:PRED:[10]:SUCC:[12]:TID:1
12, void <init>(), org.modelmapper.dagger.DaggerIntegrationTest$OrderDTO, return:LINENO:21:FILE:org.modelmapper.dagger.DaggerIntegrationTest$OrderDTO:PRED:[11]:SUCC:[]:TID:1
13, void <init>(org.modelmapper.dagger.DaggerIntegrationTest), org.modelmapper.dagger.DaggerIntegrationTest$1, return:LINENO:44:FILE:org.modelmapper.dagger.DaggerIntegrationTest$1:PRED:[10]:SUCC:[]:TID:1
14, void testFromDagger(), org.modelmapper.dagger.DaggerIntegrationTest, $r3 = newarray (java.lang.Object)[1]:LINENO:47:FILE:org.modelmapper.dagger.DaggerIntegrationTest:PRED:[8]:SUCC:[15]:TID:1
15, void testFromDagger(), org.modelmapper.dagger.DaggerIntegrationTest, $r4 = new org.modelmapper.dagger.DaggerIntegrationTest$WarehouseModule:LINENO:47:FILE:org.modelmapper.dagger.DaggerIntegrationTest:PRED:[14]:SUCC:[16]:TID:1
16, void testFromDagger(), org.modelmapper.dagger.DaggerIntegrationTest, specialinvoke $r4.<org.modelmapper.dagger.DaggerIntegrationTest$WarehouseModule: void <init>(org.modelmapper.dagger.DaggerIntegrationTest$OrderDTO)>($r0):LINENO:47:FILE:org.modelmapper.dagger.DaggerIntegrationTest:PRED:[15]:SUCC:[20, 17]:TID:1
17, void <init>(org.modelmapper.dagger.DaggerIntegrationTest$OrderDTO), org.modelmapper.dagger.DaggerIntegrationTest$WarehouseModule, specialinvoke r0.<java.lang.Object: void <init>()>():LINENO:33:FILE:org.modelmapper.dagger.DaggerIntegrationTest$WarehouseModule:PRED:[16]:SUCC:[18]:TID:1
18, void <init>(org.modelmapper.dagger.DaggerIntegrationTest$OrderDTO), org.modelmapper.dagger.DaggerIntegrationTest$WarehouseModule, r0.<org.modelmapper.dagger.DaggerIntegrationTest$WarehouseModule: org.modelmapper.dagger.DaggerIntegrationTest$OrderDTO orderDTO> = r1:FIELD:1118140819:LINENO:34:FILE:org.modelmapper.dagger.DaggerIntegrationTest$WarehouseModule:PRED:[17]:SUCC:[19]:TID:1
19, void <init>(org.modelmapper.dagger.DaggerIntegrationTest$OrderDTO), org.modelmapper.dagger.DaggerIntegrationTest$WarehouseModule, return:LINENO:35:FILE:org.modelmapper.dagger.DaggerIntegrationTest$WarehouseModule:PRED:[18]:SUCC:[]:TID:1
20, void testFromDagger(), org.modelmapper.dagger.DaggerIntegrationTest, $r3[0] = $r4:LINENO:47:FILE:org.modelmapper.dagger.DaggerIntegrationTest:PRED:[16]:SUCC:[21]:TID:1
21, void testFromDagger(), org.modelmapper.dagger.DaggerIntegrationTest, staticinvoke <dagger.ObjectGraph: dagger.ObjectGraph create(java.lang.Object[])>($r3):LINENO:47:FILE:org.modelmapper.dagger.DaggerIntegrationTest:PRED:[20]:SUCC:[22]:TID:1
22, dagger.ObjectGraph create(java.lang.Object[]), dagger.ObjectGraph, $r0 = new dagger.internal.FailoverLoader:LINENO:129:FILE:dagger.ObjectGraph:PRED:[21]:SUCC:[23]:TID:1
23, dagger.ObjectGraph create(java.lang.Object[]), dagger.ObjectGraph, specialinvoke $r0.<dagger.internal.FailoverLoader: void <init>()>():LINENO:129:FILE:dagger.ObjectGraph:PRED:[22]:SUCC:[62, 24]:TID:1
24, void <init>(), dagger.internal.FailoverLoader, specialinvoke r0.<dagger.internal.Loader: void <init>()>():LINENO:32:FILE:dagger.internal.FailoverLoader:PRED:[23]:SUCC:[25]:TID:1
25, void <init>(), dagger.internal.Loader, specialinvoke r0.<java.lang.Object: void <init>()>():LINENO:27:FILE:dagger.internal.Loader:PRED:[24]:SUCC:[26]:TID:1
26, void <init>(), dagger.internal.Loader, $r1 = new dagger.internal.Loader$1:LINENO:28:FILE:dagger.internal.Loader:PRED:[25]:SUCC:[27]:TID:1
27, void <init>(), dagger.internal.Loader, specialinvoke $r1.<dagger.internal.Loader$1: void <init>(dagger.internal.Loader)>(r0):LINENO:28:FILE:dagger.internal.Loader:PRED:[26]:SUCC:[28]:TID:1
28, void <init>(dagger.internal.Loader), dagger.internal.Loader$1, r0.<dagger.internal.Loader$1: dagger.internal.Loader this$0> = r1:LINENO:29:FILE:dagger.internal.Loader$1:PRED:[27]:SUCC:[29]:TID:1
29, void <init>(dagger.internal.Loader), dagger.internal.Loader$1, specialinvoke r0.<dagger.internal.Memoizer: void <init>()>():LINENO:29:FILE:dagger.internal.Loader$1:PRED:[28]:SUCC:[41, 44, 42, 30]:TID:1
30, void <init>(), dagger.internal.Memoizer, specialinvoke r0.<java.lang.Object: void <init>()>():LINENO:34:FILE:dagger.internal.Memoizer:PRED:[29]:SUCC:[31]:TID:1
31, void <init>(), dagger.internal.Memoizer, $r1 = new java.util.LinkedHashMap:LINENO:35:FILE:dagger.internal.Memoizer:PRED:[30]:SUCC:[32]:TID:1
32, void <init>(), dagger.internal.Memoizer, specialinvoke $r1.<java.util.LinkedHashMap: void <init>()>():LINENO:35:FILE:dagger.internal.Memoizer:PRED:[31]:SUCC:[33]:TID:1
33, void <init>(), dagger.internal.Memoizer, r0.<dagger.internal.Memoizer: java.util.Map map> = $r1:FIELD:2125039532:LINENO:35:FILE:dagger.internal.Memoizer:PRED:[32]:SUCC:[34]:TID:1
34, void <init>(), dagger.internal.Memoizer, $r2 = new java.util.concurrent.locks.ReentrantReadWriteLock:LINENO:36:FILE:dagger.internal.Memoizer:PRED:[33]:SUCC:[35]:TID:1
35, void <init>(), dagger.internal.Memoizer, specialinvoke $r2.<java.util.concurrent.locks.ReentrantReadWriteLock: void <init>()>():LINENO:36:FILE:dagger.internal.Memoizer:PRED:[34]:SUCC:[36]:TID:1
36, void <init>(), dagger.internal.Memoizer, $r4 = interfaceinvoke $r2.<java.util.concurrent.locks.ReadWriteLock: java.util.concurrent.locks.Lock readLock()>():LINENO:37:FILE:dagger.internal.Memoizer:PRED:[35]:SUCC:[37]:TID:1
37, void <init>(), dagger.internal.Memoizer, r0.<dagger.internal.Memoizer: java.util.concurrent.locks.Lock readLock> = $r4:FIELD:2125039532:LINENO:37:FILE:dagger.internal.Memoizer:PRED:[36]:SUCC:[38]:TID:1
38, void <init>(), dagger.internal.Memoizer, $r5 = interfaceinvoke $r2.<java.util.concurrent.locks.ReadWriteLock: java.util.concurrent.locks.Lock writeLock()>():LINENO:38:FILE:dagger.internal.Memoizer:PRED:[37]:SUCC:[39]:TID:1
39, void <init>(), dagger.internal.Memoizer, r0.<dagger.internal.Memoizer: java.util.concurrent.locks.Lock writeLock> = $r5:FIELD:2125039532:LINENO:38:FILE:dagger.internal.Memoizer:PRED:[38]:SUCC:[40]:TID:1
40, void <init>(), dagger.internal.Memoizer, return:LINENO:39:FILE:dagger.internal.Memoizer:PRED:[39]:SUCC:[]:TID:1
41, void <init>(dagger.internal.Loader), dagger.internal.Loader$1, return:LINENO:29:FILE:dagger.internal.Loader$1:PRED:[29]:SUCC:[]:TID:1
42, void <init>(), dagger.internal.Loader, r0.<dagger.internal.Loader: dagger.internal.Memoizer caches> = $r1:FIELD:1625635731:LINENO:28:FILE:dagger.internal.Loader:PRED:[29]:SUCC:[43]:TID:1
43, void <init>(), dagger.internal.Loader, return:LINENO:28:FILE:dagger.internal.Loader:PRED:[42]:SUCC:[]:TID:1
44, void <init>(), dagger.internal.FailoverLoader, $r1 = new dagger.internal.FailoverLoader$1:LINENO:39:FILE:dagger.internal.FailoverLoader:PRED:[29]:SUCC:[45]:TID:1
45, void <init>(), dagger.internal.FailoverLoader, specialinvoke $r1.<dagger.internal.FailoverLoader$1: void <init>(dagger.internal.FailoverLoader)>(r0):LINENO:39:FILE:dagger.internal.FailoverLoader:PRED:[44]:SUCC:[46]:TID:1
46, void <init>(dagger.internal.FailoverLoader), dagger.internal.FailoverLoader$1, r0.<dagger.internal.FailoverLoader$1: dagger.internal.FailoverLoader this$0> = r1:LINENO:40:FILE:dagger.internal.FailoverLoader$1:PRED:[45]:SUCC:[47]:TID:1
47, void <init>(dagger.internal.FailoverLoader), dagger.internal.FailoverLoader$1, specialinvoke r0.<dagger.internal.Memoizer: void <init>()>():LINENO:40:FILE:dagger.internal.FailoverLoader$1:PRED:[46]:SUCC:[59, 60, 48]:TID:1
48, void <init>(), dagger.internal.Memoizer, specialinvoke r0.<java.lang.Object: void <init>()>():LINENO:34:FILE:dagger.internal.Memoizer:PRED:[47]:SUCC:[49]:TID:1
49, void <init>(), dagger.internal.Memoizer, $r1 = new java.util.LinkedHashMap:LINENO:35:FILE:dagger.internal.Memoizer:PRED:[48]:SUCC:[50]:TID:1
50, void <init>(), dagger.internal.Memoizer, specialinvoke $r1.<java.util.LinkedHashMap: void <init>()>():LINENO:35:FILE:dagger.internal.Memoizer:PRED:[49]:SUCC:[51]:TID:1
51, void <init>(), dagger.internal.Memoizer, r0.<dagger.internal.Memoizer: java.util.Map map> = $r1:FIELD:491044090:LINENO:35:FILE:dagger.internal.Memoizer:PRED:[50]:SUCC:[52]:TID:1
52, void <init>(), dagger.internal.Memoizer, $r2 = new java.util.concurrent.locks.ReentrantReadWriteLock:LINENO:36:FILE:dagger.internal.Memoizer:PRED:[51]:SUCC:[53]:TID:1
53, void <init>(), dagger.internal.Memoizer, specialinvoke $r2.<java.util.concurrent.locks.ReentrantReadWriteLock: void <init>()>():LINENO:36:FILE:dagger.internal.Memoizer:PRED:[52]:SUCC:[54]:TID:1
54, void <init>(), dagger.internal.Memoizer, $r4 = interfaceinvoke $r2.<java.util.concurrent.locks.ReadWriteLock: java.util.concurrent.locks.Lock readLock()>():LINENO:37:FILE:dagger.internal.Memoizer:PRED:[53]:SUCC:[55]:TID:1
55, void <init>(), dagger.internal.Memoizer, r0.<dagger.internal.Memoizer: java.util.concurrent.locks.Lock readLock> = $r4:FIELD:491044090:LINENO:37:FILE:dagger.internal.Memoizer:PRED:[54]:SUCC:[56]:TID:1
56, void <init>(), dagger.internal.Memoizer, $r5 = interfaceinvoke $r2.<java.util.concurrent.locks.ReadWriteLock: java.util.concurrent.locks.Lock writeLock()>():LINENO:38:FILE:dagger.internal.Memoizer:PRED:[55]:SUCC:[57]:TID:1
57, void <init>(), dagger.internal.Memoizer, r0.<dagger.internal.Memoizer: java.util.concurrent.locks.Lock writeLock> = $r5:FIELD:491044090:LINENO:38:FILE:dagger.internal.Memoizer:PRED:[56]:SUCC:[58]:TID:1
58, void <init>(), dagger.internal.Memoizer, return:LINENO:39:FILE:dagger.internal.Memoizer:PRED:[57]:SUCC:[]:TID:1
59, void <init>(dagger.internal.FailoverLoader), dagger.internal.FailoverLoader$1, return:LINENO:40:FILE:dagger.internal.FailoverLoader$1:PRED:[47]:SUCC:[]:TID:1
60, void <init>(), dagger.internal.FailoverLoader, r0.<dagger.internal.FailoverLoader: dagger.internal.Memoizer loadedAdapters> = $r1:FIELD:1625635731:LINENO:39:FILE:dagger.internal.FailoverLoader:PRED:[47]:SUCC:[61]:TID:1
61, void <init>(), dagger.internal.FailoverLoader, return:LINENO:39:FILE:dagger.internal.FailoverLoader:PRED:[60]:SUCC:[]:TID:1
62, dagger.ObjectGraph create(java.lang.Object[]), dagger.ObjectGraph, $r2 = staticinvoke <dagger.ObjectGraph$DaggerObjectGraph: dagger.ObjectGraph makeGraph(dagger.ObjectGraph$DaggerObjectGraph;dagger.internal.Loader;java.lang.Object[])>(null; $r0; r1):LINENO:129:FILE:dagger.ObjectGraph:PRED:[23]:SUCC:[63]:TID:1
63, dagger.ObjectGraph makeGraph(dagger.ObjectGraph$DaggerObjectGraph;dagger.internal.Loader;java.lang.Object[]), dagger.ObjectGraph$DaggerObjectGraph, $r48 = new java.util.LinkedHashMap:LINENO:167:FILE:dagger.ObjectGraph$DaggerObjectGraph:PRED:[62]:SUCC:[64]:TID:-1
64, dagger.ObjectGraph makeGraph(dagger.ObjectGraph$DaggerObjectGraph;dagger.internal.Loader;java.lang.Object[]), dagger.ObjectGraph$DaggerObjectGraph, specialinvoke $r48.<java.util.LinkedHashMap: void <init>()>():LINENO:167:FILE:dagger.ObjectGraph$DaggerObjectGraph:PRED:[63]:SUCC:[65]:TID:-1
65, dagger.ObjectGraph makeGraph(dagger.ObjectGraph$DaggerObjectGraph;dagger.internal.Loader;java.lang.Object[]), dagger.ObjectGraph$DaggerObjectGraph, $r49 = new java.util.LinkedHashMap:LINENO:168:FILE:dagger.ObjectGraph$DaggerObjectGraph:PRED:[64]:SUCC:[66]:TID:-1
66, dagger.ObjectGraph makeGraph(dagger.ObjectGraph$DaggerObjectGraph;dagger.internal.Loader;java.lang.Object[]), dagger.ObjectGraph$DaggerObjectGraph, specialinvoke $r49.<java.util.LinkedHashMap: void <init>()>():LINENO:168:FILE:dagger.ObjectGraph$DaggerObjectGraph:PRED:[65]:SUCC:[67]:TID:-1
67, dagger.ObjectGraph makeGraph(dagger.ObjectGraph$DaggerObjectGraph;dagger.internal.Loader;java.lang.Object[]), dagger.ObjectGraph$DaggerObjectGraph, if r4 != null goto $r51 = new dagger.ObjectGraph$StandardBindings:LINENO:170:FILE:dagger.ObjectGraph$DaggerObjectGraph:PRED:[66]:SUCC:[68]:TID:-1
68, dagger.ObjectGraph makeGraph(dagger.ObjectGraph$DaggerObjectGraph;dagger.internal.Loader;java.lang.Object[]), dagger.ObjectGraph$DaggerObjectGraph, $r50 = new dagger.ObjectGraph$StandardBindings:LINENO:170:FILE:dagger.ObjectGraph$DaggerObjectGraph:PRED:[67]:SUCC:[69]:TID:-1
69, dagger.ObjectGraph makeGraph(dagger.ObjectGraph$DaggerObjectGraph;dagger.internal.Loader;java.lang.Object[]), dagger.ObjectGraph$DaggerObjectGraph, $r41 = $r50:FILE:dagger.ObjectGraph$DaggerObjectGraph:PRED:[68]:SUCC:[70]:TID:-1
70, dagger.ObjectGraph makeGraph(dagger.ObjectGraph$DaggerObjectGraph;dagger.internal.Loader;java.lang.Object[]), dagger.ObjectGraph$DaggerObjectGraph, specialinvoke $r50.<dagger.ObjectGraph$StandardBindings: void <init>()>():LINENO:170:FILE:dagger.ObjectGraph$DaggerObjectGraph:PRED:[69]:SUCC:[81, 71]:TID:-1
71, void <init>(), dagger.ObjectGraph$StandardBindings, specialinvoke r0.<dagger.internal.BindingsGroup: void <init>()>():LINENO:325:FILE:dagger.ObjectGraph$StandardBindings:PRED:[70]:SUCC:[77, 72]:TID:1
72, void <init>(), dagger.internal.BindingsGroup, specialinvoke r0.<java.lang.Object: void <init>()>():LINENO:28:FILE:dagger.internal.BindingsGroup:PRED:[71]:SUCC:[73]:TID:1
73, void <init>(), dagger.internal.BindingsGroup, $r1 = new java.util.LinkedHashMap:LINENO:29:FILE:dagger.internal.BindingsGroup:PRED:[72]:SUCC:[74]:TID:1
74, void <init>(), dagger.internal.BindingsGroup, specialinvoke $r1.<java.util.LinkedHashMap: void <init>()>():LINENO:29:FILE:dagger.internal.BindingsGroup:PRED:[73]:SUCC:[75]:TID:1
75, void <init>(), dagger.internal.BindingsGroup, r0.<dagger.internal.BindingsGroup: java.util.Map bindings> = $r1:FIELD:1175962212:LINENO:29:FILE:dagger.internal.BindingsGroup:PRED:[74]:SUCC:[76]:TID:1
76, void <init>(), dagger.internal.BindingsGroup, return:LINENO:29:FILE:dagger.internal.BindingsGroup:PRED:[75]:SUCC:[]:TID:1
77, void <init>(), dagger.ObjectGraph$StandardBindings, $r1 = new java.util.ArrayList:LINENO:326:FILE:dagger.ObjectGraph$StandardBindings:PRED:[71]:SUCC:[78]:TID:1
78, void <init>(), dagger.ObjectGraph$StandardBindings, specialinvoke $r1.<java.util.ArrayList: void <init>()>():LINENO:326:FILE:dagger.ObjectGraph$StandardBindings:PRED:[77]:SUCC:[79]:TID:1
79, void <init>(), dagger.ObjectGraph$StandardBindings, r0.<dagger.ObjectGraph$StandardBindings: java.util.List setBindings> = $r1:FIELD:1175962212:LINENO:326:FILE:dagger.ObjectGraph$StandardBindings:PRED:[78]:SUCC:[80]:TID:1
80, void <init>(), dagger.ObjectGraph$StandardBindings, return:LINENO:327:FILE:dagger.ObjectGraph$StandardBindings:PRED:[79]:SUCC:[]:TID:1
81, dagger.ObjectGraph makeGraph(dagger.ObjectGraph$DaggerObjectGraph;dagger.internal.Loader;java.lang.Object[]), dagger.ObjectGraph$DaggerObjectGraph, goto [?= r6 = $r41]:LINENO:170:FILE:dagger.ObjectGraph$DaggerObjectGraph:PRED:[70]:SUCC:[82]:TID:-1
82, dagger.ObjectGraph makeGraph(dagger.ObjectGraph$DaggerObjectGraph;dagger.internal.Loader;java.lang.Object[]), dagger.ObjectGraph$DaggerObjectGraph, r6 = $r41:LINENO:170:FILE:dagger.ObjectGraph$DaggerObjectGraph:PRED:[81]:SUCC:[83]:TID:-1
83, dagger.ObjectGraph makeGraph(dagger.ObjectGraph$DaggerObjectGraph;dagger.internal.Loader;java.lang.Object[]), dagger.ObjectGraph$DaggerObjectGraph, $r52 = new dagger.ObjectGraph$OverridesBindings:LINENO:172:FILE:dagger.ObjectGraph$DaggerObjectGraph:PRED:[82]:SUCC:[84]:TID:-1
84, dagger.ObjectGraph makeGraph(dagger.ObjectGraph$DaggerObjectGraph;dagger.internal.Loader;java.lang.Object[]), dagger.ObjectGraph$DaggerObjectGraph, specialinvoke $r52.<dagger.ObjectGraph$OverridesBindings: void <init>()>():LINENO:172:FILE:dagger.ObjectGraph$DaggerObjectGraph:PRED:[83]:SUCC:[92, 85]:TID:-1
85, void <init>(), dagger.ObjectGraph$OverridesBindings, specialinvoke r0.<dagger.internal.BindingsGroup: void <init>()>():LINENO:351:FILE:dagger.ObjectGraph$OverridesBindings:PRED:[84]:SUCC:[91, 86]:TID:1
86, void <init>(), dagger.internal.BindingsGroup, specialinvoke r0.<java.lang.Object: void <init>()>():LINENO:28:FILE:dagger.internal.BindingsGroup:PRED:[85]:SUCC:[87]:TID:1
87, void <init>(), dagger.internal.BindingsGroup, $r1 = new java.util.LinkedHashMap:LINENO:29:FILE:dagger.internal.BindingsGroup:PRED:[86]:SUCC:[88]:TID:1
88, void <init>(), dagger.internal.BindingsGroup, specialinvoke $r1.<java.util.LinkedHashMap: void <init>()>():LINENO:29:FILE:dagger.internal.BindingsGroup:PRED:[87]:SUCC:[89]:TID:1
89, void <init>(), dagger.internal.BindingsGroup, r0.<dagger.internal.BindingsGroup: java.util.Map bindings> = $r1:FIELD:2055281021:LINENO:29:FILE:dagger.internal.BindingsGroup:PRED:[88]:SUCC:[90]:TID:1
90, void <init>(), dagger.internal.BindingsGroup, return:LINENO:29:FILE:dagger.internal.BindingsGroup:PRED:[89]:SUCC:[]:TID:1
91, void <init>(), dagger.ObjectGraph$OverridesBindings, return:LINENO:351:FILE:dagger.ObjectGraph$OverridesBindings:PRED:[85]:SUCC:[]:TID:1
92, dagger.ObjectGraph makeGraph(dagger.ObjectGraph$DaggerObjectGraph;dagger.internal.Loader;java.lang.Object[]), dagger.ObjectGraph$DaggerObjectGraph, r11 = staticinvoke <dagger.internal.Modules: java.util.Map loadModules(dagger.internal.Loader;java.lang.Object[])>(r9; r10):LINENO:174:FILE:dagger.ObjectGraph$DaggerObjectGraph:PRED:[84]:SUCC:[93]:TID:-1
93, java.util.Map loadModules(dagger.internal.Loader;java.lang.Object[]), dagger.internal.Modules, $r0 = new java.util.LinkedHashMap:LINENO:36:FILE:dagger.internal.Modules:PRED:[92]:SUCC:[94]:TID:1
94, java.util.Map loadModules(dagger.internal.Loader;java.lang.Object[]), dagger.internal.Modules, $i0 = lengthof r1:LINENO:36:FILE:dagger.internal.Modules:PRED:[93]:SUCC:[95]:TID:1
95, java.util.Map loadModules(dagger.internal.Loader;java.lang.Object[]), dagger.internal.Modules, specialinvoke $r0.<java.util.LinkedHashMap: void <init>(int)>($i0):LINENO:36:FILE:dagger.internal.Modules:PRED:[94]:SUCC:[96]:TID:1
96, java.util.Map loadModules(dagger.internal.Loader;java.lang.Object[]), dagger.internal.Modules, i2 = 0:LINENO:38:FILE:dagger.internal.Modules:PRED:[95]:SUCC:[97]:TID:1
97, java.util.Map loadModules(dagger.internal.Loader;java.lang.Object[]), dagger.internal.Modules, $i1 = lengthof r1:LINENO:38:FILE:dagger.internal.Modules:PRED:[96]:SUCC:[98]:TID:1
98, java.util.Map loadModules(dagger.internal.Loader;java.lang.Object[]), dagger.internal.Modules, if i2 >= $i1 goto $r3 = new java.util.LinkedHashMap:LINENO:38:FILE:dagger.internal.Modules:PRED:[97]:SUCC:[99]:TID:1
99, java.util.Map loadModules(dagger.internal.Loader;java.lang.Object[]), dagger.internal.Modules, $r12 = r1[i2]:LINENO:39:FILE:dagger.internal.Modules:PRED:[98]:SUCC:[100]:TID:1
100, java.util.Map loadModules(dagger.internal.Loader;java.lang.Object[]), dagger.internal.Modules, $z3 = $r12 instanceof java.lang.Class:LINENO:39:FILE:dagger.internal.Modules:PRED:[99]:SUCC:[101]:TID:1
101, java.util.Map loadModules(dagger.internal.Loader;java.lang.Object[]), dagger.internal.Modules, if $z3 == 0 goto $r13 = r1[i2]:LINENO:39:FILE:dagger.internal.Modules:PRED:[100]:SUCC:[102]:TID:1
102, java.util.Map loadModules(dagger.internal.Loader;java.lang.Object[]), dagger.internal.Modules, $r13 = r1[i2]:LINENO:43:FILE:dagger.internal.Modules:PRED:[101]:SUCC:[103]:TID:1
103, java.util.Map loadModules(dagger.internal.Loader;java.lang.Object[]), dagger.internal.Modules, $r14 = virtualinvoke $r13.<java.lang.Object: java.lang.Class getClass()>():LINENO:43:FILE:dagger.internal.Modules:PRED:[102]:SUCC:[104]:TID:1
104, java.util.Map loadModules(dagger.internal.Loader;java.lang.Object[]), dagger.internal.Modules, r22 = virtualinvoke r11.<dagger.internal.Loader: dagger.internal.ModuleAdapter getModuleAdapter(java.lang.Class)>($r14):LINENO:43:FILE:dagger.internal.Modules:PRED:[103]:SUCC:[105]:TID:1
105, dagger.internal.ModuleAdapter getModuleAdapter(java.lang.Class), dagger.internal.FailoverLoader, $r2 = r0.<dagger.internal.FailoverLoader: dagger.internal.Memoizer loadedAdapters>:FIELD:1625635731:LINENO:57:FILE:dagger.internal.FailoverLoader:PRED:[104]:SUCC:[106]:TID:-1
106, dagger.internal.ModuleAdapter getModuleAdapter(java.lang.Class), dagger.internal.FailoverLoader, $r3 = virtualinvoke $r2.<dagger.internal.Memoizer: java.lang.Object get(java.lang.Object)>(r1):LINENO:57:FILE:dagger.internal.FailoverLoader:PRED:[105]:SUCC:[107]:TID:-1
107, java.lang.Object get(java.lang.Object), dagger.internal.Memoizer, if r0 != null goto $r2 = r1.<dagger.internal.Memoizer: java.util.concurrent.locks.Lock readLock>:LINENO:42:FILE:dagger.internal.Memoizer:PRED:[106]:SUCC:[108]:TID:-1
108, java.lang.Object get(java.lang.Object), dagger.internal.Memoizer, $r2 = r1.<dagger.internal.Memoizer: java.util.concurrent.locks.Lock readLock>:FIELD:491044090:LINENO:47:FILE:dagger.internal.Memoizer:PRED:[107]:SUCC:[109]:TID:-1
109, java.lang.Object get(java.lang.Object), dagger.internal.Memoizer, interfaceinvoke $r2.<java.util.concurrent.locks.Lock: void lock()>():LINENO:47:FILE:dagger.internal.Memoizer:PRED:[108]:SUCC:[110]:TID:-1
110, java.lang.Object get(java.lang.Object), dagger.internal.Memoizer, $r3 = r1.<dagger.internal.Memoizer: java.util.Map map>:FIELD:491044090:LINENO:49:FILE:dagger.internal.Memoizer:PRED:[109]:SUCC:[111]:TID:-1
111, java.lang.Object get(java.lang.Object), dagger.internal.Memoizer, r18 = interfaceinvoke $r3.<java.util.Map: java.lang.Object get(java.lang.Object)>(r0):LINENO:49:FILE:dagger.internal.Memoizer:PRED:[110]:SUCC:[112]:TID:-1
112, java.lang.Object get(java.lang.Object), dagger.internal.Memoizer, if r18 == null goto $r4 = r1.<dagger.internal.Memoizer: java.util.concurrent.locks.Lock readLock>:LINENO:50:FILE:dagger.internal.Memoizer:PRED:[111]:SUCC:[113]:TID:-1
113, java.lang.Object get(java.lang.Object), dagger.internal.Memoizer, $r4 = r1.<dagger.internal.Memoizer: java.util.concurrent.locks.Lock readLock>:FIELD:491044090:LINENO:54:FILE:dagger.internal.Memoizer:PRED:[112]:SUCC:[114]:TID:-1
114, java.lang.Object get(java.lang.Object), dagger.internal.Memoizer, interfaceinvoke $r4.<java.util.concurrent.locks.Lock: void unlock()>():LINENO:54:FILE:dagger.internal.Memoizer:PRED:[113]:SUCC:[115]:TID:-1
115, java.lang.Object get(java.lang.Object), dagger.internal.Memoizer, goto [?= r20 = virtualinvoke r1.<dagger.internal.Memoizer: java.lang.Object create(java.lang.Object)>(r0)]:LINENO:55:FILE:dagger.internal.Memoizer:PRED:[114]:SUCC:[116]:TID:-1
116, java.lang.Object get(java.lang.Object), dagger.internal.Memoizer, r20 = virtualinvoke r1.<dagger.internal.Memoizer: java.lang.Object create(java.lang.Object)>(r0):LINENO:58:FILE:dagger.internal.Memoizer:PRED:[115]:SUCC:[117]:TID:-1
117, java.lang.Object create(java.lang.Object), dagger.internal.FailoverLoader$1, $r2 = (java.lang.Class) r1:LINENO:40:FILE:dagger.internal.FailoverLoader$1:PRED:[116]:SUCC:[118]:TID:1
118, java.lang.Object create(java.lang.Object), dagger.internal.FailoverLoader$1, $r3 = virtualinvoke r0.<dagger.internal.FailoverLoader$1: dagger.internal.ModuleAdapter create(java.lang.Class)>($r2):LINENO:40:FILE:dagger.internal.FailoverLoader$1:PRED:[117]:SUCC:[119]:TID:1
119, dagger.internal.ModuleAdapter create(java.lang.Class), dagger.internal.FailoverLoader$1, $r2 = r0.<dagger.internal.FailoverLoader$1: dagger.internal.FailoverLoader this$0>:FIELD:491044090:LINENO:43:FILE:dagger.internal.FailoverLoader$1:PRED:[118]:SUCC:[120]:TID:-1
120, dagger.internal.ModuleAdapter create(java.lang.Class), dagger.internal.FailoverLoader$1, $r3 = virtualinvoke r1.<java.lang.Class: java.lang.String getName()>():LINENO:43:FILE:dagger.internal.FailoverLoader$1:PRED:[119]:SUCC:[121]:TID:-1
121, dagger.internal.ModuleAdapter create(java.lang.Class), dagger.internal.FailoverLoader$1, $r4 = virtualinvoke $r3.<java.lang.String: java.lang.String concat(java.lang.String)>("$$ModuleAdapter"):LINENO:43:FILE:dagger.internal.FailoverLoader$1:PRED:[120]:SUCC:[122]:TID:-1
122, dagger.internal.ModuleAdapter create(java.lang.Class), dagger.internal.FailoverLoader$1, $r5 = virtualinvoke r1.<java.lang.Class: java.lang.ClassLoader getClassLoader()>():LINENO:43:FILE:dagger.internal.FailoverLoader$1:PRED:[121]:SUCC:[123]:TID:-1
123, dagger.internal.ModuleAdapter create(java.lang.Class), dagger.internal.FailoverLoader$1, $r6 = virtualinvoke $r2.<dagger.internal.FailoverLoader: java.lang.Object instantiate(java.lang.String;java.lang.ClassLoader)>($r4; $r5):LINENO:43:FILE:dagger.internal.FailoverLoader$1:PRED:[122]:SUCC:[199, 124]:TID:-1
124, java.lang.Object instantiate(java.lang.String;java.lang.ClassLoader), dagger.internal.Loader, r16 = virtualinvoke r0.<dagger.internal.Loader: java.lang.Class loadClass(java.lang.ClassLoader;java.lang.String)>(r1; r2):LINENO:79:FILE:dagger.internal.Loader:PRED:[123]:SUCC:[197, 125]:TID:-1
125, java.lang.Class loadClass(java.lang.ClassLoader;java.lang.String), dagger.internal.Loader, if r7 == null goto $r8 = staticinvoke <java.lang.ClassLoader: java.lang.ClassLoader getSystemClassLoader()>():LINENO:69:FILE:dagger.internal.Loader:PRED:[124]:SUCC:[126]:TID:1
126, java.lang.Class loadClass(java.lang.ClassLoader;java.lang.String), dagger.internal.Loader, $r8 = r7:LINENO:69:FILE:dagger.internal.Loader:PRED:[125]:SUCC:[127]:TID:1
127, java.lang.Class loadClass(java.lang.ClassLoader;java.lang.String), dagger.internal.Loader, goto [?= $r1 = r0.<dagger.internal.Loader: dagger.internal.Memoizer caches>]:LINENO:69:FILE:dagger.internal.Loader:PRED:[126]:SUCC:[128]:TID:1
128, java.lang.Class loadClass(java.lang.ClassLoader;java.lang.String), dagger.internal.Loader, $r1 = r0.<dagger.internal.Loader: dagger.internal.Memoizer caches>:FIELD:1625635731:LINENO:70:FILE:dagger.internal.Loader:PRED:[127]:SUCC:[129]:TID:1
129, java.lang.Class loadClass(java.lang.ClassLoader;java.lang.String), dagger.internal.Loader, $r2 = virtualinvoke $r1.<dagger.internal.Memoizer: java.lang.Object get(java.lang.Object)>($r8):LINENO:70:FILE:dagger.internal.Loader:PRED:[128]:SUCC:[169, 130]:TID:1
130, java.lang.Object get(java.lang.Object), dagger.internal.Memoizer, if r0 != null goto $r2 = r1.<dagger.internal.Memoizer: java.util.concurrent.locks.Lock readLock>:LINENO:42:FILE:dagger.internal.Memoizer:PRED:[129]:SUCC:[131]:TID:-1
131, java.lang.Object get(java.lang.Object), dagger.internal.Memoizer, $r2 = r1.<dagger.internal.Memoizer: java.util.concurrent.locks.Lock readLock>:FIELD:2125039532:LINENO:47:FILE:dagger.internal.Memoizer:PRED:[130]:SUCC:[132]:TID:-1
132, java.lang.Object get(java.lang.Object), dagger.internal.Memoizer, interfaceinvoke $r2.<java.util.concurrent.locks.Lock: void lock()>():LINENO:47:FILE:dagger.internal.Memoizer:PRED:[131]:SUCC:[133]:TID:-1
133, java.lang.Object get(java.lang.Object), dagger.internal.Memoizer, $r3 = r1.<dagger.internal.Memoizer: java.util.Map map>:FIELD:2125039532:LINENO:49:FILE:dagger.internal.Memoizer:PRED:[132]:SUCC:[134]:TID:-1
134, java.lang.Object get(java.lang.Object), dagger.internal.Memoizer, r18 = interfaceinvoke $r3.<java.util.Map: java.lang.Object get(java.lang.Object)>(r0):LINENO:49:FILE:dagger.internal.Memoizer:PRED:[133]:SUCC:[135]:TID:-1
135, java.lang.Object get(java.lang.Object), dagger.internal.Memoizer, if r18 == null goto $r4 = r1.<dagger.internal.Memoizer: java.util.concurrent.locks.Lock readLock>:LINENO:50:FILE:dagger.internal.Memoizer:PRED:[134]:SUCC:[136]:TID:-1
136, java.lang.Object get(java.lang.Object), dagger.internal.Memoizer, $r4 = r1.<dagger.internal.Memoizer: java.util.concurrent.locks.Lock readLock>:FIELD:2125039532:LINENO:54:FILE:dagger.internal.Memoizer:PRED:[135]:SUCC:[137]:TID:-1
137, java.lang.Object get(java.lang.Object), dagger.internal.Memoizer, interfaceinvoke $r4.<java.util.concurrent.locks.Lock: void unlock()>():LINENO:54:FILE:dagger.internal.Memoizer:PRED:[136]:SUCC:[138]:TID:-1
138, java.lang.Object get(java.lang.Object), dagger.internal.Memoizer, goto [?= r20 = virtualinvoke r1.<dagger.internal.Memoizer: java.lang.Object create(java.lang.Object)>(r0)]:LINENO:55:FILE:dagger.internal.Memoizer:PRED:[137]:SUCC:[139]:TID:-1
139, java.lang.Object get(java.lang.Object), dagger.internal.Memoizer, r20 = virtualinvoke r1.<dagger.internal.Memoizer: java.lang.Object create(java.lang.Object)>(r0):LINENO:58:FILE:dagger.internal.Memoizer:PRED:[138]:SUCC:[161, 140]:TID:-1
140, java.lang.Object create(java.lang.Object), dagger.internal.Loader$1, $r2 = (java.lang.ClassLoader) r1:LINENO:29:FILE:dagger.internal.Loader$1:PRED:[139]:SUCC:[141]:TID:1
141, java.lang.Object create(java.lang.Object), dagger.internal.Loader$1, $r3 = virtualinvoke r0.<dagger.internal.Loader$1: dagger.internal.Memoizer create(java.lang.ClassLoader)>($r2):LINENO:29:FILE:dagger.internal.Loader$1:PRED:[140]:SUCC:[160, 142]:TID:1
142, dagger.internal.Memoizer create(java.lang.ClassLoader), dagger.internal.Loader$1, $r0 = new dagger.internal.Loader$1$1:LINENO:31:FILE:dagger.internal.Loader$1:PRED:[141]:SUCC:[143]:TID:1
143, dagger.internal.Memoizer create(java.lang.ClassLoader), dagger.internal.Loader$1, specialinvoke $r0.<dagger.internal.Loader$1$1: void <init>(dagger.internal.Loader$1;java.lang.ClassLoader)>(r1; r2):LINENO:31:FILE:dagger.internal.Loader$1:PRED:[142]:SUCC:[159, 144]:TID:1
144, void <init>(dagger.internal.Loader$1;java.lang.ClassLoader), dagger.internal.Loader$1$1, r0.<dagger.internal.Loader$1$1: dagger.internal.Loader$1 this$1> = r1:LINENO:31:FILE:dagger.internal.Loader$1$1:PRED:[143]:SUCC:[145]:TID:1
145, void <init>(dagger.internal.Loader$1;java.lang.ClassLoader), dagger.internal.Loader$1$1, r0.<dagger.internal.Loader$1$1: java.lang.ClassLoader val$classLoader> = r2:LINENO:31:FILE:dagger.internal.Loader$1$1:PRED:[144]:SUCC:[146]:TID:1
146, void <init>(dagger.internal.Loader$1;java.lang.ClassLoader), dagger.internal.Loader$1$1, specialinvoke r0.<dagger.internal.Memoizer: void <init>()>():LINENO:31:FILE:dagger.internal.Loader$1$1:PRED:[145]:SUCC:[158, 147]:TID:1
147, void <init>(), dagger.internal.Memoizer, specialinvoke r0.<java.lang.Object: void <init>()>():LINENO:34:FILE:dagger.internal.Memoizer:PRED:[146]:SUCC:[148]:TID:1
148, void <init>(), dagger.internal.Memoizer, $r1 = new java.util.LinkedHashMap:LINENO:35:FILE:dagger.internal.Memoizer:PRED:[147]:SUCC:[149]:TID:1
149, void <init>(), dagger.internal.Memoizer, specialinvoke $r1.<java.util.LinkedHashMap: void <init>()>():LINENO:35:FILE:dagger.internal.Memoizer:PRED:[148]:SUCC:[150]:TID:1
150, void <init>(), dagger.internal.Memoizer, r0.<dagger.internal.Memoizer: java.util.Map map> = $r1:FIELD:798154996:LINENO:35:FILE:dagger.internal.Memoizer:PRED:[149]:SUCC:[151]:TID:1
151, void <init>(), dagger.internal.Memoizer, $r2 = new java.util.concurrent.locks.ReentrantReadWriteLock:LINENO:36:FILE:dagger.internal.Memoizer:PRED:[150]:SUCC:[152]:TID:1
152, void <init>(), dagger.internal.Memoizer, specialinvoke $r2.<java.util.concurrent.locks.ReentrantReadWriteLock: void <init>()>():LINENO:36:FILE:dagger.internal.Memoizer:PRED:[151]:SUCC:[153]:TID:1
153, void <init>(), dagger.internal.Memoizer, $r4 = interfaceinvoke $r2.<java.util.concurrent.locks.ReadWriteLock: java.util.concurrent.locks.Lock readLock()>():LINENO:37:FILE:dagger.internal.Memoizer:PRED:[152]:SUCC:[154]:TID:1
154, void <init>(), dagger.internal.Memoizer, r0.<dagger.internal.Memoizer: java.util.concurrent.locks.Lock readLock> = $r4:FIELD:798154996:LINENO:37:FILE:dagger.internal.Memoizer:PRED:[153]:SUCC:[155]:TID:1
155, void <init>(), dagger.internal.Memoizer, $r5 = interfaceinvoke $r2.<java.util.concurrent.locks.ReadWriteLock: java.util.concurrent.locks.Lock writeLock()>():LINENO:38:FILE:dagger.internal.Memoizer:PRED:[154]:SUCC:[156]:TID:1
156, void <init>(), dagger.internal.Memoizer, r0.<dagger.internal.Memoizer: java.util.concurrent.locks.Lock writeLock> = $r5:FIELD:798154996:LINENO:38:FILE:dagger.internal.Memoizer:PRED:[155]:SUCC:[157]:TID:1
157, void <init>(), dagger.internal.Memoizer, return:LINENO:39:FILE:dagger.internal.Memoizer:PRED:[156]:SUCC:[]:TID:1
158, void <init>(dagger.internal.Loader$1;java.lang.ClassLoader), dagger.internal.Loader$1$1, return:LINENO:31:FILE:dagger.internal.Loader$1$1:PRED:[146]:SUCC:[]:TID:1
159, dagger.internal.Memoizer create(java.lang.ClassLoader), dagger.internal.Loader$1, return $r0:LINENO:31:FILE:dagger.internal.Loader$1:PRED:[143]:SUCC:[]:TID:1
160, java.lang.Object create(java.lang.Object), dagger.internal.Loader$1, return $r3:LINENO:29:FILE:dagger.internal.Loader$1:PRED:[141]:SUCC:[]:TID:1
161, java.lang.Object get(java.lang.Object), dagger.internal.Memoizer, if r20 != null goto $r5 = r1.<dagger.internal.Memoizer: java.util.concurrent.locks.Lock writeLock>:LINENO:59:FILE:dagger.internal.Memoizer:PRED:[139]:SUCC:[162]:TID:-1
162, java.lang.Object get(java.lang.Object), dagger.internal.Memoizer, $r5 = r1.<dagger.internal.Memoizer: java.util.concurrent.locks.Lock writeLock>:FIELD:2125039532:LINENO:64:FILE:dagger.internal.Memoizer:PRED:[161]:SUCC:[163]:TID:-1
163, java.lang.Object get(java.lang.Object), dagger.internal.Memoizer, interfaceinvoke $r5.<java.util.concurrent.locks.Lock: void lock()>():LINENO:64:FILE:dagger.internal.Memoizer:PRED:[162]:SUCC:[164]:TID:-1
164, java.lang.Object get(java.lang.Object), dagger.internal.Memoizer, $r6 = r1.<dagger.internal.Memoizer: java.util.Map map>:FIELD:2125039532:LINENO:66:FILE:dagger.internal.Memoizer:PRED:[163]:SUCC:[165]:TID:-1
165, java.lang.Object get(java.lang.Object), dagger.internal.Memoizer, interfaceinvoke $r6.<java.util.Map: java.lang.Object put(java.lang.Object;java.lang.Object)>(r0; r20):LINENO:66:FILE:dagger.internal.Memoizer:PRED:[164]:SUCC:[166]:TID:-1
166, java.lang.Object get(java.lang.Object), dagger.internal.Memoizer, $r8 = r1.<dagger.internal.Memoizer: java.util.concurrent.locks.Lock writeLock>:FIELD:2125039532:LINENO:69:FILE:dagger.internal.Memoizer:PRED:[165]:SUCC:[167]:TID:-1
167, java.lang.Object get(java.lang.Object), dagger.internal.Memoizer, interfaceinvoke $r8.<java.util.concurrent.locks.Lock: void unlock()>():LINENO:69:FILE:dagger.internal.Memoizer:PRED:[166]:SUCC:[168]:TID:-1
168, java.lang.Object get(java.lang.Object), dagger.internal.Memoizer, return r20:LINENO:67:FILE:dagger.internal.Memoizer:PRED:[167]:SUCC:[]:TID:-1
169, java.lang.Class loadClass(java.lang.ClassLoader;java.lang.String), dagger.internal.Loader, $r4 = (dagger.internal.Memoizer) $r2:LINENO:70:FILE:dagger.internal.Loader:PRED:[129]:SUCC:[170]:TID:1
170, java.lang.Class loadClass(java.lang.ClassLoader;java.lang.String), dagger.internal.Loader, $r5 = virtualinvoke $r4.<dagger.internal.Memoizer: java.lang.Object get(java.lang.Object)>(r3):LINENO:70:FILE:dagger.internal.Loader:PRED:[169]:SUCC:[195, 171]:TID:1
171, java.lang.Object get(java.lang.Object), dagger.internal.Memoizer, if r0 != null goto $r2 = r1.<dagger.internal.Memoizer: java.util.concurrent.locks.Lock readLock>:LINENO:42:FILE:dagger.internal.Memoizer:PRED:[170]:SUCC:[172]:TID:-1
172, java.lang.Object get(java.lang.Object), dagger.internal.Memoizer, $r2 = r1.<dagger.internal.Memoizer: java.util.concurrent.locks.Lock readLock>:FIELD:798154996:LINENO:47:FILE:dagger.internal.Memoizer:PRED:[171]:SUCC:[173]:TID:-1
173, java.lang.Object get(java.lang.Object), dagger.internal.Memoizer, interfaceinvoke $r2.<java.util.concurrent.locks.Lock: void lock()>():LINENO:47:FILE:dagger.internal.Memoizer:PRED:[172]:SUCC:[174]:TID:-1
174, java.lang.Object get(java.lang.Object), dagger.internal.Memoizer, $r3 = r1.<dagger.internal.Memoizer: java.util.Map map>:FIELD:798154996:LINENO:49:FILE:dagger.internal.Memoizer:PRED:[173]:SUCC:[175]:TID:-1
175, java.lang.Object get(java.lang.Object), dagger.internal.Memoizer, r18 = interfaceinvoke $r3.<java.util.Map: java.lang.Object get(java.lang.Object)>(r0):LINENO:49:FILE:dagger.internal.Memoizer:PRED:[174]:SUCC:[176]:TID:-1
176, java.lang.Object get(java.lang.Object), dagger.internal.Memoizer, if r18 == null goto $r4 = r1.<dagger.internal.Memoizer: java.util.concurrent.locks.Lock readLock>:LINENO:50:FILE:dagger.internal.Memoizer:PRED:[175]:SUCC:[177]:TID:-1
177, java.lang.Object get(java.lang.Object), dagger.internal.Memoizer, $r4 = r1.<dagger.internal.Memoizer: java.util.concurrent.locks.Lock readLock>:FIELD:798154996:LINENO:54:FILE:dagger.internal.Memoizer:PRED:[176]:SUCC:[178]:TID:-1
178, java.lang.Object get(java.lang.Object), dagger.internal.Memoizer, interfaceinvoke $r4.<java.util.concurrent.locks.Lock: void unlock()>():LINENO:54:FILE:dagger.internal.Memoizer:PRED:[177]:SUCC:[179]:TID:-1
179, java.lang.Object get(java.lang.Object), dagger.internal.Memoizer, goto [?= r20 = virtualinvoke r1.<dagger.internal.Memoizer: java.lang.Object create(java.lang.Object)>(r0)]:LINENO:55:FILE:dagger.internal.Memoizer:PRED:[178]:SUCC:[180]:TID:-1
180, java.lang.Object get(java.lang.Object), dagger.internal.Memoizer, r20 = virtualinvoke r1.<dagger.internal.Memoizer: java.lang.Object create(java.lang.Object)>(r0):LINENO:58:FILE:dagger.internal.Memoizer:PRED:[179]:SUCC:[187, 181]:TID:-1
181, java.lang.Object create(java.lang.Object), dagger.internal.Loader$1$1, $r2 = (java.lang.String) r1:LINENO:31:FILE:dagger.internal.Loader$1$1:PRED:[180]:SUCC:[182]:TID:1
182, java.lang.Object create(java.lang.Object), dagger.internal.Loader$1$1, $r3 = virtualinvoke r0.<dagger.internal.Loader$1$1: java.lang.Class create(java.lang.String)>($r2):LINENO:31:FILE:dagger.internal.Loader$1$1:PRED:[181]:SUCC:[186, 183]:TID:1
183, java.lang.Class create(java.lang.String), dagger.internal.Loader$1$1, $r2 = r0.<dagger.internal.Loader$1$1: java.lang.ClassLoader val$classLoader>:FIELD:798154996:LINENO:34:FILE:dagger.internal.Loader$1$1:PRED:[182]:SUCC:[184]:TID:-1
184, java.lang.Class create(java.lang.String), dagger.internal.Loader$1$1, $r3 = virtualinvoke $r2.<java.lang.ClassLoader: java.lang.Class loadClass(java.lang.String)>(r1):LINENO:34:FILE:dagger.internal.Loader$1$1:PRED:[183]:SUCC:[185]:TID:-1
185, java.lang.Class create(java.lang.String), dagger.internal.Loader$1$1, return class "Ljava/lang/Void;":LINENO:36:FILE:dagger.internal.Loader$1$1:PRED:[184]:SUCC:[]:TID:-1
186, java.lang.Object create(java.lang.Object), dagger.internal.Loader$1$1, return $r3:LINENO:31:FILE:dagger.internal.Loader$1$1:PRED:[182]:SUCC:[]:TID:1
187, java.lang.Object get(java.lang.Object), dagger.internal.Memoizer, if r20 != null goto $r5 = r1.<dagger.internal.Memoizer: java.util.concurrent.locks.Lock writeLock>:LINENO:59:FILE:dagger.internal.Memoizer:PRED:[180]:SUCC:[188]:TID:-1
188, java.lang.Object get(java.lang.Object), dagger.internal.Memoizer, $r5 = r1.<dagger.internal.Memoizer: java.util.concurrent.locks.Lock writeLock>:FIELD:798154996:LINENO:64:FILE:dagger.internal.Memoizer:PRED:[187]:SUCC:[189]:TID:-1
189, java.lang.Object get(java.lang.Object), dagger.internal.Memoizer, interfaceinvoke $r5.<java.util.concurrent.locks.Lock: void lock()>():LINENO:64:FILE:dagger.internal.Memoizer:PRED:[188]:SUCC:[190]:TID:-1
190, java.lang.Object get(java.lang.Object), dagger.internal.Memoizer, $r6 = r1.<dagger.internal.Memoizer: java.util.Map map>:FIELD:798154996:LINENO:66:FILE:dagger.internal.Memoizer:PRED:[189]:SUCC:[191]:TID:-1
191, java.lang.Object get(java.lang.Object), dagger.internal.Memoizer, interfaceinvoke $r6.<java.util.Map: java.lang.Object put(java.lang.Object;java.lang.Object)>(r0; r20):LINENO:66:FILE:dagger.internal.Memoizer:PRED:[190]:SUCC:[192]:TID:-1
192, java.lang.Object get(java.lang.Object), dagger.internal.Memoizer, $r8 = r1.<dagger.internal.Memoizer: java.util.concurrent.locks.Lock writeLock>:FIELD:798154996:LINENO:69:FILE:dagger.internal.Memoizer:PRED:[191]:SUCC:[193]:TID:-1
193, java.lang.Object get(java.lang.Object), dagger.internal.Memoizer, interfaceinvoke $r8.<java.util.concurrent.locks.Lock: void unlock()>():LINENO:69:FILE:dagger.internal.Memoizer:PRED:[192]:SUCC:[194]:TID:-1
194, java.lang.Object get(java.lang.Object), dagger.internal.Memoizer, return r20:LINENO:67:FILE:dagger.internal.Memoizer:PRED:[193]:SUCC:[]:TID:-1
195, java.lang.Class loadClass(java.lang.ClassLoader;java.lang.String), dagger.internal.Loader, $r6 = (java.lang.Class) $r5:LINENO:70:FILE:dagger.internal.Loader:PRED:[170]:SUCC:[196]:TID:1
196, java.lang.Class loadClass(java.lang.ClassLoader;java.lang.String), dagger.internal.Loader, return $r6:LINENO:70:FILE:dagger.internal.Loader:PRED:[195]:SUCC:[]:TID:1
197, java.lang.Object instantiate(java.lang.String;java.lang.ClassLoader), dagger.internal.Loader, if r16 != class "Ljava/lang/Void;" goto r3 = virtualinvoke r16.<java.lang.Class: java.lang.Object newInstance()>():LINENO:80:FILE:dagger.internal.Loader:PRED:[124]:SUCC:[198]:TID:-1
198, java.lang.Object instantiate(java.lang.String;java.lang.ClassLoader), dagger.internal.Loader, return null:LINENO:81:FILE:dagger.internal.Loader:PRED:[197]:SUCC:[]:TID:-1
199, dagger.internal.ModuleAdapter create(java.lang.Class), dagger.internal.FailoverLoader$1, r7 = (dagger.internal.ModuleAdapter) $r6:LINENO:43:FILE:dagger.internal.FailoverLoader$1:PRED:[123]:SUCC:[200]:TID:-1
200, dagger.internal.ModuleAdapter create(java.lang.Class), dagger.internal.FailoverLoader$1, if r7 != null goto return r7:LINENO:44:FILE:dagger.internal.FailoverLoader$1:PRED:[199]:SUCC:[201]:TID:-1
201, dagger.internal.ModuleAdapter create(java.lang.Class), dagger.internal.FailoverLoader$1, $r8 = new java.lang.IllegalStateException:LINENO:45:FILE:dagger.internal.FailoverLoader$1:PRED:[200]:SUCC:[202]:TID:-1
202, dagger.internal.ModuleAdapter create(java.lang.Class), dagger.internal.FailoverLoader$1, $r9 = new java.lang.StringBuilder:LINENO:45:FILE:dagger.internal.FailoverLoader$1:PRED:[201]:SUCC:[203]:TID:-1
203, dagger.internal.ModuleAdapter create(java.lang.Class), dagger.internal.FailoverLoader$1, specialinvoke $r9.<java.lang.StringBuilder: void <init>()>():LINENO:45:FILE:dagger.internal.FailoverLoader$1:PRED:[202]:SUCC:[204]:TID:-1
204, dagger.internal.ModuleAdapter create(java.lang.Class), dagger.internal.FailoverLoader$1, $r10 = virtualinvoke $r9.<java.lang.StringBuilder: java.lang.StringBuilder append(java.lang.String)>("Module adapter for "):LINENO:45:FILE:dagger.internal.FailoverLoader$1:PRED:[203]:SUCC:[205]:TID:-1
205, dagger.internal.ModuleAdapter create(java.lang.Class), dagger.internal.FailoverLoader$1, $r11 = virtualinvoke $r10.<java.lang.StringBuilder: java.lang.StringBuilder append(java.lang.Object)>(r1):LINENO:45:FILE:dagger.internal.FailoverLoader$1:PRED:[204]:SUCC:[206]:TID:-1
206, dagger.internal.ModuleAdapter create(java.lang.Class), dagger.internal.FailoverLoader$1, $r12 = virtualinvoke $r11.<java.lang.StringBuilder: java.lang.StringBuilder append(java.lang.String)>(" could not be loaded. Please ensure that code generation was run for this module."):LINENO:45:FILE:dagger.internal.FailoverLoader$1:PRED:[205]:SUCC:[207]:TID:-1
207, dagger.internal.ModuleAdapter create(java.lang.Class), dagger.internal.FailoverLoader$1, $r13 = virtualinvoke $r12.<java.lang.StringBuilder: java.lang.String toString()>():LINENO:45:FILE:dagger.internal.FailoverLoader$1:PRED:[206]:SUCC:[208]:TID:-1
208, dagger.internal.ModuleAdapter create(java.lang.Class), dagger.internal.FailoverLoader$1, specialinvoke $r8.<java.lang.IllegalStateException: void <init>(java.lang.String)>($r13):LINENO:45:FILE:dagger.internal.FailoverLoader$1:PRED:[207]:SUCC:[209]:TID:-1
209, dagger.internal.ModuleAdapter create(java.lang.Class), dagger.internal.FailoverLoader$1, throw $r8:LINENO:45:FILE:dagger.internal.FailoverLoader$1:PRED:[208]:SUCC:[]:TID:-1
