0, com.thoughtworks.xstream.io.json.Client, void <clinit>()_0, $stack0 = "{\'product\':{\'name\':\'Banana\';\'id\':123;\'price\':23}}"
1, com.thoughtworks.xstream.io.json.Client, void <clinit>()_0, $stack1 = virtualinvoke $stack0.<java.lang.String: java.lang.String replace(char;char)>(39; 34)
2, com.thoughtworks.xstream.io.json.Client, void <clinit>()_0, <com.thoughtworks.xstream.io.json.Client: java.lang.String SIMPLE> = $stack1
3, com.thoughtworks.xstream.io.json.Client, void <clinit>()_0, $stack2 = staticinvoke <com.thoughtworks.xstream.core.JVM: boolean is15()>()
17, com.thoughtworks.xstream.core.JVM, void <clinit>()_0, <com.thoughtworks.xstream.core.JVM: float majorJavaVersion>_{17} = Func_0_17({<com.thoughtworks.xstream.core.JVM: float majorJavaVersion>_{17}})
2706, com.thoughtworks.xstream.io.json.Client, void <clinit>()_0, if $stack2 == 0 goto $stack3 = "{\'category\':{\'name\':\'fruit\';\'id\':111;\'products\':{\'product\':[{\'name\':\'Banana\';\'id\':123;\'price\':23.01;\'tags\':{\'string\':[\'yellow\';\'fresh\';\'tasty\']}};{\'name\':\'Mango\';\'id\':124;\'price\':34.01}]}}}"
2707, com.thoughtworks.xstream.io.json.Client, void <clinit>()_0, $stack3 = "{\'category\':{\'name\':\'fruit\';\'id\':111;\'products\':[{\'product\':[{\'name\':\'Banana\';\'id\':123;\'price\':23.01;\'tags\':[{\'string\':[\'yellow\';\'fresh\';\'tasty\']}]};{\'name\':\'Mango\';\'id\':124;\'price\':34.01}]}]}}"
2708, com.thoughtworks.xstream.io.json.Client, void <clinit>()_0, goto [?= $stack4 = virtualinvoke $stack3.<java.lang.String: java.lang.String replace(char;char)>(39; 34)]
2709, com.thoughtworks.xstream.io.json.Client, void <clinit>()_0, $stack4 = virtualinvoke $stack3.<java.lang.String: java.lang.String replace(char;char)>(39; 34)
2710, com.thoughtworks.xstream.io.json.Client, void <clinit>()_0, <com.thoughtworks.xstream.io.json.Client: java.lang.String HIERARCHY> = $stack4
2711, com.thoughtworks.xstream.io.json.Client, void <clinit>()_0 END, return
2712, com.thoughtworks.xstream.io.json.Client, void main(java.lang.String[])_0, $stack3 = new com.thoughtworks.xstream.io.json.Client
2713, com.thoughtworks.xstream.io.json.Client, void main(java.lang.String[])_0, specialinvoke $stack3.<com.thoughtworks.xstream.io.json.Client: void <init>()>()
2714, com.thoughtworks.xstream.io.json.Client, void <init>()_0, specialinvoke this.<java.lang.Object: void <init>()>()
2715, com.thoughtworks.xstream.io.json.Client, void <init>()_0 END, return
2716, com.thoughtworks.xstream.io.json.Client, void main(java.lang.String[])_0, virtualinvoke $stack3.<com.thoughtworks.xstream.io.json.Client: void setUp()>()
2717, com.thoughtworks.xstream.io.json.Client, void setUp()_0, $stack1 = new com.thoughtworks.xstream.XStream
2718, com.thoughtworks.xstream.io.json.Client, void setUp()_0, $stack2 = new com.thoughtworks.xstream.io.json.JettisonMappedXmlDriver
2722, com.thoughtworks.xstream.io.json.Client, void setUp()_0, specialinvoke $stack2.<com.thoughtworks.xstream.io.json.JettisonMappedXmlDriver: void <init>()>()
2927, com.thoughtworks.xstream.io.json.Client, void setUp()_0, specialinvoke $stack1.<com.thoughtworks.xstream.XStream: void <init>(com.thoughtworks.xstream.io.HierarchicalStreamDriver)>($stack2)
32252, com.thoughtworks.xstream.io.json.Client, void setUp()_0, this.<com.thoughtworks.xstream.io.json.Client: com.thoughtworks.xstream.XStream xstream> = $stack1
32253, com.thoughtworks.xstream.io.json.Client, void setUp()_0, $stack3 = this.<com.thoughtworks.xstream.io.json.Client: com.thoughtworks.xstream.XStream xstream>
32254, com.thoughtworks.xstream.io.json.Client, void setUp()_0, staticinvoke <com.thoughtworks.xstream.XStream: void setupDefaultSecurity(com.thoughtworks.xstream.XStream)>($stack3)
33898, com.thoughtworks.xstream.io.json.Client, void setUp()_0, $stack6 = this.<com.thoughtworks.xstream.io.json.Client: com.thoughtworks.xstream.XStream xstream>
33899, com.thoughtworks.xstream.io.json.Client, void setUp()_0, $stack4 = newarray (java.lang.String)[2]
33900, com.thoughtworks.xstream.io.json.Client, void setUp()_0, $stack5 = new java.lang.StringBuffer
33901, com.thoughtworks.xstream.io.json.Client, void setUp()_0, specialinvoke $stack5.<java.lang.StringBuffer: void <init>()>()
33902, com.thoughtworks.xstream.io.json.Client, void setUp()_0, $stack8 = virtualinvoke this.<java.lang.Object: java.lang.Class getClass()>()
33903, com.thoughtworks.xstream.io.json.Client, void setUp()_0, $stack9 = virtualinvoke $stack8.<java.lang.Class: java.lang.String getName()>()
33904, com.thoughtworks.xstream.io.json.Client, void setUp()_0, $stack10 = virtualinvoke $stack5.<java.lang.StringBuffer: java.lang.StringBuffer append(java.lang.String)>($stack9)
33905, com.thoughtworks.xstream.io.json.Client, void setUp()_0, $stack11 = virtualinvoke $stack10.<java.lang.StringBuffer: java.lang.StringBuffer append(java.lang.String)>("$*")
33906, com.thoughtworks.xstream.io.json.Client, void setUp()_0, $stack12 = virtualinvoke $stack11.<java.lang.StringBuffer: java.lang.String toString()>()
33907, com.thoughtworks.xstream.io.json.Client, void setUp()_0, $stack4[0] = $stack12
33908, com.thoughtworks.xstream.io.json.Client, void setUp()_0, $stack4[1] = "com.thoughtworks.acceptance.objects.*"
33909, com.thoughtworks.xstream.io.json.Client, void setUp()_0, virtualinvoke $stack6.<com.thoughtworks.xstream.XStream: void allowTypesByWildcard(java.lang.String[])>($stack4)
34700, com.thoughtworks.xstream.io.json.Client, void setUp()_0, $stack15 = this.<com.thoughtworks.xstream.io.json.Client: com.thoughtworks.xstream.XStream xstream>
34701, com.thoughtworks.xstream.io.json.Client, void setUp()_0, $stack13 = <com.thoughtworks.xstream.io.json.Client: java.lang.Class class$com$thoughtworks$acceptance$objects$Category>
34702, com.thoughtworks.xstream.io.json.Client, void setUp()_0, if $stack13 != null goto $stack14 = <com.thoughtworks.xstream.io.json.Client: java.lang.Class class$com$thoughtworks$acceptance$objects$Category>
34703, com.thoughtworks.xstream.io.json.Client, void setUp()_0, $stack14 = staticinvoke <com.thoughtworks.xstream.io.json.Client: java.lang.Class class$(java.lang.String)>("com.thoughtworks.acceptance.objects.Category")
34704, com.thoughtworks.xstream.io.json.Client, java.lang.Class class$(java.lang.String)_0, $stack2 = staticinvoke <java.lang.Class: java.lang.Class forName(java.lang.String)>(x0)
34705, com.thoughtworks.xstream.io.json.Client, java.lang.Class class$(java.lang.String)_0 END, return $stack2
34706, com.thoughtworks.xstream.io.json.Client, void setUp()_0, <com.thoughtworks.xstream.io.json.Client: java.lang.Class class$com$thoughtworks$acceptance$objects$Category> = $stack14
34707, com.thoughtworks.xstream.io.json.Client, void setUp()_0, goto [?= virtualinvoke $stack15.<com.thoughtworks.xstream.XStream: void alias(java.lang.String;java.lang.Class)>("category"; $stack14)]
34708, com.thoughtworks.xstream.io.json.Client, void setUp()_0, virtualinvoke $stack15.<com.thoughtworks.xstream.XStream: void alias(java.lang.String;java.lang.Class)>("category"; $stack14)
34721, com.thoughtworks.xstream.io.json.Client, void setUp()_0, $stack18 = this.<com.thoughtworks.xstream.io.json.Client: com.thoughtworks.xstream.XStream xstream>
34722, com.thoughtworks.xstream.io.json.Client, void setUp()_0, $stack16 = <com.thoughtworks.xstream.io.json.Client: java.lang.Class class$com$thoughtworks$acceptance$objects$Product>
34723, com.thoughtworks.xstream.io.json.Client, void setUp()_0, if $stack16 != null goto $stack17 = <com.thoughtworks.xstream.io.json.Client: java.lang.Class class$com$thoughtworks$acceptance$objects$Product>
34724, com.thoughtworks.xstream.io.json.Client, void setUp()_0, $stack17 = staticinvoke <com.thoughtworks.xstream.io.json.Client: java.lang.Class class$(java.lang.String)>("com.thoughtworks.acceptance.objects.Product")
34725, com.thoughtworks.xstream.io.json.Client, java.lang.Class class$(java.lang.String)_1, $stack2 = staticinvoke <java.lang.Class: java.lang.Class forName(java.lang.String)>(x0)
34726, com.thoughtworks.xstream.io.json.Client, java.lang.Class class$(java.lang.String)_1 END, return $stack2
34727, com.thoughtworks.xstream.io.json.Client, void setUp()_0, <com.thoughtworks.xstream.io.json.Client: java.lang.Class class$com$thoughtworks$acceptance$objects$Product> = $stack17
34728, com.thoughtworks.xstream.io.json.Client, void setUp()_0, goto [?= virtualinvoke $stack15.<com.thoughtworks.xstream.XStream: void alias(java.lang.String;java.lang.Class)>("category"; $stack14)]
34729, com.thoughtworks.xstream.io.json.Client, void setUp()_0, virtualinvoke $stack18.<com.thoughtworks.xstream.XStream: void alias(java.lang.String;java.lang.Class)>("product"; $stack17)
34742, com.thoughtworks.xstream.io.json.Client, void setUp()_0 END, return
34743, com.thoughtworks.xstream.io.json.Client, void main(java.lang.String[])_0, virtualinvoke $stack3.<com.thoughtworks.xstream.io.json.Client: void testSingletonListWithSimpleObject()>()
34744, com.thoughtworks.xstream.io.json.Client, void testSingletonListWithSimpleObject()_0, $stack4 = new java.util.ArrayList
34745, com.thoughtworks.xstream.io.json.Client, void testSingletonListWithSimpleObject()_0, specialinvoke $stack4.<java.util.ArrayList: void <init>()>()
34746, com.thoughtworks.xstream.io.json.Client, void testSingletonListWithSimpleObject()_0, virtualinvoke $stack4.<java.util.ArrayList: boolean add(java.lang.Object)>("one")
34747, com.thoughtworks.xstream.io.json.Client, void testSingletonListWithSimpleObject()_0, $stack6 = this.<com.thoughtworks.xstream.io.json.Client: com.thoughtworks.xstream.XStream xstream>
34748, com.thoughtworks.xstream.io.json.Client, void testSingletonListWithSimpleObject()_0, json = virtualinvoke $stack6.<com.thoughtworks.xstream.XStream: java.lang.String toXML(java.lang.Object)>($stack4)
39827, com.thoughtworks.xstream.XStream, java.lang.String toXML(java.lang.Object)_0 END, stack4_{39827} = Func_8_39658({json_{34748}})
39828, com.thoughtworks.xstream.io.json.Client, void testSingletonListWithSimpleObject()_0, $stack8 = staticinvoke <com.thoughtworks.xstream.core.JVM: boolean is15()>()
39844, com.thoughtworks.xstream.core.JVM, boolean is15()_2 END, stack0_{39844} = Func_9_39675({<com.thoughtworks.xstream.core.JVM: float majorJavaVersion>_{17}, stack8_{39828}})
39845, com.thoughtworks.xstream.io.json.Client, void testSingletonListWithSimpleObject()_0, if $stack8 == 0 goto $stack9 = "{\'list\':{\'string\':[\'one\']}}"
39846, com.thoughtworks.xstream.io.json.Client, void testSingletonListWithSimpleObject()_0, $stack9 = "{\'list\':[{\'string\':\'one\'}]}"
39847, com.thoughtworks.xstream.io.json.Client, void testSingletonListWithSimpleObject()_0, goto [?= $stack10 = virtualinvoke $stack9.<java.lang.String: java.lang.String replace(char;char)>(39; 34)]
39848, com.thoughtworks.xstream.io.json.Client, void testSingletonListWithSimpleObject()_0, $stack10 = virtualinvoke $stack9.<java.lang.String: java.lang.String replace(char;char)>(39; 34)
39849, com.thoughtworks.xstream.io.json.Client, void testSingletonListWithSimpleObject()_0, specialinvoke this.<com.thoughtworks.xstream.io.json.Client: void assertEquals(java.lang.Object;java.lang.Object)>($stack10; json)
39850, com.thoughtworks.xstream.io.json.Client, void assertEquals(java.lang.Object;java.lang.Object)_0, $stack3 = virtualinvoke o1.<java.lang.Object: boolean equals(java.lang.Object)>(o2)
39851, com.thoughtworks.xstream.io.json.Client, void assertEquals(java.lang.Object;java.lang.Object)_0, if $stack3 != 0 goto return
39852, com.thoughtworks.xstream.io.json.Client, void assertEquals(java.lang.Object;java.lang.Object)_0 END, return
39853, com.thoughtworks.xstream.io.json.Client, void testSingletonListWithSimpleObject()_0, $stack11 = this.<com.thoughtworks.xstream.io.json.Client: com.thoughtworks.xstream.XStream xstream>
39854, com.thoughtworks.xstream.io.json.Client, void testSingletonListWithSimpleObject()_0, $stack12 = virtualinvoke $stack11.<com.thoughtworks.xstream.XStream: java.lang.Object fromXML(java.lang.String)>(json)
45190, com.thoughtworks.xstream.XStream, java.lang.Object fromXML(java.lang.String)_0 END, stack3_{45190} = Func_10_45017({stack12_{39854}})
45191, com.thoughtworks.xstream.io.json.Client, void testSingletonListWithSimpleObject()_0, list2 = (java.util.ArrayList) $stack12
45192, com.thoughtworks.xstream.io.json.Client, void testSingletonListWithSimpleObject()_0, $stack13 = this.<com.thoughtworks.xstream.io.json.Client: com.thoughtworks.xstream.XStream xstream>
45193, com.thoughtworks.xstream.io.json.Client, void testSingletonListWithSimpleObject()_0, $stack14 = virtualinvoke $stack13.<com.thoughtworks.xstream.XStream: java.lang.String toXML(java.lang.Object)>(list2)
47337, com.thoughtworks.xstream.XStream, java.lang.String toXML(java.lang.Object)_1 END, stack4_{47337} = Func_11_47160({stack14_{45193}})
47338, com.thoughtworks.xstream.io.json.Client, void testSingletonListWithSimpleObject()_0, specialinvoke this.<com.thoughtworks.xstream.io.json.Client: void assertEquals(java.lang.Object;java.lang.Object)>(json; $stack14)
47339, com.thoughtworks.xstream.io.json.Client, void assertEquals(java.lang.Object;java.lang.Object)_1, $stack3 = virtualinvoke o1.<java.lang.Object: boolean equals(java.lang.Object)>(o2)
47340, com.thoughtworks.xstream.io.json.Client, void assertEquals(java.lang.Object;java.lang.Object)_1, if $stack3 != 0 goto return
47341, com.thoughtworks.xstream.io.json.Client, void assertEquals(java.lang.Object;java.lang.Object)_1, $stack4 = new java.lang.Error
47342, com.thoughtworks.xstream.io.json.Client, void assertEquals(java.lang.Object;java.lang.Object)_1, specialinvoke $stack4.<java.lang.Error: void <init>(java.lang.String)>("Not equal!")
47343, com.thoughtworks.xstream.io.json.Client, void assertEquals(java.lang.Object;java.lang.Object)_1 END, throw $stack4